[35m[1mConsolidate compiler generated dependencies of target yolov8_def__rosidl_generator_c[0m
[  2%] Built target yolov8_def__cpp
[ 12%] Built target yolov8_def__rosidl_generator_c
[ 12%] Built target ament_cmake_python_copy_yolov8_def
[35m[1mConsolidate compiler generated dependencies of target yolov8_def__rosidl_typesupport_cpp[0m
[35m[1mConsolidate compiler generated dependencies of target yolov8_def__rosidl_typesupport_introspection_cpp[0m
[35m[1mConsolidate compiler generated dependencies of target yolov8_def__rosidl_typesupport_fastrtps_cpp[0m
[35m[1mConsolidate compiler generated dependencies of target yolov8_def__rosidl_typesupport_c[0m
[35m[1mConsolidate compiler generated dependencies of target yolov8_def__rosidl_typesupport_fastrtps_c[0m
[35m[1mConsolidate compiler generated dependencies of target yolov8_def__rosidl_typesupport_introspection_c[0m
[ 23%] Built target yolov8_def__rosidl_typesupport_introspection_c
[ 34%] Built target yolov8_def__rosidl_typesupport_c
[ 44%] Built target yolov8_def__rosidl_typesupport_cpp
[ 55%] Built target yolov8_def__rosidl_typesupport_introspection_cpp
[ 65%] Built target yolov8_def__rosidl_typesupport_fastrtps_cpp
[ 76%] Built target yolov8_def__rosidl_typesupport_fastrtps_c
[ 76%] Built target yolov8_def
[ 78%] Built target yolov8_def__py
[35m[1mConsolidate compiler generated dependencies of target yolov8_def__rosidl_generator_py[0m
[ 87%] Built target yolov8_def__rosidl_generator_py
[35m[1mConsolidate compiler generated dependencies of target yolov8_def__rosidl_typesupport_c__pyext[0m
[35m[1mConsolidate compiler generated dependencies of target yolov8_def__rosidl_typesupport_fastrtps_c__pyext[0m
[35m[1mConsolidate compiler generated dependencies of target yolov8_def__rosidl_typesupport_introspection_c__pyext[0m
[100%] Built target yolov8_def__rosidl_typesupport_introspection_c__pyext
[100%] Built target yolov8_def__rosidl_typesupport_c__pyext
[100%] Built target yolov8_def__rosidl_typesupport_fastrtps_c__pyext
running egg_info
writing yolov8_def.egg-info/PKG-INFO
writing dependency_links to yolov8_def.egg-info/dependency_links.txt
writing top-level names to yolov8_def.egg-info/top_level.txt
reading manifest file 'yolov8_def.egg-info/SOURCES.txt'
writing manifest file 'yolov8_def.egg-info/SOURCES.txt'
[100%] Built target ament_cmake_python_build_yolov8_def_egg
-- Install configuration: ""
-- Up-to-date: /home/synaaa/object_detection_test/install/yolov8_def/share/ament_index/resource_index/rosidl_interfaces/yolov8_def
-- Up-to-date: /home/synaaa/object_detection_test/install/yolov8_def/include/yolov8_def/yolov8_def
-- Up-to-date: /home/synaaa/object_detection_test/install/yolov8_def/include/yolov8_def/yolov8_def/msg
-- Up-to-date: /home/synaaa/object_detection_test/install/yolov8_def/include/yolov8_def/yolov8_def/msg/yolo_raw_info.h
-- Up-to-date: /home/synaaa/object_detection_test/install/yolov8_def/include/yolov8_def/yolov8_def/msg/target_offset.h
-- Up-to-date: /home/synaaa/object_detection_test/install/yolov8_def/include/yolov8_def/yolov8_def/msg/rosidl_generator_c__visibility_control.h
-- Up-to-date: /home/synaaa/object_detection_test/install/yolov8_def/include/yolov8_def/yolov8_def/msg/detail
-- Up-to-date: /home/synaaa/object_detection_test/install/yolov8_def/include/yolov8_def/yolov8_def/msg/detail/yolo_raw_info__functions.c
-- Up-to-date: /home/synaaa/object_detection_test/install/yolov8_def/include/yolov8_def/yolov8_def/msg/detail/boundingboxresult__functions.h
-- Up-to-date: /home/synaaa/object_detection_test/install/yolov8_def/include/yolov8_def/yolov8_def/msg/detail/yolo_raw_info__struct.h
-- Up-to-date: /home/synaaa/object_detection_test/install/yolov8_def/include/yolov8_def/yolov8_def/msg/detail/boundingboxresult__struct.h
-- Up-to-date: /home/synaaa/object_detection_test/install/yolov8_def/include/yolov8_def/yolov8_def/msg/detail/target_offset__struct.h
-- Up-to-date: /home/synaaa/object_detection_test/install/yolov8_def/include/yolov8_def/yolov8_def/msg/detail/boundingboxresult__functions.c
-- Up-to-date: /home/synaaa/object_detection_test/install/yolov8_def/include/yolov8_def/yolov8_def/msg/detail/target_offset__type_support.h
-- Up-to-date: /home/synaaa/object_detection_test/install/yolov8_def/include/yolov8_def/yolov8_def/msg/detail/boundingboxresult__type_support.h
-- Up-to-date: /home/synaaa/object_detection_test/install/yolov8_def/include/yolov8_def/yolov8_def/msg/detail/yolo_raw_info__type_support.h
-- Up-to-date: /home/synaaa/object_detection_test/install/yolov8_def/include/yolov8_def/yolov8_def/msg/detail/target_offset__functions.h
-- Up-to-date: /home/synaaa/object_detection_test/install/yolov8_def/include/yolov8_def/yolov8_def/msg/detail/yolo_raw_info__functions.h
-- Up-to-date: /home/synaaa/object_detection_test/install/yolov8_def/include/yolov8_def/yolov8_def/msg/detail/target_offset__functions.c
-- Up-to-date: /home/synaaa/object_detection_test/install/yolov8_def/include/yolov8_def/yolov8_def/msg/boundingboxresult.h
-- Up-to-date: /home/synaaa/object_detection_test/install/yolov8_def/share/yolov8_def/environment/library_path.sh
-- Up-to-date: /home/synaaa/object_detection_test/install/yolov8_def/share/yolov8_def/environment/library_path.dsv
-- Up-to-date: /home/synaaa/object_detection_test/install/yolov8_def/lib/libyolov8_def__rosidl_generator_c.so
-- Up-to-date: /home/synaaa/object_detection_test/install/yolov8_def/include/yolov8_def/yolov8_def
-- Up-to-date: /home/synaaa/object_detection_test/install/yolov8_def/include/yolov8_def/yolov8_def/msg
-- Up-to-date: /home/synaaa/object_detection_test/install/yolov8_def/include/yolov8_def/yolov8_def/msg/detail
-- Up-to-date: /home/synaaa/object_detection_test/install/yolov8_def/include/yolov8_def/yolov8_def/msg/detail/boundingboxresult__rosidl_typesupport_fastrtps_c.h
-- Up-to-date: /home/synaaa/object_detection_test/install/yolov8_def/include/yolov8_def/yolov8_def/msg/detail/yolo_raw_info__rosidl_typesupport_fastrtps_c.h
-- Up-to-date: /home/synaaa/object_detection_test/install/yolov8_def/include/yolov8_def/yolov8_def/msg/detail/target_offset__rosidl_typesupport_fastrtps_c.h
-- Up-to-date: /home/synaaa/object_detection_test/install/yolov8_def/include/yolov8_def/yolov8_def/msg/rosidl_typesupport_fastrtps_c__visibility_control.h
-- Up-to-date: /home/synaaa/object_detection_test/install/yolov8_def/lib/libyolov8_def__rosidl_typesupport_fastrtps_c.so
-- Up-to-date: /home/synaaa/object_detection_test/install/yolov8_def/include/yolov8_def/yolov8_def
-- Up-to-date: /home/synaaa/object_detection_test/install/yolov8_def/include/yolov8_def/yolov8_def/msg
-- Up-to-date: /home/synaaa/object_detection_test/install/yolov8_def/include/yolov8_def/yolov8_def/msg/target_offset.hpp
-- Up-to-date: /home/synaaa/object_detection_test/install/yolov8_def/include/yolov8_def/yolov8_def/msg/boundingboxresult.hpp
-- Up-to-date: /home/synaaa/object_detection_test/install/yolov8_def/include/yolov8_def/yolov8_def/msg/detail
-- Up-to-date: /home/synaaa/object_detection_test/install/yolov8_def/include/yolov8_def/yolov8_def/msg/detail/boundingboxresult__struct.hpp
-- Up-to-date: /home/synaaa/object_detection_test/install/yolov8_def/include/yolov8_def/yolov8_def/msg/detail/yolo_raw_info__struct.hpp
-- Up-to-date: /home/synaaa/object_detection_test/install/yolov8_def/include/yolov8_def/yolov8_def/msg/detail/yolo_raw_info__traits.hpp
-- Up-to-date: /home/synaaa/object_detection_test/install/yolov8_def/include/yolov8_def/yolov8_def/msg/detail/yolo_raw_info__builder.hpp
-- Up-to-date: /home/synaaa/object_detection_test/install/yolov8_def/include/yolov8_def/yolov8_def/msg/detail/boundingboxresult__builder.hpp
-- Up-to-date: /home/synaaa/object_detection_test/install/yolov8_def/include/yolov8_def/yolov8_def/msg/detail/target_offset__builder.hpp
-- Up-to-date: /home/synaaa/object_detection_test/install/yolov8_def/include/yolov8_def/yolov8_def/msg/detail/target_offset__struct.hpp
-- Up-to-date: /home/synaaa/object_detection_test/install/yolov8_def/include/yolov8_def/yolov8_def/msg/detail/target_offset__traits.hpp
-- Up-to-date: /home/synaaa/object_detection_test/install/yolov8_def/include/yolov8_def/yolov8_def/msg/detail/boundingboxresult__traits.hpp
-- Up-to-date: /home/synaaa/object_detection_test/install/yolov8_def/include/yolov8_def/yolov8_def/msg/yolo_raw_info.hpp
-- Up-to-date: /home/synaaa/object_detection_test/install/yolov8_def/include/yolov8_def/yolov8_def
-- Up-to-date: /home/synaaa/object_detection_test/install/yolov8_def/include/yolov8_def/yolov8_def/msg
-- Up-to-date: /home/synaaa/object_detection_test/install/yolov8_def/include/yolov8_def/yolov8_def/msg/rosidl_typesupport_fastrtps_cpp__visibility_control.h
-- Up-to-date: /home/synaaa/object_detection_test/install/yolov8_def/include/yolov8_def/yolov8_def/msg/detail
-- Up-to-date: /home/synaaa/object_detection_test/install/yolov8_def/include/yolov8_def/yolov8_def/msg/detail/yolo_raw_info__rosidl_typesupport_fastrtps_cpp.hpp
-- Up-to-date: /home/synaaa/object_detection_test/install/yolov8_def/include/yolov8_def/yolov8_def/msg/detail/target_offset__rosidl_typesupport_fastrtps_cpp.hpp
-- Up-to-date: /home/synaaa/object_detection_test/install/yolov8_def/include/yolov8_def/yolov8_def/msg/detail/boundingboxresult__rosidl_typesupport_fastrtps_cpp.hpp
-- Up-to-date: /home/synaaa/object_detection_test/install/yolov8_def/include/yolov8_def/yolov8_def/msg/detail/dds_fastrtps
-- Up-to-date: /home/synaaa/object_detection_test/install/yolov8_def/lib/libyolov8_def__rosidl_typesupport_fastrtps_cpp.so
-- Up-to-date: /home/synaaa/object_detection_test/install/yolov8_def/include/yolov8_def/yolov8_def
-- Up-to-date: /home/synaaa/object_detection_test/install/yolov8_def/include/yolov8_def/yolov8_def/msg
-- Up-to-date: /home/synaaa/object_detection_test/install/yolov8_def/include/yolov8_def/yolov8_def/msg/rosidl_typesupport_introspection_c__visibility_control.h
-- Up-to-date: /home/synaaa/object_detection_test/install/yolov8_def/include/yolov8_def/yolov8_def/msg/detail
-- Up-to-date: /home/synaaa/object_detection_test/install/yolov8_def/include/yolov8_def/yolov8_def/msg/detail/target_offset__type_support.c
-- Up-to-date: /home/synaaa/object_detection_test/install/yolov8_def/include/yolov8_def/yolov8_def/msg/detail/boundingboxresult__rosidl_typesupport_introspection_c.h
-- Up-to-date: /home/synaaa/object_detection_test/install/yolov8_def/include/yolov8_def/yolov8_def/msg/detail/target_offset__rosidl_typesupport_introspection_c.h
-- Up-to-date: /home/synaaa/object_detection_test/install/yolov8_def/include/yolov8_def/yolov8_def/msg/detail/yolo_raw_info__type_support.c
-- Up-to-date: /home/synaaa/object_detection_test/install/yolov8_def/include/yolov8_def/yolov8_def/msg/detail/boundingboxresult__type_support.c
-- Up-to-date: /home/synaaa/object_detection_test/install/yolov8_def/include/yolov8_def/yolov8_def/msg/detail/yolo_raw_info__rosidl_typesupport_introspection_c.h
-- Up-to-date: /home/synaaa/object_detection_test/install/yolov8_def/lib/libyolov8_def__rosidl_typesupport_introspection_c.so
-- Up-to-date: /home/synaaa/object_detection_test/install/yolov8_def/lib/libyolov8_def__rosidl_typesupport_c.so
-- Up-to-date: /home/synaaa/object_detection_test/install/yolov8_def/include/yolov8_def/yolov8_def
-- Up-to-date: /home/synaaa/object_detection_test/install/yolov8_def/include/yolov8_def/yolov8_def/msg
-- Up-to-date: /home/synaaa/object_detection_test/install/yolov8_def/include/yolov8_def/yolov8_def/msg/detail
-- Up-to-date: /home/synaaa/object_detection_test/install/yolov8_def/include/yolov8_def/yolov8_def/msg/detail/yolo_raw_info__type_support.cpp
-- Up-to-date: /home/synaaa/object_detection_test/install/yolov8_def/include/yolov8_def/yolov8_def/msg/detail/boundingboxresult__rosidl_typesupport_introspection_cpp.hpp
-- Up-to-date: /home/synaaa/object_detection_test/install/yolov8_def/include/yolov8_def/yolov8_def/msg/detail/target_offset__type_support.cpp
-- Up-to-date: /home/synaaa/object_detection_test/install/yolov8_def/include/yolov8_def/yolov8_def/msg/detail/yolo_raw_info__rosidl_typesupport_introspection_cpp.hpp
-- Up-to-date: /home/synaaa/object_detection_test/install/yolov8_def/include/yolov8_def/yolov8_def/msg/detail/target_offset__rosidl_typesupport_introspection_cpp.hpp
-- Up-to-date: /home/synaaa/object_detection_test/install/yolov8_def/include/yolov8_def/yolov8_def/msg/detail/boundingboxresult__type_support.cpp
-- Up-to-date: /home/synaaa/object_detection_test/install/yolov8_def/lib/libyolov8_def__rosidl_typesupport_introspection_cpp.so
-- Up-to-date: /home/synaaa/object_detection_test/install/yolov8_def/lib/libyolov8_def__rosidl_typesupport_cpp.so
-- Up-to-date: /home/synaaa/object_detection_test/install/yolov8_def/share/yolov8_def/environment/pythonpath.sh
-- Up-to-date: /home/synaaa/object_detection_test/install/yolov8_def/share/yolov8_def/environment/pythonpath.dsv
-- Up-to-date: /home/synaaa/object_detection_test/install/yolov8_def/local/lib/python3.10/dist-packages/yolov8_def-0.0.0-py3.10.egg-info
-- Installing: /home/synaaa/object_detection_test/install/yolov8_def/local/lib/python3.10/dist-packages/yolov8_def-0.0.0-py3.10.egg-info/dependency_links.txt
-- Installing: /home/synaaa/object_detection_test/install/yolov8_def/local/lib/python3.10/dist-packages/yolov8_def-0.0.0-py3.10.egg-info/top_level.txt
-- Installing: /home/synaaa/object_detection_test/install/yolov8_def/local/lib/python3.10/dist-packages/yolov8_def-0.0.0-py3.10.egg-info/PKG-INFO
-- Installing: /home/synaaa/object_detection_test/install/yolov8_def/local/lib/python3.10/dist-packages/yolov8_def-0.0.0-py3.10.egg-info/SOURCES.txt
-- Up-to-date: /home/synaaa/object_detection_test/install/yolov8_def/local/lib/python3.10/dist-packages/yolov8_def
-- Up-to-date: /home/synaaa/object_detection_test/install/yolov8_def/local/lib/python3.10/dist-packages/yolov8_def/libyolov8_def__rosidl_generator_py.so
-- Up-to-date: /home/synaaa/object_detection_test/install/yolov8_def/local/lib/python3.10/dist-packages/yolov8_def/_yolov8_def_s.ep.rosidl_typesupport_fastrtps_c.c
-- Up-to-date: /home/synaaa/object_detection_test/install/yolov8_def/local/lib/python3.10/dist-packages/yolov8_def/msg
-- Up-to-date: /home/synaaa/object_detection_test/install/yolov8_def/local/lib/python3.10/dist-packages/yolov8_def/msg/_target_offset.py
-- Up-to-date: /home/synaaa/object_detection_test/install/yolov8_def/local/lib/python3.10/dist-packages/yolov8_def/msg/_boundingboxresult.py
-- Up-to-date: /home/synaaa/object_detection_test/install/yolov8_def/local/lib/python3.10/dist-packages/yolov8_def/msg/_yolo_raw_info_s.c
-- Up-to-date: /home/synaaa/object_detection_test/install/yolov8_def/local/lib/python3.10/dist-packages/yolov8_def/msg/_yolo_raw_info.py
-- Up-to-date: /home/synaaa/object_detection_test/install/yolov8_def/local/lib/python3.10/dist-packages/yolov8_def/msg/_boundingboxresult_s.c
-- Up-to-date: /home/synaaa/object_detection_test/install/yolov8_def/local/lib/python3.10/dist-packages/yolov8_def/msg/_target_offset_s.c
-- Up-to-date: /home/synaaa/object_detection_test/install/yolov8_def/local/lib/python3.10/dist-packages/yolov8_def/msg/__init__.py
-- Up-to-date: /home/synaaa/object_detection_test/install/yolov8_def/local/lib/python3.10/dist-packages/yolov8_def/yolov8_def_s__rosidl_typesupport_introspection_c.cpython-310-x86_64-linux-gnu.so
-- Up-to-date: /home/synaaa/object_detection_test/install/yolov8_def/local/lib/python3.10/dist-packages/yolov8_def/_yolov8_def_s.ep.rosidl_typesupport_c.c
-- Up-to-date: /home/synaaa/object_detection_test/install/yolov8_def/local/lib/python3.10/dist-packages/yolov8_def/yolov8_def_s__rosidl_typesupport_c.cpython-310-x86_64-linux-gnu.so
-- Up-to-date: /home/synaaa/object_detection_test/install/yolov8_def/local/lib/python3.10/dist-packages/yolov8_def/__init__.py
-- Up-to-date: /home/synaaa/object_detection_test/install/yolov8_def/local/lib/python3.10/dist-packages/yolov8_def/yolov8_def_s__rosidl_typesupport_fastrtps_c.cpython-310-x86_64-linux-gnu.so
-- Up-to-date: /home/synaaa/object_detection_test/install/yolov8_def/local/lib/python3.10/dist-packages/yolov8_def/_yolov8_def_s.ep.rosidl_typesupport_introspection_c.c
Listing '/home/synaaa/object_detection_test/install/yolov8_def/local/lib/python3.10/dist-packages/yolov8_def'...
Listing '/home/synaaa/object_detection_test/install/yolov8_def/local/lib/python3.10/dist-packages/yolov8_def/msg'...
-- Up-to-date: /home/synaaa/object_detection_test/install/yolov8_def/local/lib/python3.10/dist-packages/yolov8_def/yolov8_def_s__rosidl_typesupport_fastrtps_c.cpython-310-x86_64-linux-gnu.so
-- Up-to-date: /home/synaaa/object_detection_test/install/yolov8_def/local/lib/python3.10/dist-packages/yolov8_def/yolov8_def_s__rosidl_typesupport_introspection_c.cpython-310-x86_64-linux-gnu.so
-- Up-to-date: /home/synaaa/object_detection_test/install/yolov8_def/local/lib/python3.10/dist-packages/yolov8_def/yolov8_def_s__rosidl_typesupport_c.cpython-310-x86_64-linux-gnu.so
-- Up-to-date: /home/synaaa/object_detection_test/install/yolov8_def/lib/libyolov8_def__rosidl_generator_py.so
-- Up-to-date: /home/synaaa/object_detection_test/install/yolov8_def/share/yolov8_def/msg/Boundingboxresult.idl
-- Up-to-date: /home/synaaa/object_detection_test/install/yolov8_def/share/yolov8_def/msg/YoloRawInfo.idl
-- Up-to-date: /home/synaaa/object_detection_test/install/yolov8_def/share/yolov8_def/msg/TargetOffset.idl
-- Up-to-date: /home/synaaa/object_detection_test/install/yolov8_def/share/yolov8_def/msg/Boundingboxresult.msg
-- Up-to-date: /home/synaaa/object_detection_test/install/yolov8_def/share/yolov8_def/msg/YoloRawInfo.msg
-- Up-to-date: /home/synaaa/object_detection_test/install/yolov8_def/share/yolov8_def/msg/TargetOffset.msg
-- Up-to-date: /home/synaaa/object_detection_test/install/yolov8_def/share/ament_index/resource_index/package_run_dependencies/yolov8_def
-- Up-to-date: /home/synaaa/object_detection_test/install/yolov8_def/share/ament_index/resource_index/parent_prefix_path/yolov8_def
-- Up-to-date: /home/synaaa/object_detection_test/install/yolov8_def/share/yolov8_def/environment/ament_prefix_path.sh
-- Up-to-date: /home/synaaa/object_detection_test/install/yolov8_def/share/yolov8_def/environment/ament_prefix_path.dsv
-- Up-to-date: /home/synaaa/object_detection_test/install/yolov8_def/share/yolov8_def/environment/path.sh
-- Up-to-date: /home/synaaa/object_detection_test/install/yolov8_def/share/yolov8_def/environment/path.dsv
-- Up-to-date: /home/synaaa/object_detection_test/install/yolov8_def/share/yolov8_def/local_setup.bash
-- Up-to-date: /home/synaaa/object_detection_test/install/yolov8_def/share/yolov8_def/local_setup.sh
-- Up-to-date: /home/synaaa/object_detection_test/install/yolov8_def/share/yolov8_def/local_setup.zsh
-- Up-to-date: /home/synaaa/object_detection_test/install/yolov8_def/share/yolov8_def/local_setup.dsv
-- Installing: /home/synaaa/object_detection_test/install/yolov8_def/share/yolov8_def/package.dsv
-- Up-to-date: /home/synaaa/object_detection_test/install/yolov8_def/share/ament_index/resource_index/packages/yolov8_def
-- Up-to-date: /home/synaaa/object_detection_test/install/yolov8_def/share/yolov8_def/cmake/export_yolov8_def__rosidl_generator_cExport.cmake
-- Up-to-date: /home/synaaa/object_detection_test/install/yolov8_def/share/yolov8_def/cmake/export_yolov8_def__rosidl_generator_cExport-noconfig.cmake
-- Up-to-date: /home/synaaa/object_detection_test/install/yolov8_def/share/yolov8_def/cmake/export_yolov8_def__rosidl_typesupport_fastrtps_cExport.cmake
-- Up-to-date: /home/synaaa/object_detection_test/install/yolov8_def/share/yolov8_def/cmake/export_yolov8_def__rosidl_typesupport_fastrtps_cExport-noconfig.cmake
-- Up-to-date: /home/synaaa/object_detection_test/install/yolov8_def/share/yolov8_def/cmake/export_yolov8_def__rosidl_generator_cppExport.cmake
-- Up-to-date: /home/synaaa/object_detection_test/install/yolov8_def/share/yolov8_def/cmake/export_yolov8_def__rosidl_typesupport_fastrtps_cppExport.cmake
-- Up-to-date: /home/synaaa/object_detection_test/install/yolov8_def/share/yolov8_def/cmake/export_yolov8_def__rosidl_typesupport_fastrtps_cppExport-noconfig.cmake
-- Up-to-date: /home/synaaa/object_detection_test/install/yolov8_def/share/yolov8_def/cmake/yolov8_def__rosidl_typesupport_introspection_cExport.cmake
-- Up-to-date: /home/synaaa/object_detection_test/install/yolov8_def/share/yolov8_def/cmake/yolov8_def__rosidl_typesupport_introspection_cExport-noconfig.cmake
-- Up-to-date: /home/synaaa/object_detection_test/install/yolov8_def/share/yolov8_def/cmake/yolov8_def__rosidl_typesupport_cExport.cmake
-- Up-to-date: /home/synaaa/object_detection_test/install/yolov8_def/share/yolov8_def/cmake/yolov8_def__rosidl_typesupport_cExport-noconfig.cmake
-- Up-to-date: /home/synaaa/object_detection_test/install/yolov8_def/share/yolov8_def/cmake/yolov8_def__rosidl_typesupport_introspection_cppExport.cmake
-- Up-to-date: /home/synaaa/object_detection_test/install/yolov8_def/share/yolov8_def/cmake/yolov8_def__rosidl_typesupport_introspection_cppExport-noconfig.cmake
-- Up-to-date: /home/synaaa/object_detection_test/install/yolov8_def/share/yolov8_def/cmake/yolov8_def__rosidl_typesupport_cppExport.cmake
-- Up-to-date: /home/synaaa/object_detection_test/install/yolov8_def/share/yolov8_def/cmake/yolov8_def__rosidl_typesupport_cppExport-noconfig.cmake
-- Up-to-date: /home/synaaa/object_detection_test/install/yolov8_def/share/yolov8_def/cmake/export_yolov8_def__rosidl_generator_pyExport.cmake
-- Up-to-date: /home/synaaa/object_detection_test/install/yolov8_def/share/yolov8_def/cmake/export_yolov8_def__rosidl_generator_pyExport-noconfig.cmake
-- Up-to-date: /home/synaaa/object_detection_test/install/yolov8_def/share/yolov8_def/cmake/rosidl_cmake-extras.cmake
-- Up-to-date: /home/synaaa/object_detection_test/install/yolov8_def/share/yolov8_def/cmake/ament_cmake_export_dependencies-extras.cmake
-- Up-to-date: /home/synaaa/object_detection_test/install/yolov8_def/share/yolov8_def/cmake/ament_cmake_export_include_directories-extras.cmake
-- Up-to-date: /home/synaaa/object_detection_test/install/yolov8_def/share/yolov8_def/cmake/ament_cmake_export_libraries-extras.cmake
-- Up-to-date: /home/synaaa/object_detection_test/install/yolov8_def/share/yolov8_def/cmake/ament_cmake_export_targets-extras.cmake
-- Up-to-date: /home/synaaa/object_detection_test/install/yolov8_def/share/yolov8_def/cmake/rosidl_cmake_export_typesupport_targets-extras.cmake
-- Up-to-date: /home/synaaa/object_detection_test/install/yolov8_def/share/yolov8_def/cmake/rosidl_cmake_export_typesupport_libraries-extras.cmake
-- Up-to-date: /home/synaaa/object_detection_test/install/yolov8_def/share/yolov8_def/cmake/yolov8_defConfig.cmake
-- Up-to-date: /home/synaaa/object_detection_test/install/yolov8_def/share/yolov8_def/cmake/yolov8_defConfig-version.cmake
-- Up-to-date: /home/synaaa/object_detection_test/install/yolov8_def/share/yolov8_def/package.xml
