[0.113s] DEBUG:colcon:Command line arguments: ['/usr/bin/colcon', 'build', '--packages-select', 'yolov8', 'yolov8_def']
[0.113s] DEBUG:colcon:Parsed command line arguments: Namespace(log_base=None, log_level=None, verb_name='build', build_base='build', install_base='install', merge_install=False, symlink_install=False, test_result_base=None, continue_on_error=False, executor='parallel', parallel_workers=16, event_handlers=None, ignore_user_meta=False, metas=['./colcon.meta'], base_paths=['.'], packages_ignore=None, packages_ignore_regex=None, paths=None, packages_up_to=None, packages_up_to_regex=None, packages_above=None, packages_above_and_dependencies=None, packages_above_depth=None, packages_select_by_dep=None, packages_skip_by_dep=None, packages_skip_up_to=None, packages_select_build_failed=False, packages_skip_build_finished=False, packages_select_test_failures=False, packages_skip_test_passed=False, packages_select=['yolov8', 'yolov8_def'], packages_skip=None, packages_select_regex=None, packages_skip_regex=None, packages_start=None, packages_end=None, allow_overriding=[], cmake_args=None, cmake_target=None, cmake_target_skip_unavailable=False, cmake_clean_cache=False, cmake_clean_first=False, cmake_force_configure=False, ament_cmake_args=None, catkin_cmake_args=None, catkin_skip_building_tests=False, verb_parser=<colcon_defaults.argument_parser.defaults.DefaultArgumentsDecorator object at 0x7dde55c3cdc0>, verb_extension=<colcon_core.verb.build.BuildVerb object at 0x7dde55c3c850>, main=<bound method BuildVerb.main of <colcon_core.verb.build.BuildVerb object at 0x7dde55c3c850>>)
[0.143s] Level 1:colcon.colcon_core.package_discovery:discover_packages(colcon_meta) check parameters
[0.143s] Level 1:colcon.colcon_core.package_discovery:discover_packages(recursive) check parameters
[0.143s] Level 1:colcon.colcon_core.package_discovery:discover_packages(ignore) check parameters
[0.143s] Level 1:colcon.colcon_core.package_discovery:discover_packages(path) check parameters
[0.143s] Level 1:colcon.colcon_core.package_discovery:discover_packages(colcon_meta) discover
[0.143s] Level 1:colcon.colcon_core.package_discovery:discover_packages(recursive) discover
[0.143s] INFO:colcon.colcon_core.package_discovery:Crawling recursively for packages in '/home/synaaa/object_detection_test'
[0.144s] Level 1:colcon.colcon_core.package_identification:_identify(.) by extensions ['ignore', 'ignore_ament_install']
[0.144s] Level 1:colcon.colcon_core.package_identification:_identify(.) by extension 'ignore'
[0.144s] Level 1:colcon.colcon_core.package_identification:_identify(.) by extension 'ignore_ament_install'
[0.144s] Level 1:colcon.colcon_core.package_identification:_identify(.) by extensions ['colcon_pkg']
[0.144s] Level 1:colcon.colcon_core.package_identification:_identify(.) by extension 'colcon_pkg'
[0.144s] Level 1:colcon.colcon_core.package_identification:_identify(.) by extensions ['colcon_meta']
[0.144s] Level 1:colcon.colcon_core.package_identification:_identify(.) by extension 'colcon_meta'
[0.144s] Level 1:colcon.colcon_core.package_identification:_identify(.) by extensions ['ros']
[0.144s] Level 1:colcon.colcon_core.package_identification:_identify(.) by extension 'ros'
[0.155s] Level 1:colcon.colcon_core.package_identification:_identify(.) by extensions ['cmake', 'python']
[0.155s] Level 1:colcon.colcon_core.package_identification:_identify(.) by extension 'cmake'
[0.155s] Level 1:colcon.colcon_core.package_identification:_identify(.) by extension 'python'
[0.155s] Level 1:colcon.colcon_core.package_identification:_identify(.) by extensions ['python_setup_py']
[0.155s] Level 1:colcon.colcon_core.package_identification:_identify(.) by extension 'python_setup_py'
[0.155s] Level 1:colcon.colcon_core.package_identification:_identify(build) by extensions ['ignore', 'ignore_ament_install']
[0.155s] Level 1:colcon.colcon_core.package_identification:_identify(build) by extension 'ignore'
[0.155s] Level 1:colcon.colcon_core.package_identification:_identify(build) ignored
[0.155s] Level 1:colcon.colcon_core.package_identification:_identify(install) by extensions ['ignore', 'ignore_ament_install']
[0.155s] Level 1:colcon.colcon_core.package_identification:_identify(install) by extension 'ignore'
[0.155s] Level 1:colcon.colcon_core.package_identification:_identify(install) ignored
[0.156s] Level 1:colcon.colcon_core.package_identification:_identify(log) by extensions ['ignore', 'ignore_ament_install']
[0.156s] Level 1:colcon.colcon_core.package_identification:_identify(log) by extension 'ignore'
[0.156s] Level 1:colcon.colcon_core.package_identification:_identify(log) ignored
[0.156s] Level 1:colcon.colcon_core.package_identification:_identify(yolov8) by extensions ['ignore', 'ignore_ament_install']
[0.156s] Level 1:colcon.colcon_core.package_identification:_identify(yolov8) by extension 'ignore'
[0.156s] Level 1:colcon.colcon_core.package_identification:_identify(yolov8) by extension 'ignore_ament_install'
[0.156s] Level 1:colcon.colcon_core.package_identification:_identify(yolov8) by extensions ['colcon_pkg']
[0.156s] Level 1:colcon.colcon_core.package_identification:_identify(yolov8) by extension 'colcon_pkg'
[0.156s] Level 1:colcon.colcon_core.package_identification:_identify(yolov8) by extensions ['colcon_meta']
[0.156s] Level 1:colcon.colcon_core.package_identification:_identify(yolov8) by extension 'colcon_meta'
[0.156s] Level 1:colcon.colcon_core.package_identification:_identify(yolov8) by extensions ['ros']
[0.156s] Level 1:colcon.colcon_core.package_identification:_identify(yolov8) by extension 'ros'
[0.158s] DEBUG:colcon.colcon_core.package_identification:Package 'yolov8' with type 'ros.ament_cmake' and name 'yolov8'
[0.158s] Level 1:colcon.colcon_core.package_identification:_identify(yolov8_def) by extensions ['ignore', 'ignore_ament_install']
[0.158s] Level 1:colcon.colcon_core.package_identification:_identify(yolov8_def) by extension 'ignore'
[0.158s] Level 1:colcon.colcon_core.package_identification:_identify(yolov8_def) by extension 'ignore_ament_install'
[0.158s] Level 1:colcon.colcon_core.package_identification:_identify(yolov8_def) by extensions ['colcon_pkg']
[0.158s] Level 1:colcon.colcon_core.package_identification:_identify(yolov8_def) by extension 'colcon_pkg'
[0.158s] Level 1:colcon.colcon_core.package_identification:_identify(yolov8_def) by extensions ['colcon_meta']
[0.158s] Level 1:colcon.colcon_core.package_identification:_identify(yolov8_def) by extension 'colcon_meta'
[0.158s] Level 1:colcon.colcon_core.package_identification:_identify(yolov8_def) by extensions ['ros']
[0.158s] Level 1:colcon.colcon_core.package_identification:_identify(yolov8_def) by extension 'ros'
[0.159s] DEBUG:colcon.colcon_core.package_identification:Package 'yolov8_def' with type 'ros.ament_cmake' and name 'yolov8_def'
[0.159s] Level 1:colcon.colcon_core.package_discovery:discover_packages(recursive) using defaults
[0.159s] Level 1:colcon.colcon_core.package_discovery:discover_packages(ignore) discover
[0.159s] Level 1:colcon.colcon_core.package_discovery:discover_packages(ignore) using defaults
[0.159s] Level 1:colcon.colcon_core.package_discovery:discover_packages(path) discover
[0.159s] Level 1:colcon.colcon_core.package_discovery:discover_packages(path) using defaults
[0.173s] Level 1:colcon.colcon_core.package_discovery:discover_packages(prefix_path) check parameters
[0.173s] Level 1:colcon.colcon_core.package_discovery:discover_packages(prefix_path) discover
[0.174s] WARNING:colcon.colcon_ros.prefix_path.ament:The path '/home/synaaa/object_detection_test/install/yolov8_def' in the environment variable AMENT_PREFIX_PATH doesn't exist
[0.174s] WARNING:colcon.colcon_ros.prefix_path.ament:The path '/home/synaaa/object_detection_test/install/yolov8' in the environment variable AMENT_PREFIX_PATH doesn't exist
[0.174s] WARNING:colcon.colcon_ros.prefix_path.catkin:The path '/home/synaaa/object_detection_test/install/yolov8_def' in the environment variable CMAKE_PREFIX_PATH doesn't exist
[0.174s] WARNING:colcon.colcon_ros.prefix_path.catkin:The path '/home/synaaa/object_detection_test/install/yolov8' in the environment variable CMAKE_PREFIX_PATH doesn't exist
[0.174s] DEBUG:colcon.colcon_installed_package_information.package_discovery:Found 1 installed packages in /home/synaaa/ros2_ws/install
[0.176s] DEBUG:colcon.colcon_installed_package_information.package_discovery:Found 386 installed packages in /opt/ros/humble
[0.178s] Level 1:colcon.colcon_core.package_discovery:discover_packages(prefix_path) using defaults
[0.214s] Level 5:colcon.colcon_core.verb:set package 'yolov8_def' build argument 'cmake_args' from command line to 'None'
[0.214s] Level 5:colcon.colcon_core.verb:set package 'yolov8_def' build argument 'cmake_target' from command line to 'None'
[0.214s] Level 5:colcon.colcon_core.verb:set package 'yolov8_def' build argument 'cmake_target_skip_unavailable' from command line to 'False'
[0.214s] Level 5:colcon.colcon_core.verb:set package 'yolov8_def' build argument 'cmake_clean_cache' from command line to 'False'
[0.214s] Level 5:colcon.colcon_core.verb:set package 'yolov8_def' build argument 'cmake_clean_first' from command line to 'False'
[0.214s] Level 5:colcon.colcon_core.verb:set package 'yolov8_def' build argument 'cmake_force_configure' from command line to 'False'
[0.215s] Level 5:colcon.colcon_core.verb:set package 'yolov8_def' build argument 'ament_cmake_args' from command line to 'None'
[0.215s] Level 5:colcon.colcon_core.verb:set package 'yolov8_def' build argument 'catkin_cmake_args' from command line to 'None'
[0.215s] Level 5:colcon.colcon_core.verb:set package 'yolov8_def' build argument 'catkin_skip_building_tests' from command line to 'False'
[0.215s] DEBUG:colcon.colcon_core.verb:Building package 'yolov8_def' with the following arguments: {'ament_cmake_args': None, 'build_base': '/home/synaaa/object_detection_test/build/yolov8_def', 'catkin_cmake_args': None, 'catkin_skip_building_tests': False, 'cmake_args': None, 'cmake_clean_cache': False, 'cmake_clean_first': False, 'cmake_force_configure': False, 'cmake_target': None, 'cmake_target_skip_unavailable': False, 'install_base': '/home/synaaa/object_detection_test/install/yolov8_def', 'merge_install': False, 'path': '/home/synaaa/object_detection_test/yolov8_def', 'symlink_install': False, 'test_result_base': None}
[0.215s] Level 5:colcon.colcon_core.verb:set package 'yolov8' build argument 'cmake_args' from command line to 'None'
[0.215s] Level 5:colcon.colcon_core.verb:set package 'yolov8' build argument 'cmake_target' from command line to 'None'
[0.215s] Level 5:colcon.colcon_core.verb:set package 'yolov8' build argument 'cmake_target_skip_unavailable' from command line to 'False'
[0.215s] Level 5:colcon.colcon_core.verb:set package 'yolov8' build argument 'cmake_clean_cache' from command line to 'False'
[0.215s] Level 5:colcon.colcon_core.verb:set package 'yolov8' build argument 'cmake_clean_first' from command line to 'False'
[0.215s] Level 5:colcon.colcon_core.verb:set package 'yolov8' build argument 'cmake_force_configure' from command line to 'False'
[0.215s] Level 5:colcon.colcon_core.verb:set package 'yolov8' build argument 'ament_cmake_args' from command line to 'None'
[0.215s] Level 5:colcon.colcon_core.verb:set package 'yolov8' build argument 'catkin_cmake_args' from command line to 'None'
[0.215s] Level 5:colcon.colcon_core.verb:set package 'yolov8' build argument 'catkin_skip_building_tests' from command line to 'False'
[0.215s] DEBUG:colcon.colcon_core.verb:Building package 'yolov8' with the following arguments: {'ament_cmake_args': None, 'build_base': '/home/synaaa/object_detection_test/build/yolov8', 'catkin_cmake_args': None, 'catkin_skip_building_tests': False, 'cmake_args': None, 'cmake_clean_cache': False, 'cmake_clean_first': False, 'cmake_force_configure': False, 'cmake_target': None, 'cmake_target_skip_unavailable': False, 'install_base': '/home/synaaa/object_detection_test/install/yolov8', 'merge_install': False, 'path': '/home/synaaa/object_detection_test/yolov8', 'symlink_install': False, 'test_result_base': None}
[0.215s] INFO:colcon.colcon_core.executor:Executing jobs using 'parallel' executor
[0.216s] DEBUG:colcon.colcon_parallel_executor.executor.parallel:run_until_complete
[0.216s] INFO:colcon.colcon_ros.task.ament_cmake.build:Building ROS package in '/home/synaaa/object_detection_test/yolov8_def' with build type 'ament_cmake'
[0.217s] INFO:colcon.colcon_cmake.task.cmake.build:Building CMake package in '/home/synaaa/object_detection_test/yolov8_def'
[0.218s] INFO:colcon.colcon_core.plugin_system:Skipping extension 'colcon_core.shell.bat': Not used on non-Windows systems
[0.218s] INFO:colcon.colcon_core.shell:Skip shell extension 'powershell' for command environment: Not usable outside of PowerShell
[0.218s] DEBUG:colcon.colcon_core.shell:Skip shell extension 'dsv' for command environment
[0.225s] DEBUG:colcon.colcon_core.event_handler.log_command:Invoking command in '/home/synaaa/object_detection_test/build/yolov8_def': CMAKE_PREFIX_PATH=${CMAKE_PREFIX_PATH}:/opt/ros/humble /usr/bin/cmake /home/synaaa/object_detection_test/yolov8_def -DCMAKE_INSTALL_PREFIX=/home/synaaa/object_detection_test/install/yolov8_def
[1.582s] DEBUG:colcon.colcon_core.event_handler.log_command:Invoked command in '/home/synaaa/object_detection_test/build/yolov8_def' returned '0': CMAKE_PREFIX_PATH=${CMAKE_PREFIX_PATH}:/opt/ros/humble /usr/bin/cmake /home/synaaa/object_detection_test/yolov8_def -DCMAKE_INSTALL_PREFIX=/home/synaaa/object_detection_test/install/yolov8_def
[1.584s] DEBUG:colcon.colcon_core.event_handler.log_command:Invoking command in '/home/synaaa/object_detection_test/build/yolov8_def': CMAKE_PREFIX_PATH=${CMAKE_PREFIX_PATH}:/opt/ros/humble /usr/bin/cmake --build /home/synaaa/object_detection_test/build/yolov8_def -- -j16 -l16
[3.374s] DEBUG:colcon.colcon_core.event_handler.log_command:Invoked command in '/home/synaaa/object_detection_test/build/yolov8_def' returned '0': CMAKE_PREFIX_PATH=${CMAKE_PREFIX_PATH}:/opt/ros/humble /usr/bin/cmake --build /home/synaaa/object_detection_test/build/yolov8_def -- -j16 -l16
[3.468s] DEBUG:colcon.colcon_core.event_handler.log_command:Invoking command in '/home/synaaa/object_detection_test/build/yolov8_def': CMAKE_PREFIX_PATH=${CMAKE_PREFIX_PATH}:/opt/ros/humble /usr/bin/cmake --install /home/synaaa/object_detection_test/build/yolov8_def
[3.525s] Level 1:colcon.colcon_core.environment:create_environment_scripts_only(yolov8_def)
[3.525s] DEBUG:colcon.colcon_core.event_handler.log_command:Invoked command in '/home/synaaa/object_detection_test/build/yolov8_def' returned '0': CMAKE_PREFIX_PATH=${CMAKE_PREFIX_PATH}:/opt/ros/humble /usr/bin/cmake --install /home/synaaa/object_detection_test/build/yolov8_def
[3.527s] Level 1:colcon.colcon_core.environment:checking '/home/synaaa/object_detection_test/install/yolov8_def' for CMake module files
[3.527s] Level 1:colcon.colcon_core.environment:checking '/home/synaaa/object_detection_test/install/yolov8_def' for CMake config files
[3.528s] Level 1:colcon.colcon_core.shell:create_environment_hook('yolov8_def', 'cmake_prefix_path')
[3.528s] INFO:colcon.colcon_core.shell:Creating environment hook '/home/synaaa/object_detection_test/install/yolov8_def/share/yolov8_def/hook/cmake_prefix_path.ps1'
[3.528s] INFO:colcon.colcon_core.shell:Creating environment descriptor '/home/synaaa/object_detection_test/install/yolov8_def/share/yolov8_def/hook/cmake_prefix_path.dsv'
[3.529s] INFO:colcon.colcon_core.shell:Creating environment hook '/home/synaaa/object_detection_test/install/yolov8_def/share/yolov8_def/hook/cmake_prefix_path.sh'
[3.529s] Level 1:colcon.colcon_core.environment:checking '/home/synaaa/object_detection_test/install/yolov8_def/lib'
[3.529s] Level 1:colcon.colcon_core.shell:create_environment_hook('yolov8_def', 'ld_library_path_lib')
[3.529s] INFO:colcon.colcon_core.shell:Creating environment hook '/home/synaaa/object_detection_test/install/yolov8_def/share/yolov8_def/hook/ld_library_path_lib.ps1'
[3.530s] INFO:colcon.colcon_core.shell:Creating environment descriptor '/home/synaaa/object_detection_test/install/yolov8_def/share/yolov8_def/hook/ld_library_path_lib.dsv'
[3.530s] INFO:colcon.colcon_core.shell:Creating environment hook '/home/synaaa/object_detection_test/install/yolov8_def/share/yolov8_def/hook/ld_library_path_lib.sh'
[3.530s] Level 1:colcon.colcon_core.environment:checking '/home/synaaa/object_detection_test/install/yolov8_def/bin'
[3.530s] Level 1:colcon.colcon_core.environment:checking '/home/synaaa/object_detection_test/install/yolov8_def/lib/pkgconfig/yolov8_def.pc'
[3.530s] Level 1:colcon.colcon_core.environment:checking '/home/synaaa/object_detection_test/install/yolov8_def/lib/python3.10/site-packages'
[3.531s] Level 1:colcon.colcon_core.environment:checking '/home/synaaa/object_detection_test/install/yolov8_def/bin'
[3.531s] INFO:colcon.colcon_core.shell:Creating package script '/home/synaaa/object_detection_test/install/yolov8_def/share/yolov8_def/package.ps1'
[3.531s] INFO:colcon.colcon_core.shell:Creating package descriptor '/home/synaaa/object_detection_test/install/yolov8_def/share/yolov8_def/package.dsv'
[3.532s] INFO:colcon.colcon_core.shell:Creating package script '/home/synaaa/object_detection_test/install/yolov8_def/share/yolov8_def/package.sh'
[3.532s] INFO:colcon.colcon_core.shell:Creating package script '/home/synaaa/object_detection_test/install/yolov8_def/share/yolov8_def/package.bash'
[3.533s] INFO:colcon.colcon_core.shell:Creating package script '/home/synaaa/object_detection_test/install/yolov8_def/share/yolov8_def/package.zsh'
[3.533s] Level 1:colcon.colcon_core.environment:create_file_with_runtime_dependencies(/home/synaaa/object_detection_test/install/yolov8_def/share/colcon-core/packages/yolov8_def)
[3.621s] Level 1:colcon.colcon_core.environment:create_environment_scripts_only(yolov8_def)
[3.621s] Level 1:colcon.colcon_core.environment:checking '/home/synaaa/object_detection_test/install/yolov8_def' for CMake module files
[3.622s] Level 1:colcon.colcon_core.environment:checking '/home/synaaa/object_detection_test/install/yolov8_def' for CMake config files
[3.622s] Level 1:colcon.colcon_core.shell:create_environment_hook('yolov8_def', 'cmake_prefix_path')
[3.622s] INFO:colcon.colcon_core.shell:Creating environment hook '/home/synaaa/object_detection_test/install/yolov8_def/share/yolov8_def/hook/cmake_prefix_path.ps1'
[3.623s] INFO:colcon.colcon_core.shell:Creating environment descriptor '/home/synaaa/object_detection_test/install/yolov8_def/share/yolov8_def/hook/cmake_prefix_path.dsv'
[3.623s] INFO:colcon.colcon_core.shell:Creating environment hook '/home/synaaa/object_detection_test/install/yolov8_def/share/yolov8_def/hook/cmake_prefix_path.sh'
[3.623s] Level 1:colcon.colcon_core.environment:checking '/home/synaaa/object_detection_test/install/yolov8_def/lib'
[3.623s] Level 1:colcon.colcon_core.shell:create_environment_hook('yolov8_def', 'ld_library_path_lib')
[3.623s] INFO:colcon.colcon_core.shell:Creating environment hook '/home/synaaa/object_detection_test/install/yolov8_def/share/yolov8_def/hook/ld_library_path_lib.ps1'
[3.624s] INFO:colcon.colcon_core.shell:Creating environment descriptor '/home/synaaa/object_detection_test/install/yolov8_def/share/yolov8_def/hook/ld_library_path_lib.dsv'
[3.624s] INFO:colcon.colcon_core.shell:Creating environment hook '/home/synaaa/object_detection_test/install/yolov8_def/share/yolov8_def/hook/ld_library_path_lib.sh'
[3.624s] Level 1:colcon.colcon_core.environment:checking '/home/synaaa/object_detection_test/install/yolov8_def/bin'
[3.624s] Level 1:colcon.colcon_core.environment:checking '/home/synaaa/object_detection_test/install/yolov8_def/lib/pkgconfig/yolov8_def.pc'
[3.624s] Level 1:colcon.colcon_core.environment:checking '/home/synaaa/object_detection_test/install/yolov8_def/lib/python3.10/site-packages'
[3.624s] Level 1:colcon.colcon_core.environment:checking '/home/synaaa/object_detection_test/install/yolov8_def/bin'
[3.625s] INFO:colcon.colcon_core.shell:Creating package script '/home/synaaa/object_detection_test/install/yolov8_def/share/yolov8_def/package.ps1'
[3.625s] INFO:colcon.colcon_core.shell:Creating package descriptor '/home/synaaa/object_detection_test/install/yolov8_def/share/yolov8_def/package.dsv'
[3.625s] INFO:colcon.colcon_core.shell:Creating package script '/home/synaaa/object_detection_test/install/yolov8_def/share/yolov8_def/package.sh'
[3.626s] INFO:colcon.colcon_core.shell:Creating package script '/home/synaaa/object_detection_test/install/yolov8_def/share/yolov8_def/package.bash'
[3.626s] INFO:colcon.colcon_core.shell:Creating package script '/home/synaaa/object_detection_test/install/yolov8_def/share/yolov8_def/package.zsh'
[3.626s] Level 1:colcon.colcon_core.environment:create_file_with_runtime_dependencies(/home/synaaa/object_detection_test/install/yolov8_def/share/colcon-core/packages/yolov8_def)
[3.626s] INFO:colcon.colcon_ros.task.ament_cmake.build:Building ROS package in '/home/synaaa/object_detection_test/yolov8' with build type 'ament_cmake'
[3.626s] INFO:colcon.colcon_cmake.task.cmake.build:Building CMake package in '/home/synaaa/object_detection_test/yolov8'
[3.627s] INFO:colcon.colcon_core.shell:Skip shell extension 'powershell' for command environment: Not usable outside of PowerShell
[3.627s] DEBUG:colcon.colcon_core.shell:Skip shell extension 'dsv' for command environment
[3.635s] DEBUG:colcon.colcon_core.event_handler.log_command:Invoking command in '/home/synaaa/object_detection_test/build/yolov8': CMAKE_PREFIX_PATH=${CMAKE_PREFIX_PATH}:/opt/ros/humble LD_LIBRARY_PATH=/home/synaaa/object_detection_test/install/yolov8_def/lib:/usr/lib/x86_64-linux-gnu/gazebo-11/plugins:/opt/ros/humble/opt/rviz_ogre_vendor/lib:/opt/ros/humble/lib/x86_64-linux-gnu:/opt/ros/humble/lib:/usr/lib/x86_64-linux-gnu/gazebo-11/plugins:/usr/lib/x86_64-linux-gnu/gazebo-11/plugins:/usr/lib/x86_64-linux-gnu/gazebo-11/plugins:/usr/lib/x86_64-linux-gnu/gazebo-11/plugins:/usr/lib/x86_64-linux-gnu/gazebo-11/plugins:/usr/lib/x86_64-linux-gnu/gazebo-11/plugins:/usr/lib/x86_64-linux-gnu/gazebo-11/plugins:/usr/lib/x86_64-linux-gnu/gazebo-11/plugins:/usr/lib/x86_64-linux-gnu/gazebo-11/plugins:/usr/lib/x86_64-linux-gnu/gazebo-11/plugins /usr/bin/cmake /home/synaaa/object_detection_test/yolov8 -DCMAKE_INSTALL_PREFIX=/home/synaaa/object_detection_test/install/yolov8
[4.270s] DEBUG:colcon.colcon_core.event_handler.log_command:Invoked command in '/home/synaaa/object_detection_test/build/yolov8' returned '0': CMAKE_PREFIX_PATH=${CMAKE_PREFIX_PATH}:/opt/ros/humble LD_LIBRARY_PATH=/home/synaaa/object_detection_test/install/yolov8_def/lib:/usr/lib/x86_64-linux-gnu/gazebo-11/plugins:/opt/ros/humble/opt/rviz_ogre_vendor/lib:/opt/ros/humble/lib/x86_64-linux-gnu:/opt/ros/humble/lib:/usr/lib/x86_64-linux-gnu/gazebo-11/plugins:/usr/lib/x86_64-linux-gnu/gazebo-11/plugins:/usr/lib/x86_64-linux-gnu/gazebo-11/plugins:/usr/lib/x86_64-linux-gnu/gazebo-11/plugins:/usr/lib/x86_64-linux-gnu/gazebo-11/plugins:/usr/lib/x86_64-linux-gnu/gazebo-11/plugins:/usr/lib/x86_64-linux-gnu/gazebo-11/plugins:/usr/lib/x86_64-linux-gnu/gazebo-11/plugins:/usr/lib/x86_64-linux-gnu/gazebo-11/plugins:/usr/lib/x86_64-linux-gnu/gazebo-11/plugins /usr/bin/cmake /home/synaaa/object_detection_test/yolov8 -DCMAKE_INSTALL_PREFIX=/home/synaaa/object_detection_test/install/yolov8
[4.271s] DEBUG:colcon.colcon_core.event_handler.log_command:Invoking command in '/home/synaaa/object_detection_test/build/yolov8': CMAKE_PREFIX_PATH=${CMAKE_PREFIX_PATH}:/opt/ros/humble LD_LIBRARY_PATH=/home/synaaa/object_detection_test/install/yolov8_def/lib:/usr/lib/x86_64-linux-gnu/gazebo-11/plugins:/opt/ros/humble/opt/rviz_ogre_vendor/lib:/opt/ros/humble/lib/x86_64-linux-gnu:/opt/ros/humble/lib:/usr/lib/x86_64-linux-gnu/gazebo-11/plugins:/usr/lib/x86_64-linux-gnu/gazebo-11/plugins:/usr/lib/x86_64-linux-gnu/gazebo-11/plugins:/usr/lib/x86_64-linux-gnu/gazebo-11/plugins:/usr/lib/x86_64-linux-gnu/gazebo-11/plugins:/usr/lib/x86_64-linux-gnu/gazebo-11/plugins:/usr/lib/x86_64-linux-gnu/gazebo-11/plugins:/usr/lib/x86_64-linux-gnu/gazebo-11/plugins:/usr/lib/x86_64-linux-gnu/gazebo-11/plugins:/usr/lib/x86_64-linux-gnu/gazebo-11/plugins /usr/bin/cmake --build /home/synaaa/object_detection_test/build/yolov8 -- -j16 -l16
[4.302s] DEBUG:colcon.colcon_core.event_handler.log_command:Invoked command in '/home/synaaa/object_detection_test/build/yolov8' returned '0': CMAKE_PREFIX_PATH=${CMAKE_PREFIX_PATH}:/opt/ros/humble LD_LIBRARY_PATH=/home/synaaa/object_detection_test/install/yolov8_def/lib:/usr/lib/x86_64-linux-gnu/gazebo-11/plugins:/opt/ros/humble/opt/rviz_ogre_vendor/lib:/opt/ros/humble/lib/x86_64-linux-gnu:/opt/ros/humble/lib:/usr/lib/x86_64-linux-gnu/gazebo-11/plugins:/usr/lib/x86_64-linux-gnu/gazebo-11/plugins:/usr/lib/x86_64-linux-gnu/gazebo-11/plugins:/usr/lib/x86_64-linux-gnu/gazebo-11/plugins:/usr/lib/x86_64-linux-gnu/gazebo-11/plugins:/usr/lib/x86_64-linux-gnu/gazebo-11/plugins:/usr/lib/x86_64-linux-gnu/gazebo-11/plugins:/usr/lib/x86_64-linux-gnu/gazebo-11/plugins:/usr/lib/x86_64-linux-gnu/gazebo-11/plugins:/usr/lib/x86_64-linux-gnu/gazebo-11/plugins /usr/bin/cmake --build /home/synaaa/object_detection_test/build/yolov8 -- -j16 -l16
[4.321s] DEBUG:colcon.colcon_core.event_handler.log_command:Invoking command in '/home/synaaa/object_detection_test/build/yolov8': CMAKE_PREFIX_PATH=${CMAKE_PREFIX_PATH}:/opt/ros/humble LD_LIBRARY_PATH=/home/synaaa/object_detection_test/install/yolov8_def/lib:/usr/lib/x86_64-linux-gnu/gazebo-11/plugins:/opt/ros/humble/opt/rviz_ogre_vendor/lib:/opt/ros/humble/lib/x86_64-linux-gnu:/opt/ros/humble/lib:/usr/lib/x86_64-linux-gnu/gazebo-11/plugins:/usr/lib/x86_64-linux-gnu/gazebo-11/plugins:/usr/lib/x86_64-linux-gnu/gazebo-11/plugins:/usr/lib/x86_64-linux-gnu/gazebo-11/plugins:/usr/lib/x86_64-linux-gnu/gazebo-11/plugins:/usr/lib/x86_64-linux-gnu/gazebo-11/plugins:/usr/lib/x86_64-linux-gnu/gazebo-11/plugins:/usr/lib/x86_64-linux-gnu/gazebo-11/plugins:/usr/lib/x86_64-linux-gnu/gazebo-11/plugins:/usr/lib/x86_64-linux-gnu/gazebo-11/plugins /usr/bin/cmake --install /home/synaaa/object_detection_test/build/yolov8
[4.336s] Level 1:colcon.colcon_core.environment:create_environment_scripts_only(yolov8)
[4.337s] Level 1:colcon.colcon_core.environment:checking '/home/synaaa/object_detection_test/install/yolov8' for CMake module files
[4.337s] DEBUG:colcon.colcon_core.event_handler.log_command:Invoked command in '/home/synaaa/object_detection_test/build/yolov8' returned '0': CMAKE_PREFIX_PATH=${CMAKE_PREFIX_PATH}:/opt/ros/humble LD_LIBRARY_PATH=/home/synaaa/object_detection_test/install/yolov8_def/lib:/usr/lib/x86_64-linux-gnu/gazebo-11/plugins:/opt/ros/humble/opt/rviz_ogre_vendor/lib:/opt/ros/humble/lib/x86_64-linux-gnu:/opt/ros/humble/lib:/usr/lib/x86_64-linux-gnu/gazebo-11/plugins:/usr/lib/x86_64-linux-gnu/gazebo-11/plugins:/usr/lib/x86_64-linux-gnu/gazebo-11/plugins:/usr/lib/x86_64-linux-gnu/gazebo-11/plugins:/usr/lib/x86_64-linux-gnu/gazebo-11/plugins:/usr/lib/x86_64-linux-gnu/gazebo-11/plugins:/usr/lib/x86_64-linux-gnu/gazebo-11/plugins:/usr/lib/x86_64-linux-gnu/gazebo-11/plugins:/usr/lib/x86_64-linux-gnu/gazebo-11/plugins:/usr/lib/x86_64-linux-gnu/gazebo-11/plugins /usr/bin/cmake --install /home/synaaa/object_detection_test/build/yolov8
[4.337s] Level 1:colcon.colcon_core.environment:checking '/home/synaaa/object_detection_test/install/yolov8' for CMake config files
[4.338s] Level 1:colcon.colcon_core.shell:create_environment_hook('yolov8', 'cmake_prefix_path')
[4.338s] INFO:colcon.colcon_core.shell:Creating environment hook '/home/synaaa/object_detection_test/install/yolov8/share/yolov8/hook/cmake_prefix_path.ps1'
[4.338s] INFO:colcon.colcon_core.shell:Creating environment descriptor '/home/synaaa/object_detection_test/install/yolov8/share/yolov8/hook/cmake_prefix_path.dsv'
[4.338s] INFO:colcon.colcon_core.shell:Creating environment hook '/home/synaaa/object_detection_test/install/yolov8/share/yolov8/hook/cmake_prefix_path.sh'
[4.339s] Level 1:colcon.colcon_core.environment:checking '/home/synaaa/object_detection_test/install/yolov8/lib'
[4.339s] Level 1:colcon.colcon_core.environment:checking '/home/synaaa/object_detection_test/install/yolov8/bin'
[4.339s] Level 1:colcon.colcon_core.environment:checking '/home/synaaa/object_detection_test/install/yolov8/lib/pkgconfig/yolov8.pc'
[4.339s] Level 1:colcon.colcon_core.environment:checking '/home/synaaa/object_detection_test/install/yolov8/lib/python3.10/site-packages'
[4.339s] Level 1:colcon.colcon_core.environment:checking '/home/synaaa/object_detection_test/install/yolov8/bin'
[4.339s] INFO:colcon.colcon_core.shell:Creating package script '/home/synaaa/object_detection_test/install/yolov8/share/yolov8/package.ps1'
[4.339s] INFO:colcon.colcon_core.shell:Creating package descriptor '/home/synaaa/object_detection_test/install/yolov8/share/yolov8/package.dsv'
[4.340s] INFO:colcon.colcon_core.shell:Creating package script '/home/synaaa/object_detection_test/install/yolov8/share/yolov8/package.sh'
[4.340s] INFO:colcon.colcon_core.shell:Creating package script '/home/synaaa/object_detection_test/install/yolov8/share/yolov8/package.bash'
[4.340s] INFO:colcon.colcon_core.shell:Creating package script '/home/synaaa/object_detection_test/install/yolov8/share/yolov8/package.zsh'
[4.340s] Level 1:colcon.colcon_core.environment:create_file_with_runtime_dependencies(/home/synaaa/object_detection_test/install/yolov8/share/colcon-core/packages/yolov8)
[4.360s] Level 1:colcon.colcon_core.environment:create_environment_scripts_only(yolov8)
[4.360s] Level 1:colcon.colcon_core.environment:checking '/home/synaaa/object_detection_test/install/yolov8' for CMake module files
[4.361s] Level 1:colcon.colcon_core.environment:checking '/home/synaaa/object_detection_test/install/yolov8' for CMake config files
[4.361s] Level 1:colcon.colcon_core.shell:create_environment_hook('yolov8', 'cmake_prefix_path')
[4.361s] INFO:colcon.colcon_core.shell:Creating environment hook '/home/synaaa/object_detection_test/install/yolov8/share/yolov8/hook/cmake_prefix_path.ps1'
[4.361s] INFO:colcon.colcon_core.shell:Creating environment descriptor '/home/synaaa/object_detection_test/install/yolov8/share/yolov8/hook/cmake_prefix_path.dsv'
[4.362s] INFO:colcon.colcon_core.shell:Creating environment hook '/home/synaaa/object_detection_test/install/yolov8/share/yolov8/hook/cmake_prefix_path.sh'
[4.362s] Level 1:colcon.colcon_core.environment:checking '/home/synaaa/object_detection_test/install/yolov8/lib'
[4.362s] Level 1:colcon.colcon_core.environment:checking '/home/synaaa/object_detection_test/install/yolov8/bin'
[4.362s] Level 1:colcon.colcon_core.environment:checking '/home/synaaa/object_detection_test/install/yolov8/lib/pkgconfig/yolov8.pc'
[4.362s] Level 1:colcon.colcon_core.environment:checking '/home/synaaa/object_detection_test/install/yolov8/lib/python3.10/site-packages'
[4.362s] Level 1:colcon.colcon_core.environment:checking '/home/synaaa/object_detection_test/install/yolov8/bin'
[4.363s] INFO:colcon.colcon_core.shell:Creating package script '/home/synaaa/object_detection_test/install/yolov8/share/yolov8/package.ps1'
[4.363s] INFO:colcon.colcon_core.shell:Creating package descriptor '/home/synaaa/object_detection_test/install/yolov8/share/yolov8/package.dsv'
[4.363s] INFO:colcon.colcon_core.shell:Creating package script '/home/synaaa/object_detection_test/install/yolov8/share/yolov8/package.sh'
[4.363s] INFO:colcon.colcon_core.shell:Creating package script '/home/synaaa/object_detection_test/install/yolov8/share/yolov8/package.bash'
[4.364s] INFO:colcon.colcon_core.shell:Creating package script '/home/synaaa/object_detection_test/install/yolov8/share/yolov8/package.zsh'
[4.364s] Level 1:colcon.colcon_core.environment:create_file_with_runtime_dependencies(/home/synaaa/object_detection_test/install/yolov8/share/colcon-core/packages/yolov8)
[4.364s] DEBUG:colcon.colcon_parallel_executor.executor.parallel:closing loop
[4.364s] DEBUG:colcon.colcon_parallel_executor.executor.parallel:loop closed
[4.364s] DEBUG:colcon.colcon_parallel_executor.executor.parallel:run_until_complete finished with '0'
[4.364s] DEBUG:colcon.colcon_core.event_reactor:joining thread
[4.368s] INFO:colcon.colcon_core.plugin_system:Skipping extension 'colcon_notification.desktop_notification.terminal_notifier': Not used on non-Darwin systems
[4.368s] INFO:colcon.colcon_core.plugin_system:Skipping extension 'colcon_notification.desktop_notification.win32': Not used on non-Windows systems
[4.368s] INFO:colcon.colcon_notification.desktop_notification:Sending desktop notification using 'notify2'
[4.376s] DEBUG:colcon.colcon_core.event_reactor:joined thread
[4.376s] INFO:colcon.colcon_core.shell:Creating prefix script '/home/synaaa/object_detection_test/install/local_setup.ps1'
[4.377s] INFO:colcon.colcon_core.shell:Creating prefix util module '/home/synaaa/object_detection_test/install/_local_setup_util_ps1.py'
[4.378s] INFO:colcon.colcon_core.shell:Creating prefix chain script '/home/synaaa/object_detection_test/install/setup.ps1'
[4.378s] INFO:colcon.colcon_core.shell:Creating prefix script '/home/synaaa/object_detection_test/install/local_setup.sh'
[4.379s] INFO:colcon.colcon_core.shell:Creating prefix util module '/home/synaaa/object_detection_test/install/_local_setup_util_sh.py'
[4.379s] INFO:colcon.colcon_core.shell:Creating prefix chain script '/home/synaaa/object_detection_test/install/setup.sh'
[4.380s] INFO:colcon.colcon_core.shell:Creating prefix script '/home/synaaa/object_detection_test/install/local_setup.bash'
[4.380s] INFO:colcon.colcon_core.shell:Creating prefix chain script '/home/synaaa/object_detection_test/install/setup.bash'
[4.381s] INFO:colcon.colcon_core.shell:Creating prefix script '/home/synaaa/object_detection_test/install/local_setup.zsh'
[4.381s] INFO:colcon.colcon_core.shell:Creating prefix chain script '/home/synaaa/object_detection_test/install/setup.zsh'
