[0.008s] Invoking command in '/home/synaaa/object_detection_test/build/yolov8_def': CMAKE_PREFIX_PATH=${CMAKE_PREFIX_PATH}:/opt/ros/humble /usr/bin/cmake /home/synaaa/object_detection_test/yolov8_def -DCMAKE_INSTALL_PREFIX=/home/synaaa/object_detection_test/install/yolov8_def
[0.017s] -- Found ament_cmake: 1.3.10 (/opt/ros/humble/share/ament_cmake/cmake)
[0.105s] -- Found std_msgs: 4.2.4 (/opt/ros/humble/share/std_msgs/cmake)
[0.123s] -- Found rosidl_generator_c: 3.1.5 (/opt/ros/humble/share/rosidl_generator_c/cmake)
[0.124s] -- Found rosidl_adapter: 3.1.5 (/opt/ros/humble/share/rosidl_adapter/cmake)
[0.128s] -- Found rosidl_generator_cpp: 3.1.5 (/opt/ros/humble/share/rosidl_generator_cpp/cmake)
[0.135s] -- Using all available rosidl_typesupport_c: rosidl_typesupport_fastrtps_c;rosidl_typesupport_introspection_c
[0.143s] -- Using all available rosidl_typesupport_cpp: rosidl_typesupport_fastrtps_cpp;rosidl_typesupport_introspection_cpp
[0.158s] -- Found rosidl_default_generators: 1.2.0 (/opt/ros/humble/share/rosidl_default_generators/cmake)
[0.357s] -- Found ament_cmake_ros: 0.10.0 (/opt/ros/humble/share/ament_cmake_ros/cmake)
[0.624s] -- Using all available rosidl_typesupport_c: rosidl_typesupport_fastrtps_c;rosidl_typesupport_introspection_c
[0.726s] -- Using all available rosidl_typesupport_cpp: rosidl_typesupport_fastrtps_cpp;rosidl_typesupport_introspection_cpp
[0.743s] -- Found PythonInterp: /usr/bin/python3 (found suitable version "3.10.12", minimum required is "3.6") 
[0.745s] -- Found python_cmake_module: 0.10.0 (/opt/ros/humble/share/python_cmake_module/cmake)
[0.765s] -- Found PythonLibs: /usr/lib/x86_64-linux-gnu/libpython3.10.so (found suitable version "3.10.12", minimum required is "3.5") 
[0.765s] -- Using PYTHON_EXECUTABLE: /usr/bin/python3
[0.766s] -- Using PYTHON_INCLUDE_DIRS: /usr/include/python3.10
[0.766s] -- Using PYTHON_LIBRARIES: /usr/lib/x86_64-linux-gnu/libpython3.10.so
[0.781s] -- Found PythonExtra: .so  
[0.817s] -- Found ament_lint_auto: 0.12.11 (/opt/ros/humble/share/ament_lint_auto/cmake)
[0.836s] -- Added test 'copyright' to check source files copyright and LICENSE
[0.837s] -- Added test 'lint_cmake' to check CMake code style
[0.838s] -- Added test 'xmllint' to check XML markup files
[0.840s] -- Configuring done
[0.869s] -- Generating done
[0.871s] -- Build files have been written to: /home/synaaa/object_detection_test/build/yolov8_def
[0.877s] Invoked command in '/home/synaaa/object_detection_test/build/yolov8_def' returned '0': CMAKE_PREFIX_PATH=${CMAKE_PREFIX_PATH}:/opt/ros/humble /usr/bin/cmake /home/synaaa/object_detection_test/yolov8_def -DCMAKE_INSTALL_PREFIX=/home/synaaa/object_detection_test/install/yolov8_def
[0.878s] Invoking command in '/home/synaaa/object_detection_test/build/yolov8_def': CMAKE_PREFIX_PATH=${CMAKE_PREFIX_PATH}:/opt/ros/humble /usr/bin/cmake --build /home/synaaa/object_detection_test/build/yolov8_def -- -j16 -l16
[0.911s] [  2%] [34m[1mGenerating C code for ROS interfaces[0m
[0.919s] [  4%] [34m[1mGenerating C++ code for ROS interfaces[0m
[0.927s] [  4%] Built target ament_cmake_python_copy_yolov8_def
[1.116s] running egg_info
[1.116s] creating yolov8_def.egg-info
[1.129s] writing yolov8_def.egg-info/PKG-INFO
[1.129s] writing dependency_links to yolov8_def.egg-info/dependency_links.txt
[1.130s] writing top-level names to yolov8_def.egg-info/top_level.txt
[1.130s] writing manifest file 'yolov8_def.egg-info/SOURCES.txt'
[1.172s] reading manifest file 'yolov8_def.egg-info/SOURCES.txt'
[1.173s] writing manifest file 'yolov8_def.egg-info/SOURCES.txt'
[1.182s] [  4%] Built target yolov8_def__cpp
[1.192s] [ 14%] [32mBuilding C object CMakeFiles/yolov8_def__rosidl_generator_c.dir/rosidl_generator_c/yolov8_def/msg/detail/target_offset__functions.c.o[0m
[1.192s] [ 14%] [32mBuilding C object CMakeFiles/yolov8_def__rosidl_generator_c.dir/rosidl_generator_c/yolov8_def/msg/detail/boundingboxresult__functions.c.o[0m
[1.192s] [ 14%] [32mBuilding C object CMakeFiles/yolov8_def__rosidl_generator_c.dir/rosidl_generator_c/yolov8_def/msg/detail/yolo_raw_info__functions.c.o[0m
[1.192s] [ 14%] [34m[1mGenerating C++ introspection for ROS interfaces[0m
[1.192s] [ 14%] [34m[1mGenerating C++ type support for eProsima Fast-RTPS[0m
[1.192s] [ 17%] [34m[1mGenerating C++ type support dispatch for ROS interfaces[0m
[1.198s] [ 17%] Built target ament_cmake_python_build_yolov8_def_egg
[1.215s] In file included from [01m[K/home/synaaa/object_detection_test/build/yolov8_def/rosidl_generator_c/yolov8_def/msg/detail/yolo_raw_info__functions.h:19[m[K,
[1.215s]                  from [01m[K/home/synaaa/object_detection_test/build/yolov8_def/rosidl_generator_c/yolov8_def/msg/detail/yolo_raw_info__functions.c:4[m[K:
[1.215s] [01m[K/home/synaaa/object_detection_test/build/yolov8_def/rosidl_generator_c/yolov8_def/msg/detail/yolo_raw_info__struct.h:24:10:[m[K [01;31m[Kfatal error: [m[Kyolov8_def/msg/detail/inference_result__struct.h: No such file or directory
[1.215s]    24 | #include [01;31m[K"yolov8_def/msg/detail/inference_result__struct.h"[m[K
[1.215s]       |          [01;31m[K^~~~~~~~~~~~~~~~~~~~~~~~~~~~~~~~~~~~~~~~~~~~~~~~~~[m[K
[1.216s] compilation terminated.
[1.216s] gmake[2]: *** [CMakeFiles/yolov8_def__rosidl_generator_c.dir/build.make:183: CMakeFiles/yolov8_def__rosidl_generator_c.dir/rosidl_generator_c/yolov8_def/msg/detail/yolo_raw_info__functions.c.o] Error 1
[1.216s] gmake[2]: *** Waiting for unfinished jobs....
[1.242s] gmake[1]: *** [CMakeFiles/Makefile2:213: CMakeFiles/yolov8_def__rosidl_generator_c.dir/all] Error 2
[1.242s] gmake[1]: *** Waiting for unfinished jobs....
[1.388s] [ 23%] [32mBuilding CXX object CMakeFiles/yolov8_def__rosidl_typesupport_cpp.dir/rosidl_typesupport_cpp/yolov8_def/msg/target_offset__type_support.cpp.o[0m
[1.388s] [ 23%] [32mBuilding CXX object CMakeFiles/yolov8_def__rosidl_typesupport_cpp.dir/rosidl_typesupport_cpp/yolov8_def/msg/yolo_raw_info__type_support.cpp.o[0m
[1.388s] [ 23%] [32mBuilding CXX object CMakeFiles/yolov8_def__rosidl_typesupport_cpp.dir/rosidl_typesupport_cpp/yolov8_def/msg/boundingboxresult__type_support.cpp.o[0m
[1.414s] [ 29%] [32mBuilding CXX object CMakeFiles/yolov8_def__rosidl_typesupport_introspection_cpp.dir/rosidl_typesupport_introspection_cpp/yolov8_def/msg/detail/target_offset__type_support.cpp.o[0m
[1.414s] [ 29%] [32mBuilding CXX object CMakeFiles/yolov8_def__rosidl_typesupport_introspection_cpp.dir/rosidl_typesupport_introspection_cpp/yolov8_def/msg/detail/yolo_raw_info__type_support.cpp.o[0m
[1.414s] [ 29%] [32mBuilding CXX object CMakeFiles/yolov8_def__rosidl_typesupport_introspection_cpp.dir/rosidl_typesupport_introspection_cpp/yolov8_def/msg/detail/boundingboxresult__type_support.cpp.o[0m
[1.434s] [ 36%] [32mBuilding CXX object CMakeFiles/yolov8_def__rosidl_typesupport_fastrtps_cpp.dir/rosidl_typesupport_fastrtps_cpp/yolov8_def/msg/detail/dds_fastrtps/yolo_raw_info__type_support.cpp.o[0m
[1.435s] [ 36%] [32mBuilding CXX object CMakeFiles/yolov8_def__rosidl_typesupport_fastrtps_cpp.dir/rosidl_typesupport_fastrtps_cpp/yolov8_def/msg/detail/dds_fastrtps/target_offset__type_support.cpp.o[0m
[1.435s] [ 36%] [32mBuilding CXX object CMakeFiles/yolov8_def__rosidl_typesupport_fastrtps_cpp.dir/rosidl_typesupport_fastrtps_cpp/yolov8_def/msg/detail/dds_fastrtps/boundingboxresult__type_support.cpp.o[0m
[1.464s] In file included from [01m[K/home/synaaa/object_detection_test/build/yolov8_def/rosidl_typesupport_cpp/yolov8_def/msg/yolo_raw_info__type_support.cpp:7[m[K:
[1.464s] [01m[K/home/synaaa/object_detection_test/build/yolov8_def/rosidl_generator_cpp/yolov8_def/msg/detail/yolo_raw_info__struct.hpp:22:10:[m[K [01;31m[Kfatal error: [m[Kyolov8_def/msg/detail/inference_result__struct.hpp: No such file or directory
[1.464s]    22 | #include [01;31m[K"yolov8_def/msg/detail/inference_result__struct.hpp"[m[K
[1.464s]       |          [01;31m[K^~~~~~~~~~~~~~~~~~~~~~~~~~~~~~~~~~~~~~~~~~~~~~~~~~~~[m[K
[1.464s] compilation terminated.
[1.466s] gmake[2]: *** [CMakeFiles/yolov8_def__rosidl_typesupport_cpp.dir/build.make:140: CMakeFiles/yolov8_def__rosidl_typesupport_cpp.dir/rosidl_typesupport_cpp/yolov8_def/msg/yolo_raw_info__type_support.cpp.o] Error 1
[1.466s] gmake[2]: *** Waiting for unfinished jobs....
[1.482s] In file included from [01m[K/home/synaaa/object_detection_test/build/yolov8_def/rosidl_typesupport_introspection_cpp/yolov8_def/msg/detail/yolo_raw_info__type_support.cpp:12[m[K:
[1.482s] [01m[K/home/synaaa/object_detection_test/build/yolov8_def/rosidl_generator_cpp/yolov8_def/msg/detail/yolo_raw_info__struct.hpp:22:10:[m[K [01;31m[Kfatal error: [m[Kyolov8_def/msg/detail/inference_result__struct.hpp: No such file or directory
[1.482s]    22 | #include [01;31m[K"yolov8_def/msg/detail/inference_result__struct.hpp"[m[K
[1.482s]       |          [01;31m[K^~~~~~~~~~~~~~~~~~~~~~~~~~~~~~~~~~~~~~~~~~~~~~~~~~~~[m[K
[1.482s] compilation terminated.
[1.483s] In file included from [01m[K/home/synaaa/object_detection_test/build/yolov8_def/rosidl_typesupport_fastrtps_cpp/yolov8_def/msg/detail/yolo_raw_info__rosidl_typesupport_fastrtps_cpp.hpp:11[m[K,
[1.483s]                  from [01m[K/home/synaaa/object_detection_test/build/yolov8_def/rosidl_typesupport_fastrtps_cpp/yolov8_def/msg/detail/dds_fastrtps/yolo_raw_info__type_support.cpp:4[m[K:
[1.483s] [01m[K/home/synaaa/object_detection_test/build/yolov8_def/rosidl_generator_cpp/yolov8_def/msg/detail/yolo_raw_info__struct.hpp:22:10:[m[K [01;31m[Kfatal error: [m[Kyolov8_def/msg/detail/inference_result__struct.hpp: No such file or directory
[1.483s]    22 | #include [01;31m[K"yolov8_def/msg/detail/inference_result__struct.hpp"[m[K
[1.483s]       |          [01;31m[K^~~~~~~~~~~~~~~~~~~~~~~~~~~~~~~~~~~~~~~~~~~~~~~~~~~~[m[K
[1.483s] compilation terminated.
[1.484s] gmake[2]: *** [CMakeFiles/yolov8_def__rosidl_typesupport_fastrtps_cpp.dir/build.make:151: CMakeFiles/yolov8_def__rosidl_typesupport_fastrtps_cpp.dir/rosidl_typesupport_fastrtps_cpp/yolov8_def/msg/detail/dds_fastrtps/yolo_raw_info__type_support.cpp.o] Error 1
[1.484s] gmake[2]: *** Waiting for unfinished jobs....
[1.484s] gmake[2]: *** [CMakeFiles/yolov8_def__rosidl_typesupport_introspection_cpp.dir/build.make:151: CMakeFiles/yolov8_def__rosidl_typesupport_introspection_cpp.dir/rosidl_typesupport_introspection_cpp/yolov8_def/msg/detail/yolo_raw_info__type_support.cpp.o] Error 1
[1.484s] gmake[2]: *** Waiting for unfinished jobs....
[1.628s] gmake[1]: *** [CMakeFiles/Makefile2:395: CMakeFiles/yolov8_def__rosidl_typesupport_cpp.dir/all] Error 2
[1.705s] gmake[1]: *** [CMakeFiles/Makefile2:369: CMakeFiles/yolov8_def__rosidl_typesupport_introspection_cpp.dir/all] Error 2
[1.734s] gmake[1]: *** [CMakeFiles/Makefile2:291: CMakeFiles/yolov8_def__rosidl_typesupport_fastrtps_cpp.dir/all] Error 2
[1.734s] gmake: *** [Makefile:146: all] Error 2
[1.736s] Invoked command in '/home/synaaa/object_detection_test/build/yolov8_def' returned '2': CMAKE_PREFIX_PATH=${CMAKE_PREFIX_PATH}:/opt/ros/humble /usr/bin/cmake --build /home/synaaa/object_detection_test/build/yolov8_def -- -j16 -l16
