[0.009s] Invoking command in '/home/synaaa/object_detection_test/build/yolov8': CMAKE_PREFIX_PATH=${CMAKE_PREFIX_PATH}:/opt/ros/humble LD_LIBRARY_PATH=/home/synaaa/object_detection_test/install/yolov8_def/lib:/usr/lib/x86_64-linux-gnu/gazebo-11/plugins:/opt/ros/humble/opt/rviz_ogre_vendor/lib:/opt/ros/humble/lib/x86_64-linux-gnu:/opt/ros/humble/lib:/usr/lib/x86_64-linux-gnu/gazebo-11/plugins:/usr/lib/x86_64-linux-gnu/gazebo-11/plugins:/usr/lib/x86_64-linux-gnu/gazebo-11/plugins:/usr/lib/x86_64-linux-gnu/gazebo-11/plugins:/usr/lib/x86_64-linux-gnu/gazebo-11/plugins:/usr/lib/x86_64-linux-gnu/gazebo-11/plugins:/usr/lib/x86_64-linux-gnu/gazebo-11/plugins:/usr/lib/x86_64-linux-gnu/gazebo-11/plugins:/usr/lib/x86_64-linux-gnu/gazebo-11/plugins:/usr/lib/x86_64-linux-gnu/gazebo-11/plugins /usr/bin/cmake --build /home/synaaa/object_detection_test/build/yolov8 -- -j16 -l16
[0.043s] Invoked command in '/home/synaaa/object_detection_test/build/yolov8' returned '0': CMAKE_PREFIX_PATH=${CMAKE_PREFIX_PATH}:/opt/ros/humble LD_LIBRARY_PATH=/home/synaaa/object_detection_test/install/yolov8_def/lib:/usr/lib/x86_64-linux-gnu/gazebo-11/plugins:/opt/ros/humble/opt/rviz_ogre_vendor/lib:/opt/ros/humble/lib/x86_64-linux-gnu:/opt/ros/humble/lib:/usr/lib/x86_64-linux-gnu/gazebo-11/plugins:/usr/lib/x86_64-linux-gnu/gazebo-11/plugins:/usr/lib/x86_64-linux-gnu/gazebo-11/plugins:/usr/lib/x86_64-linux-gnu/gazebo-11/plugins:/usr/lib/x86_64-linux-gnu/gazebo-11/plugins:/usr/lib/x86_64-linux-gnu/gazebo-11/plugins:/usr/lib/x86_64-linux-gnu/gazebo-11/plugins:/usr/lib/x86_64-linux-gnu/gazebo-11/plugins:/usr/lib/x86_64-linux-gnu/gazebo-11/plugins:/usr/lib/x86_64-linux-gnu/gazebo-11/plugins /usr/bin/cmake --build /home/synaaa/object_detection_test/build/yolov8 -- -j16 -l16
[0.063s] Invoking command in '/home/synaaa/object_detection_test/build/yolov8': CMAKE_PREFIX_PATH=${CMAKE_PREFIX_PATH}:/opt/ros/humble LD_LIBRARY_PATH=/home/synaaa/object_detection_test/install/yolov8_def/lib:/usr/lib/x86_64-linux-gnu/gazebo-11/plugins:/opt/ros/humble/opt/rviz_ogre_vendor/lib:/opt/ros/humble/lib/x86_64-linux-gnu:/opt/ros/humble/lib:/usr/lib/x86_64-linux-gnu/gazebo-11/plugins:/usr/lib/x86_64-linux-gnu/gazebo-11/plugins:/usr/lib/x86_64-linux-gnu/gazebo-11/plugins:/usr/lib/x86_64-linux-gnu/gazebo-11/plugins:/usr/lib/x86_64-linux-gnu/gazebo-11/plugins:/usr/lib/x86_64-linux-gnu/gazebo-11/plugins:/usr/lib/x86_64-linux-gnu/gazebo-11/plugins:/usr/lib/x86_64-linux-gnu/gazebo-11/plugins:/usr/lib/x86_64-linux-gnu/gazebo-11/plugins:/usr/lib/x86_64-linux-gnu/gazebo-11/plugins /usr/bin/cmake --install /home/synaaa/object_detection_test/build/yolov8
[0.069s] -- Install configuration: ""
[0.069s] -- Up-to-date: /home/synaaa/object_detection_test/install/yolov8/share/yolov8//scripts
[0.069s] -- Up-to-date: /home/synaaa/object_detection_test/install/yolov8/share/yolov8//scripts/yolov8_model.py
[0.069s] -- Up-to-date: /home/synaaa/object_detection_test/install/yolov8/share/yolov8//scripts/best.pt
[0.069s] -- Up-to-date: /home/synaaa/object_detection_test/install/yolov8/share/yolov8//scripts/yolov8_TargetFollower.py
[0.069s] -- Up-to-date: /home/synaaa/object_detection_test/install/yolov8/share/yolov8//launch
[0.069s] -- Up-to-date: /home/synaaa/object_detection_test/install/yolov8/share/yolov8//launch/launch_yolov8.py
[0.069s] -- Up-to-date: /home/synaaa/object_detection_test/install/yolov8/lib/yolov8/yolov8_model.py
[0.069s] -- Up-to-date: /home/synaaa/object_detection_test/install/yolov8/lib/yolov8/yolov8_TargetFollower.py
[0.069s] -- Up-to-date: /home/synaaa/object_detection_test/install/yolov8/lib/yolov8/launch_yolov8.py
[0.069s] -- Up-to-date: /home/synaaa/object_detection_test/install/yolov8/share/ament_index/resource_index/package_run_dependencies/yolov8
[0.069s] -- Up-to-date: /home/synaaa/object_detection_test/install/yolov8/share/ament_index/resource_index/parent_prefix_path/yolov8
[0.070s] -- Up-to-date: /home/synaaa/object_detection_test/install/yolov8/share/yolov8/environment/ament_prefix_path.sh
[0.070s] -- Up-to-date: /home/synaaa/object_detection_test/install/yolov8/share/yolov8/environment/ament_prefix_path.dsv
[0.070s] -- Up-to-date: /home/synaaa/object_detection_test/install/yolov8/share/yolov8/environment/path.sh
[0.070s] -- Up-to-date: /home/synaaa/object_detection_test/install/yolov8/share/yolov8/environment/path.dsv
[0.070s] -- Up-to-date: /home/synaaa/object_detection_test/install/yolov8/share/yolov8/local_setup.bash
[0.070s] -- Up-to-date: /home/synaaa/object_detection_test/install/yolov8/share/yolov8/local_setup.sh
[0.070s] -- Up-to-date: /home/synaaa/object_detection_test/install/yolov8/share/yolov8/local_setup.zsh
[0.070s] -- Up-to-date: /home/synaaa/object_detection_test/install/yolov8/share/yolov8/local_setup.dsv
[0.070s] -- Up-to-date: /home/synaaa/object_detection_test/install/yolov8/share/yolov8/package.dsv
[0.070s] -- Up-to-date: /home/synaaa/object_detection_test/install/yolov8/share/ament_index/resource_index/packages/yolov8
[0.070s] -- Up-to-date: /home/synaaa/object_detection_test/install/yolov8/share/yolov8/cmake/yolov8Config.cmake
[0.070s] -- Up-to-date: /home/synaaa/object_detection_test/install/yolov8/share/yolov8/cmake/yolov8Config-version.cmake
[0.070s] -- Up-to-date: /home/synaaa/object_detection_test/install/yolov8/share/yolov8/package.xml
[0.071s] Invoked command in '/home/synaaa/object_detection_test/build/yolov8' returned '0': CMAKE_PREFIX_PATH=${CMAKE_PREFIX_PATH}:/opt/ros/humble LD_LIBRARY_PATH=/home/synaaa/object_detection_test/install/yolov8_def/lib:/usr/lib/x86_64-linux-gnu/gazebo-11/plugins:/opt/ros/humble/opt/rviz_ogre_vendor/lib:/opt/ros/humble/lib/x86_64-linux-gnu:/opt/ros/humble/lib:/usr/lib/x86_64-linux-gnu/gazebo-11/plugins:/usr/lib/x86_64-linux-gnu/gazebo-11/plugins:/usr/lib/x86_64-linux-gnu/gazebo-11/plugins:/usr/lib/x86_64-linux-gnu/gazebo-11/plugins:/usr/lib/x86_64-linux-gnu/gazebo-11/plugins:/usr/lib/x86_64-linux-gnu/gazebo-11/plugins:/usr/lib/x86_64-linux-gnu/gazebo-11/plugins:/usr/lib/x86_64-linux-gnu/gazebo-11/plugins:/usr/lib/x86_64-linux-gnu/gazebo-11/plugins:/usr/lib/x86_64-linux-gnu/gazebo-11/plugins /usr/bin/cmake --install /home/synaaa/object_detection_test/build/yolov8
