[0.008s] Invoking command in '/home/synaaa/object_detection_test/build/yolov8': CMAKE_PREFIX_PATH=${CMAKE_PREFIX_PATH}:/opt/ros/humble LD_LIBRARY_PATH=/home/synaaa/object_detection_test/install/yolov8_def/lib:/usr/lib/x86_64-linux-gnu/gazebo-11/plugins:/opt/ros/humble/opt/rviz_ogre_vendor/lib:/opt/ros/humble/lib/x86_64-linux-gnu:/opt/ros/humble/lib:/usr/lib/x86_64-linux-gnu/gazebo-11/plugins:/usr/lib/x86_64-linux-gnu/gazebo-11/plugins:/usr/lib/x86_64-linux-gnu/gazebo-11/plugins:/usr/lib/x86_64-linux-gnu/gazebo-11/plugins:/usr/lib/x86_64-linux-gnu/gazebo-11/plugins:/usr/lib/x86_64-linux-gnu/gazebo-11/plugins:/usr/lib/x86_64-linux-gnu/gazebo-11/plugins:/usr/lib/x86_64-linux-gnu/gazebo-11/plugins:/usr/lib/x86_64-linux-gnu/gazebo-11/plugins:/usr/lib/x86_64-linux-gnu/gazebo-11/plugins /usr/bin/cmake /home/synaaa/object_detection_test/yolov8 -DCMAKE_INSTALL_PREFIX=/home/synaaa/object_detection_test/install/yolov8
[0.050s] -- The C compiler identification is GNU 11.4.0
[0.093s] -- The CXX compiler identification is GNU 11.4.0
[0.099s] -- Detecting C compiler ABI info
[0.155s] -- Detecting C compiler ABI info - done
[0.160s] -- Check for working C compiler: /usr/bin/cc - skipped
[0.160s] -- Detecting C compile features
[0.161s] -- Detecting C compile features - done
[0.163s] -- Detecting CXX compiler ABI info
[0.227s] -- Detecting CXX compiler ABI info - done
[0.232s] -- Check for working CXX compiler: /usr/bin/c++ - skipped
[0.232s] -- Detecting CXX compile features
[0.232s] -- Detecting CXX compile features - done
[0.234s] -- Found ament_cmake: 1.3.10 (/opt/ros/humble/share/ament_cmake/cmake)
[0.503s] -- Found Python3: /usr/bin/python3 (found version "3.10.12") found components: Interpreter 
[0.571s] -- Found ament_lint_auto: 0.12.11 (/opt/ros/humble/share/ament_lint_auto/cmake)
[0.632s] -- Added test 'copyright' to check source files copyright and LICENSE
[0.633s] -- Added test 'flake8' to check Python code syntax and style conventions
[0.633s] -- Added test 'lint_cmake' to check CMake code style
[0.634s] -- Added test 'pep257' to check Python code against some of the docstring style conventions in PEP 257
[0.634s] -- Added test 'xmllint' to check XML markup files
[0.635s] -- Configuring done
[0.638s] -- Generating done
[0.639s] -- Build files have been written to: /home/synaaa/object_detection_test/build/yolov8
[0.643s] Invoked command in '/home/synaaa/object_detection_test/build/yolov8' returned '0': CMAKE_PREFIX_PATH=${CMAKE_PREFIX_PATH}:/opt/ros/humble LD_LIBRARY_PATH=/home/synaaa/object_detection_test/install/yolov8_def/lib:/usr/lib/x86_64-linux-gnu/gazebo-11/plugins:/opt/ros/humble/opt/rviz_ogre_vendor/lib:/opt/ros/humble/lib/x86_64-linux-gnu:/opt/ros/humble/lib:/usr/lib/x86_64-linux-gnu/gazebo-11/plugins:/usr/lib/x86_64-linux-gnu/gazebo-11/plugins:/usr/lib/x86_64-linux-gnu/gazebo-11/plugins:/usr/lib/x86_64-linux-gnu/gazebo-11/plugins:/usr/lib/x86_64-linux-gnu/gazebo-11/plugins:/usr/lib/x86_64-linux-gnu/gazebo-11/plugins:/usr/lib/x86_64-linux-gnu/gazebo-11/plugins:/usr/lib/x86_64-linux-gnu/gazebo-11/plugins:/usr/lib/x86_64-linux-gnu/gazebo-11/plugins:/usr/lib/x86_64-linux-gnu/gazebo-11/plugins /usr/bin/cmake /home/synaaa/object_detection_test/yolov8 -DCMAKE_INSTALL_PREFIX=/home/synaaa/object_detection_test/install/yolov8
[0.644s] Invoking command in '/home/synaaa/object_detection_test/build/yolov8': CMAKE_PREFIX_PATH=${CMAKE_PREFIX_PATH}:/opt/ros/humble LD_LIBRARY_PATH=/home/synaaa/object_detection_test/install/yolov8_def/lib:/usr/lib/x86_64-linux-gnu/gazebo-11/plugins:/opt/ros/humble/opt/rviz_ogre_vendor/lib:/opt/ros/humble/lib/x86_64-linux-gnu:/opt/ros/humble/lib:/usr/lib/x86_64-linux-gnu/gazebo-11/plugins:/usr/lib/x86_64-linux-gnu/gazebo-11/plugins:/usr/lib/x86_64-linux-gnu/gazebo-11/plugins:/usr/lib/x86_64-linux-gnu/gazebo-11/plugins:/usr/lib/x86_64-linux-gnu/gazebo-11/plugins:/usr/lib/x86_64-linux-gnu/gazebo-11/plugins:/usr/lib/x86_64-linux-gnu/gazebo-11/plugins:/usr/lib/x86_64-linux-gnu/gazebo-11/plugins:/usr/lib/x86_64-linux-gnu/gazebo-11/plugins:/usr/lib/x86_64-linux-gnu/gazebo-11/plugins /usr/bin/cmake --build /home/synaaa/object_detection_test/build/yolov8 -- -j16 -l16
[0.674s] Invoked command in '/home/synaaa/object_detection_test/build/yolov8' returned '0': CMAKE_PREFIX_PATH=${CMAKE_PREFIX_PATH}:/opt/ros/humble LD_LIBRARY_PATH=/home/synaaa/object_detection_test/install/yolov8_def/lib:/usr/lib/x86_64-linux-gnu/gazebo-11/plugins:/opt/ros/humble/opt/rviz_ogre_vendor/lib:/opt/ros/humble/lib/x86_64-linux-gnu:/opt/ros/humble/lib:/usr/lib/x86_64-linux-gnu/gazebo-11/plugins:/usr/lib/x86_64-linux-gnu/gazebo-11/plugins:/usr/lib/x86_64-linux-gnu/gazebo-11/plugins:/usr/lib/x86_64-linux-gnu/gazebo-11/plugins:/usr/lib/x86_64-linux-gnu/gazebo-11/plugins:/usr/lib/x86_64-linux-gnu/gazebo-11/plugins:/usr/lib/x86_64-linux-gnu/gazebo-11/plugins:/usr/lib/x86_64-linux-gnu/gazebo-11/plugins:/usr/lib/x86_64-linux-gnu/gazebo-11/plugins:/usr/lib/x86_64-linux-gnu/gazebo-11/plugins /usr/bin/cmake --build /home/synaaa/object_detection_test/build/yolov8 -- -j16 -l16
[0.694s] Invoking command in '/home/synaaa/object_detection_test/build/yolov8': CMAKE_PREFIX_PATH=${CMAKE_PREFIX_PATH}:/opt/ros/humble LD_LIBRARY_PATH=/home/synaaa/object_detection_test/install/yolov8_def/lib:/usr/lib/x86_64-linux-gnu/gazebo-11/plugins:/opt/ros/humble/opt/rviz_ogre_vendor/lib:/opt/ros/humble/lib/x86_64-linux-gnu:/opt/ros/humble/lib:/usr/lib/x86_64-linux-gnu/gazebo-11/plugins:/usr/lib/x86_64-linux-gnu/gazebo-11/plugins:/usr/lib/x86_64-linux-gnu/gazebo-11/plugins:/usr/lib/x86_64-linux-gnu/gazebo-11/plugins:/usr/lib/x86_64-linux-gnu/gazebo-11/plugins:/usr/lib/x86_64-linux-gnu/gazebo-11/plugins:/usr/lib/x86_64-linux-gnu/gazebo-11/plugins:/usr/lib/x86_64-linux-gnu/gazebo-11/plugins:/usr/lib/x86_64-linux-gnu/gazebo-11/plugins:/usr/lib/x86_64-linux-gnu/gazebo-11/plugins /usr/bin/cmake --install /home/synaaa/object_detection_test/build/yolov8
[0.700s] -- Install configuration: ""
[0.700s] -- Installing: /home/synaaa/object_detection_test/install/yolov8/share/yolov8//scripts
[0.700s] -- Installing: /home/synaaa/object_detection_test/install/yolov8/share/yolov8//scripts/yolov8_model.py
[0.700s] -- Installing: /home/synaaa/object_detection_test/install/yolov8/share/yolov8//scripts/best.pt
[0.705s] -- Installing: /home/synaaa/object_detection_test/install/yolov8/share/yolov8//scripts/yolov8_TargetFollower.py
[0.706s] -- Installing: /home/synaaa/object_detection_test/install/yolov8/share/yolov8//launch
[0.706s] -- Installing: /home/synaaa/object_detection_test/install/yolov8/share/yolov8//launch/launch_yolov8.py
[0.706s] -- Installing: /home/synaaa/object_detection_test/install/yolov8/lib/yolov8/yolov8_model.py
[0.706s] -- Installing: /home/synaaa/object_detection_test/install/yolov8/lib/yolov8/yolov8_TargetFollower.py
[0.706s] -- Installing: /home/synaaa/object_detection_test/install/yolov8/lib/yolov8/launch_yolov8.py
[0.706s] -- Installing: /home/synaaa/object_detection_test/install/yolov8/share/ament_index/resource_index/package_run_dependencies/yolov8
[0.706s] -- Installing: /home/synaaa/object_detection_test/install/yolov8/share/ament_index/resource_index/parent_prefix_path/yolov8
[0.706s] -- Installing: /home/synaaa/object_detection_test/install/yolov8/share/yolov8/environment/ament_prefix_path.sh
[0.707s] -- Installing: /home/synaaa/object_detection_test/install/yolov8/share/yolov8/environment/ament_prefix_path.dsv
[0.707s] -- Installing: /home/synaaa/object_detection_test/install/yolov8/share/yolov8/environment/path.sh
[0.707s] -- Installing: /home/synaaa/object_detection_test/install/yolov8/share/yolov8/environment/path.dsv
[0.707s] -- Installing: /home/synaaa/object_detection_test/install/yolov8/share/yolov8/local_setup.bash
[0.707s] -- Installing: /home/synaaa/object_detection_test/install/yolov8/share/yolov8/local_setup.sh
[0.707s] -- Installing: /home/synaaa/object_detection_test/install/yolov8/share/yolov8/local_setup.zsh
[0.707s] -- Installing: /home/synaaa/object_detection_test/install/yolov8/share/yolov8/local_setup.dsv
[0.707s] -- Installing: /home/synaaa/object_detection_test/install/yolov8/share/yolov8/package.dsv
[0.708s] -- Installing: /home/synaaa/object_detection_test/install/yolov8/share/ament_index/resource_index/packages/yolov8
[0.708s] -- Installing: /home/synaaa/object_detection_test/install/yolov8/share/yolov8/cmake/yolov8Config.cmake
[0.708s] -- Installing: /home/synaaa/object_detection_test/install/yolov8/share/yolov8/cmake/yolov8Config-version.cmake
[0.708s] -- Installing: /home/synaaa/object_detection_test/install/yolov8/share/yolov8/package.xml
[0.710s] Invoked command in '/home/synaaa/object_detection_test/build/yolov8' returned '0': CMAKE_PREFIX_PATH=${CMAKE_PREFIX_PATH}:/opt/ros/humble LD_LIBRARY_PATH=/home/synaaa/object_detection_test/install/yolov8_def/lib:/usr/lib/x86_64-linux-gnu/gazebo-11/plugins:/opt/ros/humble/opt/rviz_ogre_vendor/lib:/opt/ros/humble/lib/x86_64-linux-gnu:/opt/ros/humble/lib:/usr/lib/x86_64-linux-gnu/gazebo-11/plugins:/usr/lib/x86_64-linux-gnu/gazebo-11/plugins:/usr/lib/x86_64-linux-gnu/gazebo-11/plugins:/usr/lib/x86_64-linux-gnu/gazebo-11/plugins:/usr/lib/x86_64-linux-gnu/gazebo-11/plugins:/usr/lib/x86_64-linux-gnu/gazebo-11/plugins:/usr/lib/x86_64-linux-gnu/gazebo-11/plugins:/usr/lib/x86_64-linux-gnu/gazebo-11/plugins:/usr/lib/x86_64-linux-gnu/gazebo-11/plugins:/usr/lib/x86_64-linux-gnu/gazebo-11/plugins /usr/bin/cmake --install /home/synaaa/object_detection_test/build/yolov8
