[0.008s] Invoking command in '/home/synaaa/object_detection_test/build/yolov8_def': CMAKE_PREFIX_PATH=${CMAKE_PREFIX_PATH}:/opt/ros/humble /usr/bin/cmake --build /home/synaaa/object_detection_test/build/yolov8_def -- -j16 -l16
[0.027s] -- Found ament_cmake: 1.3.10 (/opt/ros/humble/share/ament_cmake/cmake)
[0.114s] -- Found std_msgs: 4.2.4 (/opt/ros/humble/share/std_msgs/cmake)
[0.131s] -- Found rosidl_generator_c: 3.1.5 (/opt/ros/humble/share/rosidl_generator_c/cmake)
[0.133s] -- Found rosidl_adapter: 3.1.5 (/opt/ros/humble/share/rosidl_adapter/cmake)
[0.137s] -- Found rosidl_generator_cpp: 3.1.5 (/opt/ros/humble/share/rosidl_generator_cpp/cmake)
[0.143s] -- Using all available rosidl_typesupport_c: rosidl_typesupport_fastrtps_c;rosidl_typesupport_introspection_c
[0.151s] -- Using all available rosidl_typesupport_cpp: rosidl_typesupport_fastrtps_cpp;rosidl_typesupport_introspection_cpp
[0.166s] -- Found rosidl_default_generators: 1.2.0 (/opt/ros/humble/share/rosidl_default_generators/cmake)
[0.360s] -- Found ament_cmake_ros: 0.10.0 (/opt/ros/humble/share/ament_cmake_ros/cmake)
[0.615s] -- Using all available rosidl_typesupport_c: rosidl_typesupport_fastrtps_c;rosidl_typesupport_introspection_c
[0.715s] -- Using all available rosidl_typesupport_cpp: rosidl_typesupport_fastrtps_cpp;rosidl_typesupport_introspection_cpp
[0.732s] -- Found python_cmake_module: 0.10.0 (/opt/ros/humble/share/python_cmake_module/cmake)
[0.748s] -- Using PYTHON_EXECUTABLE: /usr/bin/python3
[0.748s] -- Using PYTHON_INCLUDE_DIRS: /usr/include/python3.10
[0.748s] -- Using PYTHON_LIBRARIES: /usr/lib/x86_64-linux-gnu/libpython3.10.so
[0.765s] -- Found ament_lint_auto: 0.12.11 (/opt/ros/humble/share/ament_lint_auto/cmake)
[0.771s] -- Added test 'copyright' to check source files copyright and LICENSE
[0.772s] -- Added test 'lint_cmake' to check CMake code style
[0.773s] -- Added test 'xmllint' to check XML markup files
[0.774s] -- Configuring done
[0.801s] -- Generating done
[0.804s] -- Build files have been written to: /home/synaaa/object_detection_test/build/yolov8_def
[0.826s] [  2%] [34m[1mGenerating C code for ROS interfaces[0m
[0.835s] [  4%] [34m[1mGenerating C++ code for ROS interfaces[0m
[0.842s] [  4%] Built target ament_cmake_python_copy_yolov8_def
[1.003s] running egg_info
[1.016s] writing yolov8_def.egg-info/PKG-INFO
[1.017s] writing dependency_links to yolov8_def.egg-info/dependency_links.txt
[1.017s] writing top-level names to yolov8_def.egg-info/top_level.txt
[1.054s] reading manifest file 'yolov8_def.egg-info/SOURCES.txt'
[1.055s] writing manifest file 'yolov8_def.egg-info/SOURCES.txt'
[1.085s] [35m[1mConsolidate compiler generated dependencies of target yolov8_def__rosidl_generator_c[0m
[1.086s] [  4%] Built target yolov8_def__cpp
[1.094s] [  4%] Built target ament_cmake_python_build_yolov8_def_egg
[1.095s] [ 10%] [34m[1mGenerating C++ introspection for ROS interfaces[0m
[1.095s] [ 10%] [34m[1mGenerating C++ type support for eProsima Fast-RTPS[0m
[1.095s] [ 10%] [34m[1mGenerating C++ type support dispatch for ROS interfaces[0m
[1.095s] [ 12%] [32mBuilding C object CMakeFiles/yolov8_def__rosidl_generator_c.dir/rosidl_generator_c/yolov8_def/msg/detail/boundingboxresult__functions.c.o[0m
[1.095s] [ 14%] [32mBuilding C object CMakeFiles/yolov8_def__rosidl_generator_c.dir/rosidl_generator_c/yolov8_def/msg/detail/yolo_raw_info__functions.c.o[0m
[1.096s] [ 17%] [32mBuilding C object CMakeFiles/yolov8_def__rosidl_generator_c.dir/rosidl_generator_c/yolov8_def/msg/detail/target_offset__functions.c.o[0m
[1.134s] [ 19%] [32m[1mLinking C shared library libyolov8_def__rosidl_generator_c.so[0m
[1.170s] [ 19%] Built target yolov8_def__rosidl_generator_c
[1.179s] [ 25%] [34m[1mGenerating C type support for eProsima Fast-RTPS[0m
[1.179s] [ 25%] [34m[1mGenerating C introspection for ROS interfaces[0m
[1.179s] [ 25%] [34m[1mGenerating C type support dispatch for ROS interfaces[0m
[1.286s] [35m[1mConsolidate compiler generated dependencies of target yolov8_def__rosidl_typesupport_cpp[0m
[1.299s] [ 31%] [32mBuilding CXX object CMakeFiles/yolov8_def__rosidl_typesupport_cpp.dir/rosidl_typesupport_cpp/yolov8_def/msg/yolo_raw_info__type_support.cpp.o[0m
[1.299s] [ 31%] [32mBuilding CXX object CMakeFiles/yolov8_def__rosidl_typesupport_cpp.dir/rosidl_typesupport_cpp/yolov8_def/msg/target_offset__type_support.cpp.o[0m
[1.299s] [ 31%] [32mBuilding CXX object CMakeFiles/yolov8_def__rosidl_typesupport_cpp.dir/rosidl_typesupport_cpp/yolov8_def/msg/boundingboxresult__type_support.cpp.o[0m
[1.313s] [35m[1mConsolidate compiler generated dependencies of target yolov8_def__rosidl_typesupport_introspection_cpp[0m
[1.329s] [ 38%] [32mBuilding CXX object CMakeFiles/yolov8_def__rosidl_typesupport_introspection_cpp.dir/rosidl_typesupport_introspection_cpp/yolov8_def/msg/detail/yolo_raw_info__type_support.cpp.o[0m
[1.329s] [ 38%] [32mBuilding CXX object CMakeFiles/yolov8_def__rosidl_typesupport_introspection_cpp.dir/rosidl_typesupport_introspection_cpp/yolov8_def/msg/detail/boundingboxresult__type_support.cpp.o[0m
[1.329s] [ 38%] [32mBuilding CXX object CMakeFiles/yolov8_def__rosidl_typesupport_introspection_cpp.dir/rosidl_typesupport_introspection_cpp/yolov8_def/msg/detail/target_offset__type_support.cpp.o[0m
[1.334s] [35m[1mConsolidate compiler generated dependencies of target yolov8_def__rosidl_typesupport_fastrtps_cpp[0m
[1.348s] [ 40%] [32mBuilding CXX object CMakeFiles/yolov8_def__rosidl_typesupport_fastrtps_cpp.dir/rosidl_typesupport_fastrtps_cpp/yolov8_def/msg/detail/dds_fastrtps/boundingboxresult__type_support.cpp.o[0m
[1.350s] [ 44%] [32mBuilding CXX object CMakeFiles/yolov8_def__rosidl_typesupport_fastrtps_cpp.dir/rosidl_typesupport_fastrtps_cpp/yolov8_def/msg/detail/dds_fastrtps/target_offset__type_support.cpp.o[0m
[1.350s] [ 44%] [32mBuilding CXX object CMakeFiles/yolov8_def__rosidl_typesupport_fastrtps_cpp.dir/rosidl_typesupport_fastrtps_cpp/yolov8_def/msg/detail/dds_fastrtps/yolo_raw_info__type_support.cpp.o[0m
[1.445s] [ 51%] [32mBuilding CXX object CMakeFiles/yolov8_def__rosidl_typesupport_c.dir/rosidl_typesupport_c/yolov8_def/msg/target_offset__type_support.cpp.o[0m
[1.446s] [ 51%] [32mBuilding CXX object CMakeFiles/yolov8_def__rosidl_typesupport_c.dir/rosidl_typesupport_c/yolov8_def/msg/yolo_raw_info__type_support.cpp.o[0m
[1.446s] [ 51%] [32mBuilding CXX object CMakeFiles/yolov8_def__rosidl_typesupport_c.dir/rosidl_typesupport_c/yolov8_def/msg/boundingboxresult__type_support.cpp.o[0m
[1.490s] [ 53%] [32m[1mLinking CXX shared library libyolov8_def__rosidl_typesupport_c.so[0m
[1.507s] [ 55%] [32mBuilding C object CMakeFiles/yolov8_def__rosidl_typesupport_introspection_c.dir/rosidl_typesupport_introspection_c/yolov8_def/msg/detail/boundingboxresult__type_support.c.o[0m
[1.516s] [ 59%] [32mBuilding C object CMakeFiles/yolov8_def__rosidl_typesupport_introspection_c.dir/rosidl_typesupport_introspection_c/yolov8_def/msg/detail/target_offset__type_support.c.o[0m
[1.516s] [ 59%] [32mBuilding C object CMakeFiles/yolov8_def__rosidl_typesupport_introspection_c.dir/rosidl_typesupport_introspection_c/yolov8_def/msg/detail/yolo_raw_info__type_support.c.o[0m
[1.544s] [ 63%] [32mBuilding CXX object CMakeFiles/yolov8_def__rosidl_typesupport_fastrtps_c.dir/rosidl_typesupport_fastrtps_c/yolov8_def/msg/detail/target_offset__type_support_c.cpp.o[0m
[1.544s] [ 65%] [32mBuilding CXX object CMakeFiles/yolov8_def__rosidl_typesupport_fastrtps_c.dir/rosidl_typesupport_fastrtps_c/yolov8_def/msg/detail/yolo_raw_info__type_support_c.cpp.o[0m
[1.545s] [ 65%] [32mBuilding CXX object CMakeFiles/yolov8_def__rosidl_typesupport_fastrtps_c.dir/rosidl_typesupport_fastrtps_c/yolov8_def/msg/detail/boundingboxresult__type_support_c.cpp.o[0m
[1.568s] [ 65%] Built target yolov8_def__rosidl_typesupport_c
[1.572s] [ 68%] [32m[1mLinking C shared library libyolov8_def__rosidl_typesupport_introspection_c.so[0m
[1.609s] [ 68%] Built target yolov8_def__rosidl_typesupport_introspection_c
[1.619s] [ 70%] [32m[1mLinking CXX shared library libyolov8_def__rosidl_typesupport_cpp.so[0m
[1.663s] [ 70%] Built target yolov8_def__rosidl_typesupport_cpp
[1.744s] [ 72%] [32m[1mLinking CXX shared library libyolov8_def__rosidl_typesupport_introspection_cpp.so[0m
[1.801s] [ 74%] [32m[1mLinking CXX shared library libyolov8_def__rosidl_typesupport_fastrtps_cpp.so[0m
[1.818s] [ 74%] Built target yolov8_def__rosidl_typesupport_introspection_cpp
[1.868s] [ 74%] Built target yolov8_def__rosidl_typesupport_fastrtps_cpp
[1.875s] [ 76%] [32m[1mLinking CXX shared library libyolov8_def__rosidl_typesupport_fastrtps_c.so[0m
[1.931s] [ 76%] Built target yolov8_def__rosidl_typesupport_fastrtps_c
[1.948s] [ 76%] Built target yolov8_def
[1.964s] [ 78%] [34m[1mGenerating Python code for ROS interfaces[0m
[2.283s] [ 78%] Built target yolov8_def__py
[2.301s] [ 85%] [32mBuilding C object CMakeFiles/yolov8_def__rosidl_generator_py.dir/rosidl_generator_py/yolov8_def/msg/_target_offset_s.c.o[0m
[2.301s] [ 85%] [32mBuilding C object CMakeFiles/yolov8_def__rosidl_generator_py.dir/rosidl_generator_py/yolov8_def/msg/_boundingboxresult_s.c.o[0m
[2.301s] [ 85%] [32mBuilding C object CMakeFiles/yolov8_def__rosidl_generator_py.dir/rosidl_generator_py/yolov8_def/msg/_yolo_raw_info_s.c.o[0m
[2.414s] [ 87%] [32m[1mLinking C shared library rosidl_generator_py/yolov8_def/libyolov8_def__rosidl_generator_py.so[0m
[2.450s] [ 87%] Built target yolov8_def__rosidl_generator_py
[2.467s] [ 91%] [32mBuilding C object CMakeFiles/yolov8_def__rosidl_typesupport_fastrtps_c__pyext.dir/rosidl_generator_py/yolov8_def/_yolov8_def_s.ep.rosidl_typesupport_fastrtps_c.c.o[0m
[2.467s] [ 91%] [32mBuilding C object CMakeFiles/yolov8_def__rosidl_typesupport_c__pyext.dir/rosidl_generator_py/yolov8_def/_yolov8_def_s.ep.rosidl_typesupport_c.c.o[0m
[2.467s] [ 93%] [32mBuilding C object CMakeFiles/yolov8_def__rosidl_typesupport_introspection_c__pyext.dir/rosidl_generator_py/yolov8_def/_yolov8_def_s.ep.rosidl_typesupport_introspection_c.c.o[0m
[2.546s] [100%] [32m[1mLinking C shared library rosidl_generator_py/yolov8_def/yolov8_def_s__rosidl_typesupport_c.cpython-310-x86_64-linux-gnu.so[0m
[2.546s] [100%] [32m[1mLinking C shared library rosidl_generator_py/yolov8_def/yolov8_def_s__rosidl_typesupport_fastrtps_c.cpython-310-x86_64-linux-gnu.so[0m
[2.546s] [100%] [32m[1mLinking C shared library rosidl_generator_py/yolov8_def/yolov8_def_s__rosidl_typesupport_introspection_c.cpython-310-x86_64-linux-gnu.so[0m
[2.578s] [100%] Built target yolov8_def__rosidl_typesupport_c__pyext
[2.578s] [100%] Built target yolov8_def__rosidl_typesupport_fastrtps_c__pyext
[2.578s] [100%] Built target yolov8_def__rosidl_typesupport_introspection_c__pyext
[2.588s] Invoked command in '/home/synaaa/object_detection_test/build/yolov8_def' returned '0': CMAKE_PREFIX_PATH=${CMAKE_PREFIX_PATH}:/opt/ros/humble /usr/bin/cmake --build /home/synaaa/object_detection_test/build/yolov8_def -- -j16 -l16
[2.670s] Invoking command in '/home/synaaa/object_detection_test/build/yolov8_def': CMAKE_PREFIX_PATH=${CMAKE_PREFIX_PATH}:/opt/ros/humble /usr/bin/cmake --install /home/synaaa/object_detection_test/build/yolov8_def
[2.676s] -- Install configuration: ""
[2.677s] -- Installing: /home/synaaa/object_detection_test/install/yolov8_def/share/ament_index/resource_index/rosidl_interfaces/yolov8_def
[2.677s] -- Installing: /home/synaaa/object_detection_test/install/yolov8_def/include/yolov8_def/yolov8_def
[2.677s] -- Installing: /home/synaaa/object_detection_test/install/yolov8_def/include/yolov8_def/yolov8_def/msg
[2.677s] -- Installing: /home/synaaa/object_detection_test/install/yolov8_def/include/yolov8_def/yolov8_def/msg/yolo_raw_info.h
[2.677s] -- Installing: /home/synaaa/object_detection_test/install/yolov8_def/include/yolov8_def/yolov8_def/msg/target_offset.h
[2.677s] -- Installing: /home/synaaa/object_detection_test/install/yolov8_def/include/yolov8_def/yolov8_def/msg/rosidl_generator_c__visibility_control.h
[2.677s] -- Installing: /home/synaaa/object_detection_test/install/yolov8_def/include/yolov8_def/yolov8_def/msg/detail
[2.677s] -- Installing: /home/synaaa/object_detection_test/install/yolov8_def/include/yolov8_def/yolov8_def/msg/detail/yolo_raw_info__functions.c
[2.677s] -- Installing: /home/synaaa/object_detection_test/install/yolov8_def/include/yolov8_def/yolov8_def/msg/detail/boundingboxresult__functions.h
[2.678s] -- Installing: /home/synaaa/object_detection_test/install/yolov8_def/include/yolov8_def/yolov8_def/msg/detail/yolo_raw_info__struct.h
[2.678s] -- Installing: /home/synaaa/object_detection_test/install/yolov8_def/include/yolov8_def/yolov8_def/msg/detail/boundingboxresult__struct.h
[2.678s] -- Installing: /home/synaaa/object_detection_test/install/yolov8_def/include/yolov8_def/yolov8_def/msg/detail/target_offset__struct.h
[2.678s] -- Installing: /home/synaaa/object_detection_test/install/yolov8_def/include/yolov8_def/yolov8_def/msg/detail/boundingboxresult__functions.c
[2.678s] -- Installing: /home/synaaa/object_detection_test/install/yolov8_def/include/yolov8_def/yolov8_def/msg/detail/target_offset__type_support.h
[2.678s] -- Installing: /home/synaaa/object_detection_test/install/yolov8_def/include/yolov8_def/yolov8_def/msg/detail/boundingboxresult__type_support.h
[2.678s] -- Installing: /home/synaaa/object_detection_test/install/yolov8_def/include/yolov8_def/yolov8_def/msg/detail/yolo_raw_info__type_support.h
[2.678s] -- Installing: /home/synaaa/object_detection_test/install/yolov8_def/include/yolov8_def/yolov8_def/msg/detail/target_offset__functions.h
[2.678s] -- Installing: /home/synaaa/object_detection_test/install/yolov8_def/include/yolov8_def/yolov8_def/msg/detail/yolo_raw_info__functions.h
[2.678s] -- Installing: /home/synaaa/object_detection_test/install/yolov8_def/include/yolov8_def/yolov8_def/msg/detail/target_offset__functions.c
[2.679s] -- Installing: /home/synaaa/object_detection_test/install/yolov8_def/include/yolov8_def/yolov8_def/msg/boundingboxresult.h
[2.679s] -- Installing: /home/synaaa/object_detection_test/install/yolov8_def/share/yolov8_def/environment/library_path.sh
[2.679s] -- Installing: /home/synaaa/object_detection_test/install/yolov8_def/share/yolov8_def/environment/library_path.dsv
[2.679s] -- Installing: /home/synaaa/object_detection_test/install/yolov8_def/lib/libyolov8_def__rosidl_generator_c.so
[2.679s] -- Set runtime path of "/home/synaaa/object_detection_test/install/yolov8_def/lib/libyolov8_def__rosidl_generator_c.so" to ""
[2.679s] -- Up-to-date: /home/synaaa/object_detection_test/install/yolov8_def/include/yolov8_def/yolov8_def
[2.679s] -- Up-to-date: /home/synaaa/object_detection_test/install/yolov8_def/include/yolov8_def/yolov8_def/msg
[2.679s] -- Up-to-date: /home/synaaa/object_detection_test/install/yolov8_def/include/yolov8_def/yolov8_def/msg/detail
[2.680s] -- Installing: /home/synaaa/object_detection_test/install/yolov8_def/include/yolov8_def/yolov8_def/msg/detail/boundingboxresult__rosidl_typesupport_fastrtps_c.h
[2.680s] -- Installing: /home/synaaa/object_detection_test/install/yolov8_def/include/yolov8_def/yolov8_def/msg/detail/yolo_raw_info__rosidl_typesupport_fastrtps_c.h
[2.680s] -- Installing: /home/synaaa/object_detection_test/install/yolov8_def/include/yolov8_def/yolov8_def/msg/detail/target_offset__rosidl_typesupport_fastrtps_c.h
[2.680s] -- Installing: /home/synaaa/object_detection_test/install/yolov8_def/include/yolov8_def/yolov8_def/msg/rosidl_typesupport_fastrtps_c__visibility_control.h
[2.680s] -- Installing: /home/synaaa/object_detection_test/install/yolov8_def/lib/libyolov8_def__rosidl_typesupport_fastrtps_c.so
[2.680s] -- Set runtime path of "/home/synaaa/object_detection_test/install/yolov8_def/lib/libyolov8_def__rosidl_typesupport_fastrtps_c.so" to ""
[2.680s] -- Up-to-date: /home/synaaa/object_detection_test/install/yolov8_def/include/yolov8_def/yolov8_def
[2.680s] -- Up-to-date: /home/synaaa/object_detection_test/install/yolov8_def/include/yolov8_def/yolov8_def/msg
[2.680s] -- Installing: /home/synaaa/object_detection_test/install/yolov8_def/include/yolov8_def/yolov8_def/msg/target_offset.hpp
[2.680s] -- Installing: /home/synaaa/object_detection_test/install/yolov8_def/include/yolov8_def/yolov8_def/msg/boundingboxresult.hpp
[2.680s] -- Up-to-date: /home/synaaa/object_detection_test/install/yolov8_def/include/yolov8_def/yolov8_def/msg/detail
[2.681s] -- Installing: /home/synaaa/object_detection_test/install/yolov8_def/include/yolov8_def/yolov8_def/msg/detail/boundingboxresult__struct.hpp
[2.681s] -- Installing: /home/synaaa/object_detection_test/install/yolov8_def/include/yolov8_def/yolov8_def/msg/detail/yolo_raw_info__struct.hpp
[2.681s] -- Installing: /home/synaaa/object_detection_test/install/yolov8_def/include/yolov8_def/yolov8_def/msg/detail/yolo_raw_info__traits.hpp
[2.681s] -- Installing: /home/synaaa/object_detection_test/install/yolov8_def/include/yolov8_def/yolov8_def/msg/detail/yolo_raw_info__builder.hpp
[2.681s] -- Installing: /home/synaaa/object_detection_test/install/yolov8_def/include/yolov8_def/yolov8_def/msg/detail/boundingboxresult__builder.hpp
[2.681s] -- Installing: /home/synaaa/object_detection_test/install/yolov8_def/include/yolov8_def/yolov8_def/msg/detail/target_offset__builder.hpp
[2.681s] -- Installing: /home/synaaa/object_detection_test/install/yolov8_def/include/yolov8_def/yolov8_def/msg/detail/target_offset__struct.hpp
[2.681s] -- Installing: /home/synaaa/object_detection_test/install/yolov8_def/include/yolov8_def/yolov8_def/msg/detail/target_offset__traits.hpp
[2.681s] -- Installing: /home/synaaa/object_detection_test/install/yolov8_def/include/yolov8_def/yolov8_def/msg/detail/boundingboxresult__traits.hpp
[2.681s] -- Installing: /home/synaaa/object_detection_test/install/yolov8_def/include/yolov8_def/yolov8_def/msg/yolo_raw_info.hpp
[2.682s] -- Up-to-date: /home/synaaa/object_detection_test/install/yolov8_def/include/yolov8_def/yolov8_def
[2.682s] -- Up-to-date: /home/synaaa/object_detection_test/install/yolov8_def/include/yolov8_def/yolov8_def/msg
[2.682s] -- Installing: /home/synaaa/object_detection_test/install/yolov8_def/include/yolov8_def/yolov8_def/msg/rosidl_typesupport_fastrtps_cpp__visibility_control.h
[2.682s] -- Up-to-date: /home/synaaa/object_detection_test/install/yolov8_def/include/yolov8_def/yolov8_def/msg/detail
[2.682s] -- Installing: /home/synaaa/object_detection_test/install/yolov8_def/include/yolov8_def/yolov8_def/msg/detail/yolo_raw_info__rosidl_typesupport_fastrtps_cpp.hpp
[2.682s] -- Installing: /home/synaaa/object_detection_test/install/yolov8_def/include/yolov8_def/yolov8_def/msg/detail/target_offset__rosidl_typesupport_fastrtps_cpp.hpp
[2.682s] -- Installing: /home/synaaa/object_detection_test/install/yolov8_def/include/yolov8_def/yolov8_def/msg/detail/boundingboxresult__rosidl_typesupport_fastrtps_cpp.hpp
[2.682s] -- Installing: /home/synaaa/object_detection_test/install/yolov8_def/include/yolov8_def/yolov8_def/msg/detail/dds_fastrtps
[2.682s] -- Installing: /home/synaaa/object_detection_test/install/yolov8_def/lib/libyolov8_def__rosidl_typesupport_fastrtps_cpp.so
[2.683s] -- Set runtime path of "/home/synaaa/object_detection_test/install/yolov8_def/lib/libyolov8_def__rosidl_typesupport_fastrtps_cpp.so" to ""
[2.683s] -- Up-to-date: /home/synaaa/object_detection_test/install/yolov8_def/include/yolov8_def/yolov8_def
[2.683s] -- Up-to-date: /home/synaaa/object_detection_test/install/yolov8_def/include/yolov8_def/yolov8_def/msg
[2.683s] -- Installing: /home/synaaa/object_detection_test/install/yolov8_def/include/yolov8_def/yolov8_def/msg/rosidl_typesupport_introspection_c__visibility_control.h
[2.683s] -- Up-to-date: /home/synaaa/object_detection_test/install/yolov8_def/include/yolov8_def/yolov8_def/msg/detail
[2.683s] -- Installing: /home/synaaa/object_detection_test/install/yolov8_def/include/yolov8_def/yolov8_def/msg/detail/target_offset__type_support.c
[2.683s] -- Installing: /home/synaaa/object_detection_test/install/yolov8_def/include/yolov8_def/yolov8_def/msg/detail/boundingboxresult__rosidl_typesupport_introspection_c.h
[2.683s] -- Installing: /home/synaaa/object_detection_test/install/yolov8_def/include/yolov8_def/yolov8_def/msg/detail/target_offset__rosidl_typesupport_introspection_c.h
[2.683s] -- Installing: /home/synaaa/object_detection_test/install/yolov8_def/include/yolov8_def/yolov8_def/msg/detail/yolo_raw_info__type_support.c
[2.683s] -- Installing: /home/synaaa/object_detection_test/install/yolov8_def/include/yolov8_def/yolov8_def/msg/detail/boundingboxresult__type_support.c
[2.683s] -- Installing: /home/synaaa/object_detection_test/install/yolov8_def/include/yolov8_def/yolov8_def/msg/detail/yolo_raw_info__rosidl_typesupport_introspection_c.h
[2.683s] -- Installing: /home/synaaa/object_detection_test/install/yolov8_def/lib/libyolov8_def__rosidl_typesupport_introspection_c.so
[2.684s] -- Set runtime path of "/home/synaaa/object_detection_test/install/yolov8_def/lib/libyolov8_def__rosidl_typesupport_introspection_c.so" to ""
[2.684s] -- Installing: /home/synaaa/object_detection_test/install/yolov8_def/lib/libyolov8_def__rosidl_typesupport_c.so
[2.684s] -- Set runtime path of "/home/synaaa/object_detection_test/install/yolov8_def/lib/libyolov8_def__rosidl_typesupport_c.so" to ""
[2.684s] -- Up-to-date: /home/synaaa/object_detection_test/install/yolov8_def/include/yolov8_def/yolov8_def
[2.684s] -- Up-to-date: /home/synaaa/object_detection_test/install/yolov8_def/include/yolov8_def/yolov8_def/msg
[2.684s] -- Up-to-date: /home/synaaa/object_detection_test/install/yolov8_def/include/yolov8_def/yolov8_def/msg/detail
[2.684s] -- Installing: /home/synaaa/object_detection_test/install/yolov8_def/include/yolov8_def/yolov8_def/msg/detail/yolo_raw_info__type_support.cpp
[2.684s] -- Installing: /home/synaaa/object_detection_test/install/yolov8_def/include/yolov8_def/yolov8_def/msg/detail/boundingboxresult__rosidl_typesupport_introspection_cpp.hpp
[2.684s] -- Installing: /home/synaaa/object_detection_test/install/yolov8_def/include/yolov8_def/yolov8_def/msg/detail/target_offset__type_support.cpp
[2.685s] -- Installing: /home/synaaa/object_detection_test/install/yolov8_def/include/yolov8_def/yolov8_def/msg/detail/yolo_raw_info__rosidl_typesupport_introspection_cpp.hpp
[2.685s] -- Installing: /home/synaaa/object_detection_test/install/yolov8_def/include/yolov8_def/yolov8_def/msg/detail/target_offset__rosidl_typesupport_introspection_cpp.hpp
[2.685s] -- Installing: /home/synaaa/object_detection_test/install/yolov8_def/include/yolov8_def/yolov8_def/msg/detail/boundingboxresult__type_support.cpp
[2.685s] -- Installing: /home/synaaa/object_detection_test/install/yolov8_def/lib/libyolov8_def__rosidl_typesupport_introspection_cpp.so
[2.685s] -- Set runtime path of "/home/synaaa/object_detection_test/install/yolov8_def/lib/libyolov8_def__rosidl_typesupport_introspection_cpp.so" to ""
[2.685s] -- Installing: /home/synaaa/object_detection_test/install/yolov8_def/lib/libyolov8_def__rosidl_typesupport_cpp.so
[2.686s] -- Set runtime path of "/home/synaaa/object_detection_test/install/yolov8_def/lib/libyolov8_def__rosidl_typesupport_cpp.so" to ""
[2.686s] -- Installing: /home/synaaa/object_detection_test/install/yolov8_def/share/yolov8_def/environment/pythonpath.sh
[2.686s] -- Installing: /home/synaaa/object_detection_test/install/yolov8_def/share/yolov8_def/environment/pythonpath.dsv
[2.686s] -- Installing: /home/synaaa/object_detection_test/install/yolov8_def/local/lib/python3.10/dist-packages/yolov8_def-0.0.0-py3.10.egg-info
[2.686s] -- Installing: /home/synaaa/object_detection_test/install/yolov8_def/local/lib/python3.10/dist-packages/yolov8_def-0.0.0-py3.10.egg-info/dependency_links.txt
[2.686s] -- Installing: /home/synaaa/object_detection_test/install/yolov8_def/local/lib/python3.10/dist-packages/yolov8_def-0.0.0-py3.10.egg-info/top_level.txt
[2.686s] -- Installing: /home/synaaa/object_detection_test/install/yolov8_def/local/lib/python3.10/dist-packages/yolov8_def-0.0.0-py3.10.egg-info/PKG-INFO
[2.686s] -- Installing: /home/synaaa/object_detection_test/install/yolov8_def/local/lib/python3.10/dist-packages/yolov8_def-0.0.0-py3.10.egg-info/SOURCES.txt
[2.687s] -- Installing: /home/synaaa/object_detection_test/install/yolov8_def/local/lib/python3.10/dist-packages/yolov8_def
[2.687s] -- Installing: /home/synaaa/object_detection_test/install/yolov8_def/local/lib/python3.10/dist-packages/yolov8_def/libyolov8_def__rosidl_generator_py.so
[2.687s] -- Installing: /home/synaaa/object_detection_test/install/yolov8_def/local/lib/python3.10/dist-packages/yolov8_def/_yolov8_def_s.ep.rosidl_typesupport_fastrtps_c.c
[2.687s] -- Installing: /home/synaaa/object_detection_test/install/yolov8_def/local/lib/python3.10/dist-packages/yolov8_def/msg
[2.687s] -- Installing: /home/synaaa/object_detection_test/install/yolov8_def/local/lib/python3.10/dist-packages/yolov8_def/msg/_target_offset.py
[2.687s] -- Installing: /home/synaaa/object_detection_test/install/yolov8_def/local/lib/python3.10/dist-packages/yolov8_def/msg/_boundingboxresult.py
[2.687s] -- Installing: /home/synaaa/object_detection_test/install/yolov8_def/local/lib/python3.10/dist-packages/yolov8_def/msg/_yolo_raw_info_s.c
[2.687s] -- Installing: /home/synaaa/object_detection_test/install/yolov8_def/local/lib/python3.10/dist-packages/yolov8_def/msg/_yolo_raw_info.py
[2.687s] -- Installing: /home/synaaa/object_detection_test/install/yolov8_def/local/lib/python3.10/dist-packages/yolov8_def/msg/_boundingboxresult_s.c
[2.687s] -- Installing: /home/synaaa/object_detection_test/install/yolov8_def/local/lib/python3.10/dist-packages/yolov8_def/msg/_target_offset_s.c
[2.688s] -- Installing: /home/synaaa/object_detection_test/install/yolov8_def/local/lib/python3.10/dist-packages/yolov8_def/msg/__init__.py
[2.688s] -- Installing: /home/synaaa/object_detection_test/install/yolov8_def/local/lib/python3.10/dist-packages/yolov8_def/yolov8_def_s__rosidl_typesupport_introspection_c.cpython-310-x86_64-linux-gnu.so
[2.688s] -- Installing: /home/synaaa/object_detection_test/install/yolov8_def/local/lib/python3.10/dist-packages/yolov8_def/_yolov8_def_s.ep.rosidl_typesupport_c.c
[2.688s] -- Installing: /home/synaaa/object_detection_test/install/yolov8_def/local/lib/python3.10/dist-packages/yolov8_def/yolov8_def_s__rosidl_typesupport_c.cpython-310-x86_64-linux-gnu.so
[2.688s] -- Installing: /home/synaaa/object_detection_test/install/yolov8_def/local/lib/python3.10/dist-packages/yolov8_def/__init__.py
[2.688s] -- Installing: /home/synaaa/object_detection_test/install/yolov8_def/local/lib/python3.10/dist-packages/yolov8_def/yolov8_def_s__rosidl_typesupport_fastrtps_c.cpython-310-x86_64-linux-gnu.so
[2.688s] -- Installing: /home/synaaa/object_detection_test/install/yolov8_def/local/lib/python3.10/dist-packages/yolov8_def/_yolov8_def_s.ep.rosidl_typesupport_introspection_c.c
[2.713s] Listing '/home/synaaa/object_detection_test/install/yolov8_def/local/lib/python3.10/dist-packages/yolov8_def'...
[2.713s] Compiling '/home/synaaa/object_detection_test/install/yolov8_def/local/lib/python3.10/dist-packages/yolov8_def/__init__.py'...
[2.713s] Listing '/home/synaaa/object_detection_test/install/yolov8_def/local/lib/python3.10/dist-packages/yolov8_def/msg'...
[2.713s] Compiling '/home/synaaa/object_detection_test/install/yolov8_def/local/lib/python3.10/dist-packages/yolov8_def/msg/__init__.py'...
[2.714s] Compiling '/home/synaaa/object_detection_test/install/yolov8_def/local/lib/python3.10/dist-packages/yolov8_def/msg/_boundingboxresult.py'...
[2.714s] Compiling '/home/synaaa/object_detection_test/install/yolov8_def/local/lib/python3.10/dist-packages/yolov8_def/msg/_target_offset.py'...
[2.714s] Compiling '/home/synaaa/object_detection_test/install/yolov8_def/local/lib/python3.10/dist-packages/yolov8_def/msg/_yolo_raw_info.py'...
[2.716s] -- Installing: /home/synaaa/object_detection_test/install/yolov8_def/local/lib/python3.10/dist-packages/yolov8_def/yolov8_def_s__rosidl_typesupport_fastrtps_c.cpython-310-x86_64-linux-gnu.so
[2.717s] -- Set runtime path of "/home/synaaa/object_detection_test/install/yolov8_def/local/lib/python3.10/dist-packages/yolov8_def/yolov8_def_s__rosidl_typesupport_fastrtps_c.cpython-310-x86_64-linux-gnu.so" to ""
[2.717s] -- Installing: /home/synaaa/object_detection_test/install/yolov8_def/local/lib/python3.10/dist-packages/yolov8_def/yolov8_def_s__rosidl_typesupport_introspection_c.cpython-310-x86_64-linux-gnu.so
[2.717s] -- Set runtime path of "/home/synaaa/object_detection_test/install/yolov8_def/local/lib/python3.10/dist-packages/yolov8_def/yolov8_def_s__rosidl_typesupport_introspection_c.cpython-310-x86_64-linux-gnu.so" to ""
[2.717s] -- Installing: /home/synaaa/object_detection_test/install/yolov8_def/local/lib/python3.10/dist-packages/yolov8_def/yolov8_def_s__rosidl_typesupport_c.cpython-310-x86_64-linux-gnu.so
[2.718s] -- Set runtime path of "/home/synaaa/object_detection_test/install/yolov8_def/local/lib/python3.10/dist-packages/yolov8_def/yolov8_def_s__rosidl_typesupport_c.cpython-310-x86_64-linux-gnu.so" to ""
[2.718s] -- Installing: /home/synaaa/object_detection_test/install/yolov8_def/lib/libyolov8_def__rosidl_generator_py.so
[2.718s] -- Set runtime path of "/home/synaaa/object_detection_test/install/yolov8_def/lib/libyolov8_def__rosidl_generator_py.so" to ""
[2.718s] -- Installing: /home/synaaa/object_detection_test/install/yolov8_def/share/yolov8_def/msg/Boundingboxresult.idl
[2.718s] -- Installing: /home/synaaa/object_detection_test/install/yolov8_def/share/yolov8_def/msg/YoloRawInfo.idl
[2.718s] -- Installing: /home/synaaa/object_detection_test/install/yolov8_def/share/yolov8_def/msg/TargetOffset.idl
[2.718s] -- Installing: /home/synaaa/object_detection_test/install/yolov8_def/share/yolov8_def/msg/Boundingboxresult.msg
[2.719s] -- Installing: /home/synaaa/object_detection_test/install/yolov8_def/share/yolov8_def/msg/YoloRawInfo.msg
[2.719s] -- Installing: /home/synaaa/object_detection_test/install/yolov8_def/share/yolov8_def/msg/TargetOffset.msg
[2.719s] -- Installing: /home/synaaa/object_detection_test/install/yolov8_def/share/ament_index/resource_index/package_run_dependencies/yolov8_def
[2.719s] -- Installing: /home/synaaa/object_detection_test/install/yolov8_def/share/ament_index/resource_index/parent_prefix_path/yolov8_def
[2.719s] -- Installing: /home/synaaa/object_detection_test/install/yolov8_def/share/yolov8_def/environment/ament_prefix_path.sh
[2.719s] -- Installing: /home/synaaa/object_detection_test/install/yolov8_def/share/yolov8_def/environment/ament_prefix_path.dsv
[2.719s] -- Installing: /home/synaaa/object_detection_test/install/yolov8_def/share/yolov8_def/environment/path.sh
[2.720s] -- Installing: /home/synaaa/object_detection_test/install/yolov8_def/share/yolov8_def/environment/path.dsv
[2.720s] -- Installing: /home/synaaa/object_detection_test/install/yolov8_def/share/yolov8_def/local_setup.bash
[2.720s] -- Installing: /home/synaaa/object_detection_test/install/yolov8_def/share/yolov8_def/local_setup.sh
[2.720s] -- Installing: /home/synaaa/object_detection_test/install/yolov8_def/share/yolov8_def/local_setup.zsh
[2.720s] -- Installing: /home/synaaa/object_detection_test/install/yolov8_def/share/yolov8_def/local_setup.dsv
[2.720s] -- Installing: /home/synaaa/object_detection_test/install/yolov8_def/share/yolov8_def/package.dsv
[2.720s] -- Installing: /home/synaaa/object_detection_test/install/yolov8_def/share/ament_index/resource_index/packages/yolov8_def
[2.720s] -- Installing: /home/synaaa/object_detection_test/install/yolov8_def/share/yolov8_def/cmake/export_yolov8_def__rosidl_generator_cExport.cmake
[2.721s] -- Installing: /home/synaaa/object_detection_test/install/yolov8_def/share/yolov8_def/cmake/export_yolov8_def__rosidl_generator_cExport-noconfig.cmake
[2.721s] -- Installing: /home/synaaa/object_detection_test/install/yolov8_def/share/yolov8_def/cmake/export_yolov8_def__rosidl_typesupport_fastrtps_cExport.cmake
[2.721s] -- Installing: /home/synaaa/object_detection_test/install/yolov8_def/share/yolov8_def/cmake/export_yolov8_def__rosidl_typesupport_fastrtps_cExport-noconfig.cmake
[2.721s] -- Installing: /home/synaaa/object_detection_test/install/yolov8_def/share/yolov8_def/cmake/export_yolov8_def__rosidl_generator_cppExport.cmake
[2.721s] -- Installing: /home/synaaa/object_detection_test/install/yolov8_def/share/yolov8_def/cmake/export_yolov8_def__rosidl_typesupport_fastrtps_cppExport.cmake
[2.721s] -- Installing: /home/synaaa/object_detection_test/install/yolov8_def/share/yolov8_def/cmake/export_yolov8_def__rosidl_typesupport_fastrtps_cppExport-noconfig.cmake
[2.721s] -- Installing: /home/synaaa/object_detection_test/install/yolov8_def/share/yolov8_def/cmake/yolov8_def__rosidl_typesupport_introspection_cExport.cmake
[2.721s] -- Installing: /home/synaaa/object_detection_test/install/yolov8_def/share/yolov8_def/cmake/yolov8_def__rosidl_typesupport_introspection_cExport-noconfig.cmake
[2.722s] -- Installing: /home/synaaa/object_detection_test/install/yolov8_def/share/yolov8_def/cmake/yolov8_def__rosidl_typesupport_cExport.cmake
[2.722s] -- Installing: /home/synaaa/object_detection_test/install/yolov8_def/share/yolov8_def/cmake/yolov8_def__rosidl_typesupport_cExport-noconfig.cmake
[2.722s] -- Installing: /home/synaaa/object_detection_test/install/yolov8_def/share/yolov8_def/cmake/yolov8_def__rosidl_typesupport_introspection_cppExport.cmake
[2.722s] -- Installing: /home/synaaa/object_detection_test/install/yolov8_def/share/yolov8_def/cmake/yolov8_def__rosidl_typesupport_introspection_cppExport-noconfig.cmake
[2.722s] -- Installing: /home/synaaa/object_detection_test/install/yolov8_def/share/yolov8_def/cmake/yolov8_def__rosidl_typesupport_cppExport.cmake
[2.722s] -- Installing: /home/synaaa/object_detection_test/install/yolov8_def/share/yolov8_def/cmake/yolov8_def__rosidl_typesupport_cppExport-noconfig.cmake
[2.722s] -- Installing: /home/synaaa/object_detection_test/install/yolov8_def/share/yolov8_def/cmake/export_yolov8_def__rosidl_generator_pyExport.cmake
[2.722s] -- Installing: /home/synaaa/object_detection_test/install/yolov8_def/share/yolov8_def/cmake/export_yolov8_def__rosidl_generator_pyExport-noconfig.cmake
[2.723s] -- Installing: /home/synaaa/object_detection_test/install/yolov8_def/share/yolov8_def/cmake/rosidl_cmake-extras.cmake
[2.723s] -- Installing: /home/synaaa/object_detection_test/install/yolov8_def/share/yolov8_def/cmake/ament_cmake_export_dependencies-extras.cmake
[2.723s] -- Installing: /home/synaaa/object_detection_test/install/yolov8_def/share/yolov8_def/cmake/ament_cmake_export_include_directories-extras.cmake
[2.723s] -- Installing: /home/synaaa/object_detection_test/install/yolov8_def/share/yolov8_def/cmake/ament_cmake_export_libraries-extras.cmake
[2.723s] -- Installing: /home/synaaa/object_detection_test/install/yolov8_def/share/yolov8_def/cmake/ament_cmake_export_targets-extras.cmake
[2.723s] -- Installing: /home/synaaa/object_detection_test/install/yolov8_def/share/yolov8_def/cmake/rosidl_cmake_export_typesupport_targets-extras.cmake
[2.723s] -- Installing: /home/synaaa/object_detection_test/install/yolov8_def/share/yolov8_def/cmake/rosidl_cmake_export_typesupport_libraries-extras.cmake
[2.723s] -- Installing: /home/synaaa/object_detection_test/install/yolov8_def/share/yolov8_def/cmake/yolov8_defConfig.cmake
[2.724s] -- Installing: /home/synaaa/object_detection_test/install/yolov8_def/share/yolov8_def/cmake/yolov8_defConfig-version.cmake
[2.724s] -- Installing: /home/synaaa/object_detection_test/install/yolov8_def/share/yolov8_def/package.xml
[2.727s] Invoked command in '/home/synaaa/object_detection_test/build/yolov8_def' returned '0': CMAKE_PREFIX_PATH=${CMAKE_PREFIX_PATH}:/opt/ros/humble /usr/bin/cmake --install /home/synaaa/object_detection_test/build/yolov8_def
