[0.008s] Invoking command in '/home/synaaa/object_detection_test/build/yolov8_def': CMAKE_PREFIX_PATH=${CMAKE_PREFIX_PATH}:/opt/ros/humble /usr/bin/cmake /home/synaaa/object_detection_test/yolov8_def -DCMAKE_INSTALL_PREFIX=/home/synaaa/object_detection_test/install/yolov8_def
[0.053s] -- The C compiler identification is GNU 11.4.0
[0.096s] -- The CXX compiler identification is GNU 11.4.0
[0.101s] -- Detecting C compiler ABI info
[0.159s] -- Detecting C compiler ABI info - done
[0.164s] -- Check for working C compiler: /usr/bin/cc - skipped
[0.164s] -- Detecting C compile features
[0.164s] -- Detecting C compile features - done
[0.166s] -- Detecting CXX compiler ABI info
[0.230s] -- Detecting CXX compiler ABI info - done
[0.235s] -- Check for working CXX compiler: /usr/bin/c++ - skipped
[0.236s] -- Detecting CXX compile features
[0.236s] -- Detecting CXX compile features - done
[0.238s] -- Found ament_cmake: 1.3.10 (/opt/ros/humble/share/ament_cmake/cmake)
[0.500s] -- Found Python3: /usr/bin/python3 (found version "3.10.12") found components: Interpreter 
[0.566s] -- Found std_msgs: 4.2.4 (/opt/ros/humble/share/std_msgs/cmake)
[0.595s] -- Found rosidl_generator_c: 3.1.5 (/opt/ros/humble/share/rosidl_generator_c/cmake)
[0.598s] -- Found rosidl_adapter: 3.1.5 (/opt/ros/humble/share/rosidl_adapter/cmake)
[0.605s] -- Found rosidl_generator_cpp: 3.1.5 (/opt/ros/humble/share/rosidl_generator_cpp/cmake)
[0.614s] -- Using all available rosidl_typesupport_c: rosidl_typesupport_fastrtps_c;rosidl_typesupport_introspection_c
[0.626s] -- Using all available rosidl_typesupport_cpp: rosidl_typesupport_fastrtps_cpp;rosidl_typesupport_introspection_cpp
[0.645s] -- Found rosidl_default_generators: 1.2.0 (/opt/ros/humble/share/rosidl_default_generators/cmake)
[0.849s] -- Found ament_cmake_ros: 0.10.0 (/opt/ros/humble/share/ament_cmake_ros/cmake)
[1.122s] -- Using all available rosidl_typesupport_c: rosidl_typesupport_fastrtps_c;rosidl_typesupport_introspection_c
[1.227s] -- Using all available rosidl_typesupport_cpp: rosidl_typesupport_fastrtps_cpp;rosidl_typesupport_introspection_cpp
[1.245s] -- Found PythonInterp: /usr/bin/python3 (found suitable version "3.10.12", minimum required is "3.6") 
[1.246s] -- Found python_cmake_module: 0.10.0 (/opt/ros/humble/share/python_cmake_module/cmake)
[1.266s] -- Found PythonLibs: /usr/lib/x86_64-linux-gnu/libpython3.10.so (found suitable version "3.10.12", minimum required is "3.5") 
[1.266s] -- Using PYTHON_EXECUTABLE: /usr/bin/python3
[1.266s] -- Using PYTHON_INCLUDE_DIRS: /usr/include/python3.10
[1.267s] -- Using PYTHON_LIBRARIES: /usr/lib/x86_64-linux-gnu/libpython3.10.so
[1.283s] -- Found PythonExtra: .so  
[1.318s] -- Found ament_lint_auto: 0.12.11 (/opt/ros/humble/share/ament_lint_auto/cmake)
[1.335s] -- Added test 'copyright' to check source files copyright and LICENSE
[1.337s] -- Added test 'lint_cmake' to check CMake code style
[1.337s] -- Added test 'xmllint' to check XML markup files
[1.340s] -- Configuring done
[1.368s] -- Generating done
[1.370s] -- Build files have been written to: /home/synaaa/object_detection_test/build/yolov8_def
[1.376s] Invoked command in '/home/synaaa/object_detection_test/build/yolov8_def' returned '0': CMAKE_PREFIX_PATH=${CMAKE_PREFIX_PATH}:/opt/ros/humble /usr/bin/cmake /home/synaaa/object_detection_test/yolov8_def -DCMAKE_INSTALL_PREFIX=/home/synaaa/object_detection_test/install/yolov8_def
[1.378s] Invoking command in '/home/synaaa/object_detection_test/build/yolov8_def': CMAKE_PREFIX_PATH=${CMAKE_PREFIX_PATH}:/opt/ros/humble /usr/bin/cmake --build /home/synaaa/object_detection_test/build/yolov8_def -- -j16 -l16
[1.412s] [  2%] [34m[1mGenerating C code for ROS interfaces[0m
[1.420s] [  4%] [34m[1mGenerating C++ code for ROS interfaces[0m
[1.428s] [  4%] Built target ament_cmake_python_copy_yolov8_def
[1.588s] running egg_info
[1.588s] creating yolov8_def.egg-info
[1.600s] writing yolov8_def.egg-info/PKG-INFO
[1.600s] writing dependency_links to yolov8_def.egg-info/dependency_links.txt
[1.600s] writing top-level names to yolov8_def.egg-info/top_level.txt
[1.601s] writing manifest file 'yolov8_def.egg-info/SOURCES.txt'
[1.637s] reading manifest file 'yolov8_def.egg-info/SOURCES.txt'
[1.637s] writing manifest file 'yolov8_def.egg-info/SOURCES.txt'
[1.671s] [ 10%] [32mBuilding C object CMakeFiles/yolov8_def__rosidl_generator_c.dir/rosidl_generator_c/yolov8_def/msg/detail/boundingboxresult__functions.c.o[0m
[1.671s] [ 10%] [32mBuilding C object CMakeFiles/yolov8_def__rosidl_generator_c.dir/rosidl_generator_c/yolov8_def/msg/detail/yolo_raw_info__functions.c.o[0m
[1.671s] [ 10%] [32mBuilding C object CMakeFiles/yolov8_def__rosidl_generator_c.dir/rosidl_generator_c/yolov8_def/msg/detail/target_offset__functions.c.o[0m
[1.671s] [ 10%] Built target yolov8_def__cpp
[1.673s] [ 10%] Built target ament_cmake_python_build_yolov8_def_egg
[1.680s] [ 17%] [34m[1mGenerating C++ introspection for ROS interfaces[0m
[1.681s] [ 17%] [34m[1mGenerating C++ type support for eProsima Fast-RTPS[0m
[1.681s] [ 17%] [34m[1mGenerating C++ type support dispatch for ROS interfaces[0m
[1.712s] [ 19%] [32m[1mLinking C shared library libyolov8_def__rosidl_generator_c.so[0m
[1.745s] [ 19%] Built target yolov8_def__rosidl_generator_c
[1.755s] [ 25%] [34m[1mGenerating C type support for eProsima Fast-RTPS[0m
[1.755s] [ 25%] [34m[1mGenerating C type support dispatch for ROS interfaces[0m
[1.755s] [ 25%] [34m[1mGenerating C introspection for ROS interfaces[0m
[1.889s] [ 29%] [32mBuilding CXX object CMakeFiles/yolov8_def__rosidl_typesupport_cpp.dir/rosidl_typesupport_cpp/yolov8_def/msg/yolo_raw_info__type_support.cpp.o[0m
[1.890s] [ 29%] [32mBuilding CXX object CMakeFiles/yolov8_def__rosidl_typesupport_cpp.dir/rosidl_typesupport_cpp/yolov8_def/msg/target_offset__type_support.cpp.o[0m
[1.890s] [ 31%] [32mBuilding CXX object CMakeFiles/yolov8_def__rosidl_typesupport_cpp.dir/rosidl_typesupport_cpp/yolov8_def/msg/boundingboxresult__type_support.cpp.o[0m
[1.918s] [ 34%] [32mBuilding CXX object CMakeFiles/yolov8_def__rosidl_typesupport_introspection_cpp.dir/rosidl_typesupport_introspection_cpp/yolov8_def/msg/detail/yolo_raw_info__type_support.cpp.o[0m
[1.918s] [ 36%] [32mBuilding CXX object CMakeFiles/yolov8_def__rosidl_typesupport_introspection_cpp.dir/rosidl_typesupport_introspection_cpp/yolov8_def/msg/detail/boundingboxresult__type_support.cpp.o[0m
[1.919s] [ 38%] [32mBuilding CXX object CMakeFiles/yolov8_def__rosidl_typesupport_introspection_cpp.dir/rosidl_typesupport_introspection_cpp/yolov8_def/msg/detail/target_offset__type_support.cpp.o[0m
[1.949s] [ 44%] [32mBuilding CXX object CMakeFiles/yolov8_def__rosidl_typesupport_fastrtps_cpp.dir/rosidl_typesupport_fastrtps_cpp/yolov8_def/msg/detail/dds_fastrtps/target_offset__type_support.cpp.o[0m
[1.949s] [ 44%] [32mBuilding CXX object CMakeFiles/yolov8_def__rosidl_typesupport_fastrtps_cpp.dir/rosidl_typesupport_fastrtps_cpp/yolov8_def/msg/detail/dds_fastrtps/yolo_raw_info__type_support.cpp.o[0m
[1.949s] [ 44%] [32mBuilding CXX object CMakeFiles/yolov8_def__rosidl_typesupport_fastrtps_cpp.dir/rosidl_typesupport_fastrtps_cpp/yolov8_def/msg/detail/dds_fastrtps/boundingboxresult__type_support.cpp.o[0m
[1.992s] [ 48%] [32mBuilding CXX object CMakeFiles/yolov8_def__rosidl_typesupport_c.dir/rosidl_typesupport_c/yolov8_def/msg/yolo_raw_info__type_support.cpp.o[0m
[1.992s] [ 48%] [32mBuilding CXX object CMakeFiles/yolov8_def__rosidl_typesupport_c.dir/rosidl_typesupport_c/yolov8_def/msg/boundingboxresult__type_support.cpp.o[0m
[1.992s] [ 51%] [32mBuilding CXX object CMakeFiles/yolov8_def__rosidl_typesupport_c.dir/rosidl_typesupport_c/yolov8_def/msg/target_offset__type_support.cpp.o[0m
[2.037s] [ 53%] [32m[1mLinking CXX shared library libyolov8_def__rosidl_typesupport_c.so[0m
[2.057s] [ 55%] [32mBuilding CXX object CMakeFiles/yolov8_def__rosidl_typesupport_fastrtps_c.dir/rosidl_typesupport_fastrtps_c/yolov8_def/msg/detail/boundingboxresult__type_support_c.cpp.o[0m
[2.058s] [ 57%] [32mBuilding CXX object CMakeFiles/yolov8_def__rosidl_typesupport_fastrtps_c.dir/rosidl_typesupport_fastrtps_c/yolov8_def/msg/detail/target_offset__type_support_c.cpp.o[0m
[2.058s] [ 59%] [32mBuilding CXX object CMakeFiles/yolov8_def__rosidl_typesupport_fastrtps_c.dir/rosidl_typesupport_fastrtps_c/yolov8_def/msg/detail/yolo_raw_info__type_support_c.cpp.o[0m
[2.073s] [ 65%] [32mBuilding C object CMakeFiles/yolov8_def__rosidl_typesupport_introspection_c.dir/rosidl_typesupport_introspection_c/yolov8_def/msg/detail/target_offset__type_support.c.o[0m
[2.073s] [ 65%] [32mBuilding C object CMakeFiles/yolov8_def__rosidl_typesupport_introspection_c.dir/rosidl_typesupport_introspection_c/yolov8_def/msg/detail/yolo_raw_info__type_support.c.o[0m
[2.073s] [ 65%] [32mBuilding C object CMakeFiles/yolov8_def__rosidl_typesupport_introspection_c.dir/rosidl_typesupport_introspection_c/yolov8_def/msg/detail/boundingboxresult__type_support.c.o[0m
[2.113s] [ 65%] Built target yolov8_def__rosidl_typesupport_c
[2.135s] [ 68%] [32m[1mLinking C shared library libyolov8_def__rosidl_typesupport_introspection_c.so[0m
[2.200s] [ 68%] Built target yolov8_def__rosidl_typesupport_introspection_c
[2.247s] [ 70%] [32m[1mLinking CXX shared library libyolov8_def__rosidl_typesupport_cpp.so[0m
[2.294s] [ 70%] Built target yolov8_def__rosidl_typesupport_cpp
[2.432s] [ 72%] [32m[1mLinking CXX shared library libyolov8_def__rosidl_typesupport_introspection_cpp.so[0m
[2.466s] [ 74%] [32m[1mLinking CXX shared library libyolov8_def__rosidl_typesupport_fastrtps_cpp.so[0m
[2.490s] [ 76%] [32m[1mLinking CXX shared library libyolov8_def__rosidl_typesupport_fastrtps_c.so[0m
[2.505s] [ 76%] Built target yolov8_def__rosidl_typesupport_introspection_cpp
[2.543s] [ 76%] Built target yolov8_def__rosidl_typesupport_fastrtps_cpp
[2.559s] [ 76%] Built target yolov8_def__rosidl_typesupport_fastrtps_c
[2.575s] [ 76%] Built target yolov8_def
[2.593s] [ 78%] [34m[1mGenerating Python code for ROS interfaces[0m
[2.913s] [ 78%] Built target yolov8_def__py
[2.931s] [ 85%] [32mBuilding C object CMakeFiles/yolov8_def__rosidl_generator_py.dir/rosidl_generator_py/yolov8_def/msg/_yolo_raw_info_s.c.o[0m
[2.931s] [ 85%] [32mBuilding C object CMakeFiles/yolov8_def__rosidl_generator_py.dir/rosidl_generator_py/yolov8_def/msg/_target_offset_s.c.o[0m
[2.931s] [ 85%] [32mBuilding C object CMakeFiles/yolov8_def__rosidl_generator_py.dir/rosidl_generator_py/yolov8_def/msg/_boundingboxresult_s.c.o[0m
[3.010s] [ 87%] [32m[1mLinking C shared library rosidl_generator_py/yolov8_def/libyolov8_def__rosidl_generator_py.so[0m
[3.044s] [ 87%] Built target yolov8_def__rosidl_generator_py
[3.061s] [ 93%] [32mBuilding C object CMakeFiles/yolov8_def__rosidl_typesupport_introspection_c__pyext.dir/rosidl_generator_py/yolov8_def/_yolov8_def_s.ep.rosidl_typesupport_introspection_c.c.o[0m
[3.062s] [ 93%] [32mBuilding C object CMakeFiles/yolov8_def__rosidl_typesupport_c__pyext.dir/rosidl_generator_py/yolov8_def/_yolov8_def_s.ep.rosidl_typesupport_c.c.o[0m
[3.062s] [ 93%] [32mBuilding C object CMakeFiles/yolov8_def__rosidl_typesupport_fastrtps_c__pyext.dir/rosidl_generator_py/yolov8_def/_yolov8_def_s.ep.rosidl_typesupport_fastrtps_c.c.o[0m
[3.141s] [ 97%] [32m[1mLinking C shared library rosidl_generator_py/yolov8_def/yolov8_def_s__rosidl_typesupport_fastrtps_c.cpython-310-x86_64-linux-gnu.so[0m
[3.141s] [ 97%] [32m[1mLinking C shared library rosidl_generator_py/yolov8_def/yolov8_def_s__rosidl_typesupport_c.cpython-310-x86_64-linux-gnu.so[0m
[3.141s] [100%] [32m[1mLinking C shared library rosidl_generator_py/yolov8_def/yolov8_def_s__rosidl_typesupport_introspection_c.cpython-310-x86_64-linux-gnu.so[0m
[3.174s] [100%] Built target yolov8_def__rosidl_typesupport_introspection_c__pyext
[3.174s] [100%] Built target yolov8_def__rosidl_typesupport_c__pyext
[3.174s] [100%] Built target yolov8_def__rosidl_typesupport_fastrtps_c__pyext
[3.185s] Invoked command in '/home/synaaa/object_detection_test/build/yolov8_def' returned '0': CMAKE_PREFIX_PATH=${CMAKE_PREFIX_PATH}:/opt/ros/humble /usr/bin/cmake --build /home/synaaa/object_detection_test/build/yolov8_def -- -j16 -l16
[3.279s] Invoking command in '/home/synaaa/object_detection_test/build/yolov8_def': CMAKE_PREFIX_PATH=${CMAKE_PREFIX_PATH}:/opt/ros/humble /usr/bin/cmake --install /home/synaaa/object_detection_test/build/yolov8_def
[3.286s] -- Install configuration: ""
[3.286s] -- Installing: /home/synaaa/object_detection_test/install/yolov8_def/share/ament_index/resource_index/rosidl_interfaces/yolov8_def
[3.286s] -- Installing: /home/synaaa/object_detection_test/install/yolov8_def/include/yolov8_def/yolov8_def
[3.286s] -- Installing: /home/synaaa/object_detection_test/install/yolov8_def/include/yolov8_def/yolov8_def/msg
[3.287s] -- Installing: /home/synaaa/object_detection_test/install/yolov8_def/include/yolov8_def/yolov8_def/msg/yolo_raw_info.h
[3.287s] -- Installing: /home/synaaa/object_detection_test/install/yolov8_def/include/yolov8_def/yolov8_def/msg/target_offset.h
[3.287s] -- Installing: /home/synaaa/object_detection_test/install/yolov8_def/include/yolov8_def/yolov8_def/msg/rosidl_generator_c__visibility_control.h
[3.287s] -- Installing: /home/synaaa/object_detection_test/install/yolov8_def/include/yolov8_def/yolov8_def/msg/detail
[3.287s] -- Installing: /home/synaaa/object_detection_test/install/yolov8_def/include/yolov8_def/yolov8_def/msg/detail/yolo_raw_info__functions.c
[3.287s] -- Installing: /home/synaaa/object_detection_test/install/yolov8_def/include/yolov8_def/yolov8_def/msg/detail/boundingboxresult__functions.h
[3.287s] -- Installing: /home/synaaa/object_detection_test/install/yolov8_def/include/yolov8_def/yolov8_def/msg/detail/yolo_raw_info__struct.h
[3.287s] -- Installing: /home/synaaa/object_detection_test/install/yolov8_def/include/yolov8_def/yolov8_def/msg/detail/boundingboxresult__struct.h
[3.287s] -- Installing: /home/synaaa/object_detection_test/install/yolov8_def/include/yolov8_def/yolov8_def/msg/detail/target_offset__struct.h
[3.287s] -- Installing: /home/synaaa/object_detection_test/install/yolov8_def/include/yolov8_def/yolov8_def/msg/detail/boundingboxresult__functions.c
[3.287s] -- Installing: /home/synaaa/object_detection_test/install/yolov8_def/include/yolov8_def/yolov8_def/msg/detail/target_offset__type_support.h
[3.288s] -- Installing: /home/synaaa/object_detection_test/install/yolov8_def/include/yolov8_def/yolov8_def/msg/detail/boundingboxresult__type_support.h
[3.288s] -- Installing: /home/synaaa/object_detection_test/install/yolov8_def/include/yolov8_def/yolov8_def/msg/detail/yolo_raw_info__type_support.h
[3.288s] -- Installing: /home/synaaa/object_detection_test/install/yolov8_def/include/yolov8_def/yolov8_def/msg/detail/target_offset__functions.h
[3.288s] -- Installing: /home/synaaa/object_detection_test/install/yolov8_def/include/yolov8_def/yolov8_def/msg/detail/yolo_raw_info__functions.h
[3.288s] -- Installing: /home/synaaa/object_detection_test/install/yolov8_def/include/yolov8_def/yolov8_def/msg/detail/target_offset__functions.c
[3.288s] -- Installing: /home/synaaa/object_detection_test/install/yolov8_def/include/yolov8_def/yolov8_def/msg/boundingboxresult.h
[3.288s] -- Installing: /home/synaaa/object_detection_test/install/yolov8_def/share/yolov8_def/environment/library_path.sh
[3.288s] -- Installing: /home/synaaa/object_detection_test/install/yolov8_def/share/yolov8_def/environment/library_path.dsv
[3.289s] -- Installing: /home/synaaa/object_detection_test/install/yolov8_def/lib/libyolov8_def__rosidl_generator_c.so
[3.289s] -- Set runtime path of "/home/synaaa/object_detection_test/install/yolov8_def/lib/libyolov8_def__rosidl_generator_c.so" to ""
[3.289s] -- Up-to-date: /home/synaaa/object_detection_test/install/yolov8_def/include/yolov8_def/yolov8_def
[3.289s] -- Up-to-date: /home/synaaa/object_detection_test/install/yolov8_def/include/yolov8_def/yolov8_def/msg
[3.289s] -- Up-to-date: /home/synaaa/object_detection_test/install/yolov8_def/include/yolov8_def/yolov8_def/msg/detail
[3.289s] -- Installing: /home/synaaa/object_detection_test/install/yolov8_def/include/yolov8_def/yolov8_def/msg/detail/boundingboxresult__rosidl_typesupport_fastrtps_c.h
[3.289s] -- Installing: /home/synaaa/object_detection_test/install/yolov8_def/include/yolov8_def/yolov8_def/msg/detail/yolo_raw_info__rosidl_typesupport_fastrtps_c.h
[3.289s] -- Installing: /home/synaaa/object_detection_test/install/yolov8_def/include/yolov8_def/yolov8_def/msg/detail/target_offset__rosidl_typesupport_fastrtps_c.h
[3.289s] -- Installing: /home/synaaa/object_detection_test/install/yolov8_def/include/yolov8_def/yolov8_def/msg/rosidl_typesupport_fastrtps_c__visibility_control.h
[3.289s] -- Installing: /home/synaaa/object_detection_test/install/yolov8_def/lib/libyolov8_def__rosidl_typesupport_fastrtps_c.so
[3.290s] -- Set runtime path of "/home/synaaa/object_detection_test/install/yolov8_def/lib/libyolov8_def__rosidl_typesupport_fastrtps_c.so" to ""
[3.290s] -- Up-to-date: /home/synaaa/object_detection_test/install/yolov8_def/include/yolov8_def/yolov8_def
[3.290s] -- Up-to-date: /home/synaaa/object_detection_test/install/yolov8_def/include/yolov8_def/yolov8_def/msg
[3.290s] -- Installing: /home/synaaa/object_detection_test/install/yolov8_def/include/yolov8_def/yolov8_def/msg/target_offset.hpp
[3.290s] -- Installing: /home/synaaa/object_detection_test/install/yolov8_def/include/yolov8_def/yolov8_def/msg/boundingboxresult.hpp
[3.290s] -- Up-to-date: /home/synaaa/object_detection_test/install/yolov8_def/include/yolov8_def/yolov8_def/msg/detail
[3.290s] -- Installing: /home/synaaa/object_detection_test/install/yolov8_def/include/yolov8_def/yolov8_def/msg/detail/boundingboxresult__struct.hpp
[3.290s] -- Installing: /home/synaaa/object_detection_test/install/yolov8_def/include/yolov8_def/yolov8_def/msg/detail/yolo_raw_info__struct.hpp
[3.290s] -- Installing: /home/synaaa/object_detection_test/install/yolov8_def/include/yolov8_def/yolov8_def/msg/detail/yolo_raw_info__traits.hpp
[3.290s] -- Installing: /home/synaaa/object_detection_test/install/yolov8_def/include/yolov8_def/yolov8_def/msg/detail/yolo_raw_info__builder.hpp
[3.291s] -- Installing: /home/synaaa/object_detection_test/install/yolov8_def/include/yolov8_def/yolov8_def/msg/detail/boundingboxresult__builder.hpp
[3.291s] -- Installing: /home/synaaa/object_detection_test/install/yolov8_def/include/yolov8_def/yolov8_def/msg/detail/target_offset__builder.hpp
[3.291s] -- Installing: /home/synaaa/object_detection_test/install/yolov8_def/include/yolov8_def/yolov8_def/msg/detail/target_offset__struct.hpp
[3.291s] -- Installing: /home/synaaa/object_detection_test/install/yolov8_def/include/yolov8_def/yolov8_def/msg/detail/target_offset__traits.hpp
[3.291s] -- Installing: /home/synaaa/object_detection_test/install/yolov8_def/include/yolov8_def/yolov8_def/msg/detail/boundingboxresult__traits.hpp
[3.291s] -- Installing: /home/synaaa/object_detection_test/install/yolov8_def/include/yolov8_def/yolov8_def/msg/yolo_raw_info.hpp
[3.291s] -- Up-to-date: /home/synaaa/object_detection_test/install/yolov8_def/include/yolov8_def/yolov8_def
[3.291s] -- Up-to-date: /home/synaaa/object_detection_test/install/yolov8_def/include/yolov8_def/yolov8_def/msg
[3.291s] -- Installing: /home/synaaa/object_detection_test/install/yolov8_def/include/yolov8_def/yolov8_def/msg/rosidl_typesupport_fastrtps_cpp__visibility_control.h
[3.291s] -- Up-to-date: /home/synaaa/object_detection_test/install/yolov8_def/include/yolov8_def/yolov8_def/msg/detail
[3.291s] -- Installing: /home/synaaa/object_detection_test/install/yolov8_def/include/yolov8_def/yolov8_def/msg/detail/yolo_raw_info__rosidl_typesupport_fastrtps_cpp.hpp
[3.292s] -- Installing: /home/synaaa/object_detection_test/install/yolov8_def/include/yolov8_def/yolov8_def/msg/detail/target_offset__rosidl_typesupport_fastrtps_cpp.hpp
[3.292s] -- Installing: /home/synaaa/object_detection_test/install/yolov8_def/include/yolov8_def/yolov8_def/msg/detail/boundingboxresult__rosidl_typesupport_fastrtps_cpp.hpp
[3.292s] -- Installing: /home/synaaa/object_detection_test/install/yolov8_def/include/yolov8_def/yolov8_def/msg/detail/dds_fastrtps
[3.292s] -- Installing: /home/synaaa/object_detection_test/install/yolov8_def/lib/libyolov8_def__rosidl_typesupport_fastrtps_cpp.so
[3.292s] -- Set runtime path of "/home/synaaa/object_detection_test/install/yolov8_def/lib/libyolov8_def__rosidl_typesupport_fastrtps_cpp.so" to ""
[3.292s] -- Up-to-date: /home/synaaa/object_detection_test/install/yolov8_def/include/yolov8_def/yolov8_def
[3.292s] -- Up-to-date: /home/synaaa/object_detection_test/install/yolov8_def/include/yolov8_def/yolov8_def/msg
[3.292s] -- Installing: /home/synaaa/object_detection_test/install/yolov8_def/include/yolov8_def/yolov8_def/msg/rosidl_typesupport_introspection_c__visibility_control.h
[3.292s] -- Up-to-date: /home/synaaa/object_detection_test/install/yolov8_def/include/yolov8_def/yolov8_def/msg/detail
[3.292s] -- Installing: /home/synaaa/object_detection_test/install/yolov8_def/include/yolov8_def/yolov8_def/msg/detail/target_offset__type_support.c
[3.292s] -- Installing: /home/synaaa/object_detection_test/install/yolov8_def/include/yolov8_def/yolov8_def/msg/detail/boundingboxresult__rosidl_typesupport_introspection_c.h
[3.293s] -- Installing: /home/synaaa/object_detection_test/install/yolov8_def/include/yolov8_def/yolov8_def/msg/detail/target_offset__rosidl_typesupport_introspection_c.h
[3.293s] -- Installing: /home/synaaa/object_detection_test/install/yolov8_def/include/yolov8_def/yolov8_def/msg/detail/yolo_raw_info__type_support.c
[3.293s] -- Installing: /home/synaaa/object_detection_test/install/yolov8_def/include/yolov8_def/yolov8_def/msg/detail/boundingboxresult__type_support.c
[3.293s] -- Installing: /home/synaaa/object_detection_test/install/yolov8_def/include/yolov8_def/yolov8_def/msg/detail/yolo_raw_info__rosidl_typesupport_introspection_c.h
[3.293s] -- Installing: /home/synaaa/object_detection_test/install/yolov8_def/lib/libyolov8_def__rosidl_typesupport_introspection_c.so
[3.293s] -- Set runtime path of "/home/synaaa/object_detection_test/install/yolov8_def/lib/libyolov8_def__rosidl_typesupport_introspection_c.so" to ""
[3.293s] -- Installing: /home/synaaa/object_detection_test/install/yolov8_def/lib/libyolov8_def__rosidl_typesupport_c.so
[3.294s] -- Set runtime path of "/home/synaaa/object_detection_test/install/yolov8_def/lib/libyolov8_def__rosidl_typesupport_c.so" to ""
[3.294s] -- Up-to-date: /home/synaaa/object_detection_test/install/yolov8_def/include/yolov8_def/yolov8_def
[3.294s] -- Up-to-date: /home/synaaa/object_detection_test/install/yolov8_def/include/yolov8_def/yolov8_def/msg
[3.294s] -- Up-to-date: /home/synaaa/object_detection_test/install/yolov8_def/include/yolov8_def/yolov8_def/msg/detail
[3.294s] -- Installing: /home/synaaa/object_detection_test/install/yolov8_def/include/yolov8_def/yolov8_def/msg/detail/yolo_raw_info__type_support.cpp
[3.294s] -- Installing: /home/synaaa/object_detection_test/install/yolov8_def/include/yolov8_def/yolov8_def/msg/detail/boundingboxresult__rosidl_typesupport_introspection_cpp.hpp
[3.294s] -- Installing: /home/synaaa/object_detection_test/install/yolov8_def/include/yolov8_def/yolov8_def/msg/detail/target_offset__type_support.cpp
[3.294s] -- Installing: /home/synaaa/object_detection_test/install/yolov8_def/include/yolov8_def/yolov8_def/msg/detail/yolo_raw_info__rosidl_typesupport_introspection_cpp.hpp
[3.294s] -- Installing: /home/synaaa/object_detection_test/install/yolov8_def/include/yolov8_def/yolov8_def/msg/detail/target_offset__rosidl_typesupport_introspection_cpp.hpp
[3.294s] -- Installing: /home/synaaa/object_detection_test/install/yolov8_def/include/yolov8_def/yolov8_def/msg/detail/boundingboxresult__type_support.cpp
[3.294s] -- Installing: /home/synaaa/object_detection_test/install/yolov8_def/lib/libyolov8_def__rosidl_typesupport_introspection_cpp.so
[3.295s] -- Set runtime path of "/home/synaaa/object_detection_test/install/yolov8_def/lib/libyolov8_def__rosidl_typesupport_introspection_cpp.so" to ""
[3.295s] -- Installing: /home/synaaa/object_detection_test/install/yolov8_def/lib/libyolov8_def__rosidl_typesupport_cpp.so
[3.295s] -- Set runtime path of "/home/synaaa/object_detection_test/install/yolov8_def/lib/libyolov8_def__rosidl_typesupport_cpp.so" to ""
[3.295s] -- Installing: /home/synaaa/object_detection_test/install/yolov8_def/share/yolov8_def/environment/pythonpath.sh
[3.295s] -- Installing: /home/synaaa/object_detection_test/install/yolov8_def/share/yolov8_def/environment/pythonpath.dsv
[3.295s] -- Installing: /home/synaaa/object_detection_test/install/yolov8_def/local/lib/python3.10/dist-packages/yolov8_def-0.0.0-py3.10.egg-info
[3.295s] -- Installing: /home/synaaa/object_detection_test/install/yolov8_def/local/lib/python3.10/dist-packages/yolov8_def-0.0.0-py3.10.egg-info/dependency_links.txt
[3.296s] -- Installing: /home/synaaa/object_detection_test/install/yolov8_def/local/lib/python3.10/dist-packages/yolov8_def-0.0.0-py3.10.egg-info/top_level.txt
[3.296s] -- Installing: /home/synaaa/object_detection_test/install/yolov8_def/local/lib/python3.10/dist-packages/yolov8_def-0.0.0-py3.10.egg-info/PKG-INFO
[3.296s] -- Installing: /home/synaaa/object_detection_test/install/yolov8_def/local/lib/python3.10/dist-packages/yolov8_def-0.0.0-py3.10.egg-info/SOURCES.txt
[3.296s] -- Installing: /home/synaaa/object_detection_test/install/yolov8_def/local/lib/python3.10/dist-packages/yolov8_def
[3.296s] -- Installing: /home/synaaa/object_detection_test/install/yolov8_def/local/lib/python3.10/dist-packages/yolov8_def/libyolov8_def__rosidl_generator_py.so
[3.296s] -- Installing: /home/synaaa/object_detection_test/install/yolov8_def/local/lib/python3.10/dist-packages/yolov8_def/_yolov8_def_s.ep.rosidl_typesupport_fastrtps_c.c
[3.296s] -- Installing: /home/synaaa/object_detection_test/install/yolov8_def/local/lib/python3.10/dist-packages/yolov8_def/msg
[3.296s] -- Installing: /home/synaaa/object_detection_test/install/yolov8_def/local/lib/python3.10/dist-packages/yolov8_def/msg/_target_offset.py
[3.296s] -- Installing: /home/synaaa/object_detection_test/install/yolov8_def/local/lib/python3.10/dist-packages/yolov8_def/msg/_boundingboxresult.py
[3.296s] -- Installing: /home/synaaa/object_detection_test/install/yolov8_def/local/lib/python3.10/dist-packages/yolov8_def/msg/_yolo_raw_info_s.c
[3.297s] -- Installing: /home/synaaa/object_detection_test/install/yolov8_def/local/lib/python3.10/dist-packages/yolov8_def/msg/_yolo_raw_info.py
[3.297s] -- Installing: /home/synaaa/object_detection_test/install/yolov8_def/local/lib/python3.10/dist-packages/yolov8_def/msg/_boundingboxresult_s.c
[3.297s] -- Installing: /home/synaaa/object_detection_test/install/yolov8_def/local/lib/python3.10/dist-packages/yolov8_def/msg/_target_offset_s.c
[3.297s] -- Installing: /home/synaaa/object_detection_test/install/yolov8_def/local/lib/python3.10/dist-packages/yolov8_def/msg/__init__.py
[3.297s] -- Installing: /home/synaaa/object_detection_test/install/yolov8_def/local/lib/python3.10/dist-packages/yolov8_def/yolov8_def_s__rosidl_typesupport_introspection_c.cpython-310-x86_64-linux-gnu.so
[3.297s] -- Installing: /home/synaaa/object_detection_test/install/yolov8_def/local/lib/python3.10/dist-packages/yolov8_def/_yolov8_def_s.ep.rosidl_typesupport_c.c
[3.297s] -- Installing: /home/synaaa/object_detection_test/install/yolov8_def/local/lib/python3.10/dist-packages/yolov8_def/yolov8_def_s__rosidl_typesupport_c.cpython-310-x86_64-linux-gnu.so
[3.297s] -- Installing: /home/synaaa/object_detection_test/install/yolov8_def/local/lib/python3.10/dist-packages/yolov8_def/__init__.py
[3.297s] -- Installing: /home/synaaa/object_detection_test/install/yolov8_def/local/lib/python3.10/dist-packages/yolov8_def/yolov8_def_s__rosidl_typesupport_fastrtps_c.cpython-310-x86_64-linux-gnu.so
[3.298s] -- Installing: /home/synaaa/object_detection_test/install/yolov8_def/local/lib/python3.10/dist-packages/yolov8_def/_yolov8_def_s.ep.rosidl_typesupport_introspection_c.c
[3.323s] Listing '/home/synaaa/object_detection_test/install/yolov8_def/local/lib/python3.10/dist-packages/yolov8_def'...
[3.323s] Compiling '/home/synaaa/object_detection_test/install/yolov8_def/local/lib/python3.10/dist-packages/yolov8_def/__init__.py'...
[3.323s] Listing '/home/synaaa/object_detection_test/install/yolov8_def/local/lib/python3.10/dist-packages/yolov8_def/msg'...
[3.323s] Compiling '/home/synaaa/object_detection_test/install/yolov8_def/local/lib/python3.10/dist-packages/yolov8_def/msg/__init__.py'...
[3.323s] Compiling '/home/synaaa/object_detection_test/install/yolov8_def/local/lib/python3.10/dist-packages/yolov8_def/msg/_boundingboxresult.py'...
[3.323s] Compiling '/home/synaaa/object_detection_test/install/yolov8_def/local/lib/python3.10/dist-packages/yolov8_def/msg/_target_offset.py'...
[3.323s] Compiling '/home/synaaa/object_detection_test/install/yolov8_def/local/lib/python3.10/dist-packages/yolov8_def/msg/_yolo_raw_info.py'...
[3.326s] -- Installing: /home/synaaa/object_detection_test/install/yolov8_def/local/lib/python3.10/dist-packages/yolov8_def/yolov8_def_s__rosidl_typesupport_fastrtps_c.cpython-310-x86_64-linux-gnu.so
[3.327s] -- Set runtime path of "/home/synaaa/object_detection_test/install/yolov8_def/local/lib/python3.10/dist-packages/yolov8_def/yolov8_def_s__rosidl_typesupport_fastrtps_c.cpython-310-x86_64-linux-gnu.so" to ""
[3.327s] -- Installing: /home/synaaa/object_detection_test/install/yolov8_def/local/lib/python3.10/dist-packages/yolov8_def/yolov8_def_s__rosidl_typesupport_introspection_c.cpython-310-x86_64-linux-gnu.so
[3.327s] -- Set runtime path of "/home/synaaa/object_detection_test/install/yolov8_def/local/lib/python3.10/dist-packages/yolov8_def/yolov8_def_s__rosidl_typesupport_introspection_c.cpython-310-x86_64-linux-gnu.so" to ""
[3.327s] -- Installing: /home/synaaa/object_detection_test/install/yolov8_def/local/lib/python3.10/dist-packages/yolov8_def/yolov8_def_s__rosidl_typesupport_c.cpython-310-x86_64-linux-gnu.so
[3.327s] -- Set runtime path of "/home/synaaa/object_detection_test/install/yolov8_def/local/lib/python3.10/dist-packages/yolov8_def/yolov8_def_s__rosidl_typesupport_c.cpython-310-x86_64-linux-gnu.so" to ""
[3.328s] -- Installing: /home/synaaa/object_detection_test/install/yolov8_def/lib/libyolov8_def__rosidl_generator_py.so
[3.328s] -- Set runtime path of "/home/synaaa/object_detection_test/install/yolov8_def/lib/libyolov8_def__rosidl_generator_py.so" to ""
[3.328s] -- Installing: /home/synaaa/object_detection_test/install/yolov8_def/share/yolov8_def/msg/Boundingboxresult.idl
[3.328s] -- Installing: /home/synaaa/object_detection_test/install/yolov8_def/share/yolov8_def/msg/YoloRawInfo.idl
[3.328s] -- Installing: /home/synaaa/object_detection_test/install/yolov8_def/share/yolov8_def/msg/TargetOffset.idl
[3.328s] -- Installing: /home/synaaa/object_detection_test/install/yolov8_def/share/yolov8_def/msg/Boundingboxresult.msg
[3.328s] -- Installing: /home/synaaa/object_detection_test/install/yolov8_def/share/yolov8_def/msg/YoloRawInfo.msg
[3.329s] -- Installing: /home/synaaa/object_detection_test/install/yolov8_def/share/yolov8_def/msg/TargetOffset.msg
[3.329s] -- Installing: /home/synaaa/object_detection_test/install/yolov8_def/share/ament_index/resource_index/package_run_dependencies/yolov8_def
[3.329s] -- Installing: /home/synaaa/object_detection_test/install/yolov8_def/share/ament_index/resource_index/parent_prefix_path/yolov8_def
[3.329s] -- Installing: /home/synaaa/object_detection_test/install/yolov8_def/share/yolov8_def/environment/ament_prefix_path.sh
[3.329s] -- Installing: /home/synaaa/object_detection_test/install/yolov8_def/share/yolov8_def/environment/ament_prefix_path.dsv
[3.329s] -- Installing: /home/synaaa/object_detection_test/install/yolov8_def/share/yolov8_def/environment/path.sh
[3.329s] -- Installing: /home/synaaa/object_detection_test/install/yolov8_def/share/yolov8_def/environment/path.dsv
[3.329s] -- Installing: /home/synaaa/object_detection_test/install/yolov8_def/share/yolov8_def/local_setup.bash
[3.330s] -- Installing: /home/synaaa/object_detection_test/install/yolov8_def/share/yolov8_def/local_setup.sh
[3.330s] -- Installing: /home/synaaa/object_detection_test/install/yolov8_def/share/yolov8_def/local_setup.zsh
[3.330s] -- Installing: /home/synaaa/object_detection_test/install/yolov8_def/share/yolov8_def/local_setup.dsv
[3.330s] -- Installing: /home/synaaa/object_detection_test/install/yolov8_def/share/yolov8_def/package.dsv
[3.330s] -- Installing: /home/synaaa/object_detection_test/install/yolov8_def/share/ament_index/resource_index/packages/yolov8_def
[3.330s] -- Installing: /home/synaaa/object_detection_test/install/yolov8_def/share/yolov8_def/cmake/export_yolov8_def__rosidl_generator_cExport.cmake
[3.330s] -- Installing: /home/synaaa/object_detection_test/install/yolov8_def/share/yolov8_def/cmake/export_yolov8_def__rosidl_generator_cExport-noconfig.cmake
[3.330s] -- Installing: /home/synaaa/object_detection_test/install/yolov8_def/share/yolov8_def/cmake/export_yolov8_def__rosidl_typesupport_fastrtps_cExport.cmake
[3.331s] -- Installing: /home/synaaa/object_detection_test/install/yolov8_def/share/yolov8_def/cmake/export_yolov8_def__rosidl_typesupport_fastrtps_cExport-noconfig.cmake
[3.331s] -- Installing: /home/synaaa/object_detection_test/install/yolov8_def/share/yolov8_def/cmake/export_yolov8_def__rosidl_generator_cppExport.cmake
[3.331s] -- Installing: /home/synaaa/object_detection_test/install/yolov8_def/share/yolov8_def/cmake/export_yolov8_def__rosidl_typesupport_fastrtps_cppExport.cmake
[3.331s] -- Installing: /home/synaaa/object_detection_test/install/yolov8_def/share/yolov8_def/cmake/export_yolov8_def__rosidl_typesupport_fastrtps_cppExport-noconfig.cmake
[3.331s] -- Installing: /home/synaaa/object_detection_test/install/yolov8_def/share/yolov8_def/cmake/yolov8_def__rosidl_typesupport_introspection_cExport.cmake
[3.331s] -- Installing: /home/synaaa/object_detection_test/install/yolov8_def/share/yolov8_def/cmake/yolov8_def__rosidl_typesupport_introspection_cExport-noconfig.cmake
[3.331s] -- Installing: /home/synaaa/object_detection_test/install/yolov8_def/share/yolov8_def/cmake/yolov8_def__rosidl_typesupport_cExport.cmake
[3.331s] -- Installing: /home/synaaa/object_detection_test/install/yolov8_def/share/yolov8_def/cmake/yolov8_def__rosidl_typesupport_cExport-noconfig.cmake
[3.332s] -- Installing: /home/synaaa/object_detection_test/install/yolov8_def/share/yolov8_def/cmake/yolov8_def__rosidl_typesupport_introspection_cppExport.cmake
[3.332s] -- Installing: /home/synaaa/object_detection_test/install/yolov8_def/share/yolov8_def/cmake/yolov8_def__rosidl_typesupport_introspection_cppExport-noconfig.cmake
[3.332s] -- Installing: /home/synaaa/object_detection_test/install/yolov8_def/share/yolov8_def/cmake/yolov8_def__rosidl_typesupport_cppExport.cmake
[3.332s] -- Installing: /home/synaaa/object_detection_test/install/yolov8_def/share/yolov8_def/cmake/yolov8_def__rosidl_typesupport_cppExport-noconfig.cmake
[3.332s] -- Installing: /home/synaaa/object_detection_test/install/yolov8_def/share/yolov8_def/cmake/export_yolov8_def__rosidl_generator_pyExport.cmake
[3.332s] -- Installing: /home/synaaa/object_detection_test/install/yolov8_def/share/yolov8_def/cmake/export_yolov8_def__rosidl_generator_pyExport-noconfig.cmake
[3.332s] -- Installing: /home/synaaa/object_detection_test/install/yolov8_def/share/yolov8_def/cmake/rosidl_cmake-extras.cmake
[3.333s] -- Installing: /home/synaaa/object_detection_test/install/yolov8_def/share/yolov8_def/cmake/ament_cmake_export_dependencies-extras.cmake
[3.333s] -- Installing: /home/synaaa/object_detection_test/install/yolov8_def/share/yolov8_def/cmake/ament_cmake_export_include_directories-extras.cmake
[3.333s] -- Installing: /home/synaaa/object_detection_test/install/yolov8_def/share/yolov8_def/cmake/ament_cmake_export_libraries-extras.cmake
[3.333s] -- Installing: /home/synaaa/object_detection_test/install/yolov8_def/share/yolov8_def/cmake/ament_cmake_export_targets-extras.cmake
[3.333s] -- Installing: /home/synaaa/object_detection_test/install/yolov8_def/share/yolov8_def/cmake/rosidl_cmake_export_typesupport_targets-extras.cmake
[3.333s] -- Installing: /home/synaaa/object_detection_test/install/yolov8_def/share/yolov8_def/cmake/rosidl_cmake_export_typesupport_libraries-extras.cmake
[3.333s] -- Installing: /home/synaaa/object_detection_test/install/yolov8_def/share/yolov8_def/cmake/yolov8_defConfig.cmake
[3.333s] -- Installing: /home/synaaa/object_detection_test/install/yolov8_def/share/yolov8_def/cmake/yolov8_defConfig-version.cmake
[3.333s] -- Installing: /home/synaaa/object_detection_test/install/yolov8_def/share/yolov8_def/package.xml
[3.336s] Invoked command in '/home/synaaa/object_detection_test/build/yolov8_def' returned '0': CMAKE_PREFIX_PATH=${CMAKE_PREFIX_PATH}:/opt/ros/humble /usr/bin/cmake --install /home/synaaa/object_detection_test/build/yolov8_def
