[0.072s] DEBUG:colcon:Command line arguments: ['/usr/bin/colcon', 'build', '--packages-select', 'yolov8', 'yolov8_def']
[0.072s] DEBUG:colcon:Parsed command line arguments: Namespace(log_base=None, log_level=None, verb_name='build', build_base='build', install_base='install', merge_install=False, symlink_install=False, test_result_base=None, continue_on_error=False, executor='parallel', parallel_workers=16, event_handlers=None, ignore_user_meta=False, metas=['./colcon.meta'], base_paths=['.'], packages_ignore=None, packages_ignore_regex=None, paths=None, packages_up_to=None, packages_up_to_regex=None, packages_above=None, packages_above_and_dependencies=None, packages_above_depth=None, packages_select_by_dep=None, packages_skip_by_dep=None, packages_skip_up_to=None, packages_select_build_failed=False, packages_skip_build_finished=False, packages_select_test_failures=False, packages_skip_test_passed=False, packages_select=['yolov8', 'yolov8_def'], packages_skip=None, packages_select_regex=None, packages_skip_regex=None, packages_start=None, packages_end=None, allow_overriding=[], cmake_args=None, cmake_target=None, cmake_target_skip_unavailable=False, cmake_clean_cache=False, cmake_clean_first=False, cmake_force_configure=False, ament_cmake_args=None, catkin_cmake_args=None, catkin_skip_building_tests=False, verb_parser=<colcon_defaults.argument_parser.defaults.DefaultArgumentsDecorator object at 0x79b9e8bdca90>, verb_extension=<colcon_core.verb.build.BuildVerb object at 0x79b9e8bdc520>, main=<bound method BuildVerb.main of <colcon_core.verb.build.BuildVerb object at 0x79b9e8bdc520>>)
[0.101s] Level 1:colcon.colcon_core.package_discovery:discover_packages(colcon_meta) check parameters
[0.101s] Level 1:colcon.colcon_core.package_discovery:discover_packages(recursive) check parameters
[0.101s] Level 1:colcon.colcon_core.package_discovery:discover_packages(ignore) check parameters
[0.101s] Level 1:colcon.colcon_core.package_discovery:discover_packages(path) check parameters
[0.101s] Level 1:colcon.colcon_core.package_discovery:discover_packages(colcon_meta) discover
[0.101s] Level 1:colcon.colcon_core.package_discovery:discover_packages(recursive) discover
[0.102s] INFO:colcon.colcon_core.package_discovery:Crawling recursively for packages in '/home/synaaa/object_detection_test'
[0.102s] Level 1:colcon.colcon_core.package_identification:_identify(.) by extensions ['ignore', 'ignore_ament_install']
[0.102s] Level 1:colcon.colcon_core.package_identification:_identify(.) by extension 'ignore'
[0.102s] Level 1:colcon.colcon_core.package_identification:_identify(.) by extension 'ignore_ament_install'
[0.102s] Level 1:colcon.colcon_core.package_identification:_identify(.) by extensions ['colcon_pkg']
[0.102s] Level 1:colcon.colcon_core.package_identification:_identify(.) by extension 'colcon_pkg'
[0.102s] Level 1:colcon.colcon_core.package_identification:_identify(.) by extensions ['colcon_meta']
[0.102s] Level 1:colcon.colcon_core.package_identification:_identify(.) by extension 'colcon_meta'
[0.102s] Level 1:colcon.colcon_core.package_identification:_identify(.) by extensions ['ros']
[0.102s] Level 1:colcon.colcon_core.package_identification:_identify(.) by extension 'ros'
[0.112s] Level 1:colcon.colcon_core.package_identification:_identify(.) by extensions ['cmake', 'python']
[0.112s] Level 1:colcon.colcon_core.package_identification:_identify(.) by extension 'cmake'
[0.112s] Level 1:colcon.colcon_core.package_identification:_identify(.) by extension 'python'
[0.112s] Level 1:colcon.colcon_core.package_identification:_identify(.) by extensions ['python_setup_py']
[0.112s] Level 1:colcon.colcon_core.package_identification:_identify(.) by extension 'python_setup_py'
[0.112s] Level 1:colcon.colcon_core.package_identification:_identify(build) by extensions ['ignore', 'ignore_ament_install']
[0.112s] Level 1:colcon.colcon_core.package_identification:_identify(build) by extension 'ignore'
[0.112s] Level 1:colcon.colcon_core.package_identification:_identify(build) ignored
[0.112s] Level 1:colcon.colcon_core.package_identification:_identify(install) by extensions ['ignore', 'ignore_ament_install']
[0.112s] Level 1:colcon.colcon_core.package_identification:_identify(install) by extension 'ignore'
[0.112s] Level 1:colcon.colcon_core.package_identification:_identify(install) ignored
[0.113s] Level 1:colcon.colcon_core.package_identification:_identify(log) by extensions ['ignore', 'ignore_ament_install']
[0.113s] Level 1:colcon.colcon_core.package_identification:_identify(log) by extension 'ignore'
[0.113s] Level 1:colcon.colcon_core.package_identification:_identify(log) ignored
[0.113s] Level 1:colcon.colcon_core.package_identification:_identify(yolov8) by extensions ['ignore', 'ignore_ament_install']
[0.113s] Level 1:colcon.colcon_core.package_identification:_identify(yolov8) by extension 'ignore'
[0.113s] Level 1:colcon.colcon_core.package_identification:_identify(yolov8) by extension 'ignore_ament_install'
[0.113s] Level 1:colcon.colcon_core.package_identification:_identify(yolov8) by extensions ['colcon_pkg']
[0.113s] Level 1:colcon.colcon_core.package_identification:_identify(yolov8) by extension 'colcon_pkg'
[0.113s] Level 1:colcon.colcon_core.package_identification:_identify(yolov8) by extensions ['colcon_meta']
[0.113s] Level 1:colcon.colcon_core.package_identification:_identify(yolov8) by extension 'colcon_meta'
[0.113s] Level 1:colcon.colcon_core.package_identification:_identify(yolov8) by extensions ['ros']
[0.113s] Level 1:colcon.colcon_core.package_identification:_identify(yolov8) by extension 'ros'
[0.114s] DEBUG:colcon.colcon_core.package_identification:Package 'yolov8' with type 'ros.ament_cmake' and name 'yolov8'
[0.114s] Level 1:colcon.colcon_core.package_identification:_identify(yolov8_def) by extensions ['ignore', 'ignore_ament_install']
[0.115s] Level 1:colcon.colcon_core.package_identification:_identify(yolov8_def) by extension 'ignore'
[0.115s] Level 1:colcon.colcon_core.package_identification:_identify(yolov8_def) by extension 'ignore_ament_install'
[0.115s] Level 1:colcon.colcon_core.package_identification:_identify(yolov8_def) by extensions ['colcon_pkg']
[0.115s] Level 1:colcon.colcon_core.package_identification:_identify(yolov8_def) by extension 'colcon_pkg'
[0.115s] Level 1:colcon.colcon_core.package_identification:_identify(yolov8_def) by extensions ['colcon_meta']
[0.115s] Level 1:colcon.colcon_core.package_identification:_identify(yolov8_def) by extension 'colcon_meta'
[0.115s] Level 1:colcon.colcon_core.package_identification:_identify(yolov8_def) by extensions ['ros']
[0.115s] Level 1:colcon.colcon_core.package_identification:_identify(yolov8_def) by extension 'ros'
[0.115s] DEBUG:colcon.colcon_core.package_identification:Package 'yolov8_def' with type 'ros.ament_cmake' and name 'yolov8_msgs'
[0.115s] Level 1:colcon.colcon_core.package_discovery:discover_packages(recursive) using defaults
[0.115s] Level 1:colcon.colcon_core.package_discovery:discover_packages(ignore) discover
[0.115s] Level 1:colcon.colcon_core.package_discovery:discover_packages(ignore) using defaults
[0.115s] Level 1:colcon.colcon_core.package_discovery:discover_packages(path) discover
[0.115s] Level 1:colcon.colcon_core.package_discovery:discover_packages(path) using defaults
[0.115s] WARNING:colcon.colcon_core.package_selection:ignoring unknown package 'yolov8_def' in --packages-select
[0.129s] INFO:colcon.colcon_core.package_selection:Skipping not selected package 'yolov8_msgs' in 'yolov8_def'
[0.130s] Level 1:colcon.colcon_core.package_discovery:discover_packages(prefix_path) check parameters
[0.130s] Level 1:colcon.colcon_core.package_discovery:discover_packages(prefix_path) discover
[0.132s] DEBUG:colcon.colcon_installed_package_information.package_discovery:Found 1 installed packages in /home/synaaa/ros2_ws/install
[0.133s] DEBUG:colcon.colcon_installed_package_information.package_discovery:Found 385 installed packages in /opt/ros/humble
[0.135s] Level 1:colcon.colcon_core.package_discovery:discover_packages(prefix_path) using defaults
[0.169s] Level 5:colcon.colcon_core.verb:set package 'yolov8' build argument 'cmake_args' from command line to 'None'
[0.169s] Level 5:colcon.colcon_core.verb:set package 'yolov8' build argument 'cmake_target' from command line to 'None'
[0.169s] Level 5:colcon.colcon_core.verb:set package 'yolov8' build argument 'cmake_target_skip_unavailable' from command line to 'False'
[0.169s] Level 5:colcon.colcon_core.verb:set package 'yolov8' build argument 'cmake_clean_cache' from command line to 'False'
[0.169s] Level 5:colcon.colcon_core.verb:set package 'yolov8' build argument 'cmake_clean_first' from command line to 'False'
[0.169s] Level 5:colcon.colcon_core.verb:set package 'yolov8' build argument 'cmake_force_configure' from command line to 'False'
[0.169s] Level 5:colcon.colcon_core.verb:set package 'yolov8' build argument 'ament_cmake_args' from command line to 'None'
[0.169s] Level 5:colcon.colcon_core.verb:set package 'yolov8' build argument 'catkin_cmake_args' from command line to 'None'
[0.169s] Level 5:colcon.colcon_core.verb:set package 'yolov8' build argument 'catkin_skip_building_tests' from command line to 'False'
[0.169s] DEBUG:colcon.colcon_core.verb:Building package 'yolov8' with the following arguments: {'ament_cmake_args': None, 'build_base': '/home/synaaa/object_detection_test/build/yolov8', 'catkin_cmake_args': None, 'catkin_skip_building_tests': False, 'cmake_args': None, 'cmake_clean_cache': False, 'cmake_clean_first': False, 'cmake_force_configure': False, 'cmake_target': None, 'cmake_target_skip_unavailable': False, 'install_base': '/home/synaaa/object_detection_test/install/yolov8', 'merge_install': False, 'path': '/home/synaaa/object_detection_test/yolov8', 'symlink_install': False, 'test_result_base': None}
[0.169s] INFO:colcon.colcon_core.executor:Executing jobs using 'parallel' executor
[0.170s] DEBUG:colcon.colcon_parallel_executor.executor.parallel:run_until_complete
[0.171s] INFO:colcon.colcon_ros.task.ament_cmake.build:Building ROS package in '/home/synaaa/object_detection_test/yolov8' with build type 'ament_cmake'
[0.171s] INFO:colcon.colcon_cmake.task.cmake.build:Building CMake package in '/home/synaaa/object_detection_test/yolov8'
[0.174s] INFO:colcon.colcon_core.plugin_system:Skipping extension 'colcon_core.shell.bat': Not used on non-Windows systems
[0.174s] INFO:colcon.colcon_core.shell:Skip shell extension 'powershell' for command environment: Not usable outside of PowerShell
[0.174s] DEBUG:colcon.colcon_core.shell:Skip shell extension 'dsv' for command environment
[0.180s] DEBUG:colcon.colcon_core.event_handler.log_command:Invoking command in '/home/synaaa/object_detection_test/build/yolov8': CMAKE_PREFIX_PATH=${CMAKE_PREFIX_PATH}:/opt/ros/humble /usr/bin/cmake /home/synaaa/object_detection_test/yolov8 -DCMAKE_INSTALL_PREFIX=/home/synaaa/object_detection_test/install/yolov8
[0.946s] DEBUG:colcon.colcon_core.event_handler.log_command:Invoked command in '/home/synaaa/object_detection_test/build/yolov8' returned '0': CMAKE_PREFIX_PATH=${CMAKE_PREFIX_PATH}:/opt/ros/humble /usr/bin/cmake /home/synaaa/object_detection_test/yolov8 -DCMAKE_INSTALL_PREFIX=/home/synaaa/object_detection_test/install/yolov8
[0.948s] DEBUG:colcon.colcon_core.event_handler.log_command:Invoking command in '/home/synaaa/object_detection_test/build/yolov8': CMAKE_PREFIX_PATH=${CMAKE_PREFIX_PATH}:/opt/ros/humble /usr/bin/cmake --build /home/synaaa/object_detection_test/build/yolov8 -- -j16 -l16
[0.979s] DEBUG:colcon.colcon_core.event_handler.log_command:Invoked command in '/home/synaaa/object_detection_test/build/yolov8' returned '0': CMAKE_PREFIX_PATH=${CMAKE_PREFIX_PATH}:/opt/ros/humble /usr/bin/cmake --build /home/synaaa/object_detection_test/build/yolov8 -- -j16 -l16
[1.006s] DEBUG:colcon.colcon_core.event_handler.log_command:Invoking command in '/home/synaaa/object_detection_test/build/yolov8': CMAKE_PREFIX_PATH=${CMAKE_PREFIX_PATH}:/opt/ros/humble /usr/bin/cmake --install /home/synaaa/object_detection_test/build/yolov8
[1.022s] Level 1:colcon.colcon_core.environment:create_environment_scripts_only(yolov8)
[1.022s] DEBUG:colcon.colcon_core.event_handler.log_command:Invoked command in '/home/synaaa/object_detection_test/build/yolov8' returned '0': CMAKE_PREFIX_PATH=${CMAKE_PREFIX_PATH}:/opt/ros/humble /usr/bin/cmake --install /home/synaaa/object_detection_test/build/yolov8
[1.029s] Level 1:colcon.colcon_core.environment:checking '/home/synaaa/object_detection_test/install/yolov8' for CMake module files
[1.029s] Level 1:colcon.colcon_core.environment:checking '/home/synaaa/object_detection_test/install/yolov8' for CMake config files
[1.029s] Level 1:colcon.colcon_core.shell:create_environment_hook('yolov8', 'cmake_prefix_path')
[1.029s] INFO:colcon.colcon_core.shell:Creating environment hook '/home/synaaa/object_detection_test/install/yolov8/share/yolov8/hook/cmake_prefix_path.ps1'
[1.031s] INFO:colcon.colcon_core.shell:Creating environment descriptor '/home/synaaa/object_detection_test/install/yolov8/share/yolov8/hook/cmake_prefix_path.dsv'
[1.033s] INFO:colcon.colcon_core.shell:Creating environment hook '/home/synaaa/object_detection_test/install/yolov8/share/yolov8/hook/cmake_prefix_path.sh'
[1.035s] Level 1:colcon.colcon_core.environment:checking '/home/synaaa/object_detection_test/install/yolov8/lib'
[1.035s] Level 1:colcon.colcon_core.environment:checking '/home/synaaa/object_detection_test/install/yolov8/bin'
[1.035s] Level 1:colcon.colcon_core.environment:checking '/home/synaaa/object_detection_test/install/yolov8/lib/pkgconfig/yolov8.pc'
[1.035s] Level 1:colcon.colcon_core.environment:checking '/home/synaaa/object_detection_test/install/yolov8/lib/python3.10/site-packages'
[1.035s] Level 1:colcon.colcon_core.environment:checking '/home/synaaa/object_detection_test/install/yolov8/bin'
[1.035s] INFO:colcon.colcon_core.shell:Creating package script '/home/synaaa/object_detection_test/install/yolov8/share/yolov8/package.ps1'
[1.036s] INFO:colcon.colcon_core.shell:Creating package descriptor '/home/synaaa/object_detection_test/install/yolov8/share/yolov8/package.dsv'
[1.036s] INFO:colcon.colcon_core.shell:Creating package script '/home/synaaa/object_detection_test/install/yolov8/share/yolov8/package.sh'
[1.037s] INFO:colcon.colcon_core.shell:Creating package script '/home/synaaa/object_detection_test/install/yolov8/share/yolov8/package.bash'
[1.037s] INFO:colcon.colcon_core.shell:Creating package script '/home/synaaa/object_detection_test/install/yolov8/share/yolov8/package.zsh'
[1.038s] Level 1:colcon.colcon_core.environment:create_file_with_runtime_dependencies(/home/synaaa/object_detection_test/install/yolov8/share/colcon-core/packages/yolov8)
[1.058s] Level 1:colcon.colcon_core.environment:create_environment_scripts_only(yolov8)
[1.058s] Level 1:colcon.colcon_core.environment:checking '/home/synaaa/object_detection_test/install/yolov8' for CMake module files
[1.058s] Level 1:colcon.colcon_core.environment:checking '/home/synaaa/object_detection_test/install/yolov8' for CMake config files
[1.058s] Level 1:colcon.colcon_core.shell:create_environment_hook('yolov8', 'cmake_prefix_path')
[1.058s] INFO:colcon.colcon_core.shell:Creating environment hook '/home/synaaa/object_detection_test/install/yolov8/share/yolov8/hook/cmake_prefix_path.ps1'
[1.059s] INFO:colcon.colcon_core.shell:Creating environment descriptor '/home/synaaa/object_detection_test/install/yolov8/share/yolov8/hook/cmake_prefix_path.dsv'
[1.059s] INFO:colcon.colcon_core.shell:Creating environment hook '/home/synaaa/object_detection_test/install/yolov8/share/yolov8/hook/cmake_prefix_path.sh'
[1.059s] Level 1:colcon.colcon_core.environment:checking '/home/synaaa/object_detection_test/install/yolov8/lib'
[1.059s] Level 1:colcon.colcon_core.environment:checking '/home/synaaa/object_detection_test/install/yolov8/bin'
[1.059s] Level 1:colcon.colcon_core.environment:checking '/home/synaaa/object_detection_test/install/yolov8/lib/pkgconfig/yolov8.pc'
[1.060s] Level 1:colcon.colcon_core.environment:checking '/home/synaaa/object_detection_test/install/yolov8/lib/python3.10/site-packages'
[1.060s] Level 1:colcon.colcon_core.environment:checking '/home/synaaa/object_detection_test/install/yolov8/bin'
[1.060s] INFO:colcon.colcon_core.shell:Creating package script '/home/synaaa/object_detection_test/install/yolov8/share/yolov8/package.ps1'
[1.060s] INFO:colcon.colcon_core.shell:Creating package descriptor '/home/synaaa/object_detection_test/install/yolov8/share/yolov8/package.dsv'
[1.060s] INFO:colcon.colcon_core.shell:Creating package script '/home/synaaa/object_detection_test/install/yolov8/share/yolov8/package.sh'
[1.061s] INFO:colcon.colcon_core.shell:Creating package script '/home/synaaa/object_detection_test/install/yolov8/share/yolov8/package.bash'
[1.061s] INFO:colcon.colcon_core.shell:Creating package script '/home/synaaa/object_detection_test/install/yolov8/share/yolov8/package.zsh'
[1.061s] Level 1:colcon.colcon_core.environment:create_file_with_runtime_dependencies(/home/synaaa/object_detection_test/install/yolov8/share/colcon-core/packages/yolov8)
[1.061s] DEBUG:colcon.colcon_parallel_executor.executor.parallel:closing loop
[1.061s] DEBUG:colcon.colcon_parallel_executor.executor.parallel:loop closed
[1.061s] DEBUG:colcon.colcon_parallel_executor.executor.parallel:run_until_complete finished with '0'
[1.061s] DEBUG:colcon.colcon_core.event_reactor:joining thread
[1.066s] INFO:colcon.colcon_core.plugin_system:Skipping extension 'colcon_notification.desktop_notification.terminal_notifier': Not used on non-Darwin systems
[1.066s] INFO:colcon.colcon_core.plugin_system:Skipping extension 'colcon_notification.desktop_notification.win32': Not used on non-Windows systems
[1.066s] INFO:colcon.colcon_notification.desktop_notification:Sending desktop notification using 'notify2'
[1.077s] DEBUG:colcon.colcon_core.event_reactor:joined thread
[1.077s] INFO:colcon.colcon_core.shell:Creating prefix script '/home/synaaa/object_detection_test/install/local_setup.ps1'
[1.078s] INFO:colcon.colcon_core.shell:Creating prefix util module '/home/synaaa/object_detection_test/install/_local_setup_util_ps1.py'
[1.079s] INFO:colcon.colcon_core.shell:Creating prefix chain script '/home/synaaa/object_detection_test/install/setup.ps1'
[1.080s] INFO:colcon.colcon_core.shell:Creating prefix script '/home/synaaa/object_detection_test/install/local_setup.sh'
[1.080s] INFO:colcon.colcon_core.shell:Creating prefix util module '/home/synaaa/object_detection_test/install/_local_setup_util_sh.py'
[1.081s] INFO:colcon.colcon_core.shell:Creating prefix chain script '/home/synaaa/object_detection_test/install/setup.sh'
[1.081s] INFO:colcon.colcon_core.shell:Creating prefix script '/home/synaaa/object_detection_test/install/local_setup.bash'
[1.082s] INFO:colcon.colcon_core.shell:Creating prefix chain script '/home/synaaa/object_detection_test/install/setup.bash'
[1.083s] INFO:colcon.colcon_core.shell:Creating prefix script '/home/synaaa/object_detection_test/install/local_setup.zsh'
[1.083s] INFO:colcon.colcon_core.shell:Creating prefix chain script '/home/synaaa/object_detection_test/install/setup.zsh'
