[0.008s] Invoking command in '/home/synaaa/object_detection_test/build/yolov8_def': CMAKE_PREFIX_PATH=${CMAKE_PREFIX_PATH}:/opt/ros/humble /usr/bin/cmake /home/synaaa/object_detection_test/yolov8_def -DCMAKE_INSTALL_PREFIX=/home/synaaa/object_detection_test/install/yolov8_def
[0.050s] -- The C compiler identification is GNU 11.4.0
[0.092s] -- The CXX compiler identification is GNU 11.4.0
[0.097s] -- Detecting C compiler ABI info
[0.154s] -- Detecting C compiler ABI info - done
[0.159s] -- Check for working C compiler: /usr/bin/cc - skipped
[0.159s] -- Detecting C compile features
[0.160s] -- Detecting C compile features - done
[0.162s] -- Detecting CXX compiler ABI info
[0.226s] -- Detecting CXX compiler ABI info - done
[0.231s] -- Check for working CXX compiler: /usr/bin/c++ - skipped
[0.231s] -- Detecting CXX compile features
[0.232s] -- Detecting CXX compile features - done
[0.233s] -- Found ament_cmake: 1.3.10 (/opt/ros/humble/share/ament_cmake/cmake)
[0.500s] -- Found Python3: /usr/bin/python3 (found version "3.10.12") found components: Interpreter 
[0.568s] -- Found std_msgs: 4.2.4 (/opt/ros/humble/share/std_msgs/cmake)
[0.595s] -- Found rosidl_generator_c: 3.1.5 (/opt/ros/humble/share/rosidl_generator_c/cmake)
[0.599s] -- Found rosidl_adapter: 3.1.5 (/opt/ros/humble/share/rosidl_adapter/cmake)
[0.605s] -- Found rosidl_generator_cpp: 3.1.5 (/opt/ros/humble/share/rosidl_generator_cpp/cmake)
[0.614s] -- Using all available rosidl_typesupport_c: rosidl_typesupport_fastrtps_c;rosidl_typesupport_introspection_c
[0.626s] -- Using all available rosidl_typesupport_cpp: rosidl_typesupport_fastrtps_cpp;rosidl_typesupport_introspection_cpp
[0.646s] -- Found rosidl_default_generators: 1.2.0 (/opt/ros/humble/share/rosidl_default_generators/cmake)
[0.848s] -- Found ament_cmake_ros: 0.10.0 (/opt/ros/humble/share/ament_cmake_ros/cmake)
[1.115s] -- Using all available rosidl_typesupport_c: rosidl_typesupport_fastrtps_c;rosidl_typesupport_introspection_c
[1.218s] -- Using all available rosidl_typesupport_cpp: rosidl_typesupport_fastrtps_cpp;rosidl_typesupport_introspection_cpp
[1.236s] -- Found PythonInterp: /usr/bin/python3 (found suitable version "3.10.12", minimum required is "3.6") 
[1.237s] -- Found python_cmake_module: 0.10.0 (/opt/ros/humble/share/python_cmake_module/cmake)
[1.257s] -- Found PythonLibs: /usr/lib/x86_64-linux-gnu/libpython3.10.so (found suitable version "3.10.12", minimum required is "3.5") 
[1.258s] -- Using PYTHON_EXECUTABLE: /usr/bin/python3
[1.258s] -- Using PYTHON_INCLUDE_DIRS: /usr/include/python3.10
[1.258s] -- Using PYTHON_LIBRARIES: /usr/lib/x86_64-linux-gnu/libpython3.10.so
[1.274s] -- Found PythonExtra: .so  
[1.308s] -- Found ament_lint_auto: 0.12.11 (/opt/ros/humble/share/ament_lint_auto/cmake)
[1.326s] -- Added test 'copyright' to check source files copyright and LICENSE
[1.327s] -- Added test 'lint_cmake' to check CMake code style
[1.327s] -- Added test 'xmllint' to check XML markup files
[1.330s] -- Configuring done
[1.357s] -- Generating done
[1.359s] -- Build files have been written to: /home/synaaa/object_detection_test/build/yolov8_def
[1.365s] Invoked command in '/home/synaaa/object_detection_test/build/yolov8_def' returned '0': CMAKE_PREFIX_PATH=${CMAKE_PREFIX_PATH}:/opt/ros/humble /usr/bin/cmake /home/synaaa/object_detection_test/yolov8_def -DCMAKE_INSTALL_PREFIX=/home/synaaa/object_detection_test/install/yolov8_def
[1.367s] Invoking command in '/home/synaaa/object_detection_test/build/yolov8_def': CMAKE_PREFIX_PATH=${CMAKE_PREFIX_PATH}:/opt/ros/humble /usr/bin/cmake --build /home/synaaa/object_detection_test/build/yolov8_def -- -j16 -l16
[1.402s] [  2%] [34m[1mGenerating C code for ROS interfaces[0m
[1.410s] [  4%] [34m[1mGenerating C++ code for ROS interfaces[0m
[1.418s] [  4%] Built target ament_cmake_python_copy_yolov8_def
[1.581s] running egg_info
[1.581s] creating yolov8_def.egg-info
[1.593s] writing yolov8_def.egg-info/PKG-INFO
[1.593s] writing dependency_links to yolov8_def.egg-info/dependency_links.txt
[1.593s] writing top-level names to yolov8_def.egg-info/top_level.txt
[1.593s] writing manifest file 'yolov8_def.egg-info/SOURCES.txt'
[1.629s] reading manifest file 'yolov8_def.egg-info/SOURCES.txt'
[1.630s] writing manifest file 'yolov8_def.egg-info/SOURCES.txt'
[1.643s] [  4%] Built target yolov8_def__cpp
[1.652s] [ 10%] [34m[1mGenerating C++ type support dispatch for ROS interfaces[0m
[1.652s] [ 10%] [34m[1mGenerating C++ type support for eProsima Fast-RTPS[0m
[1.652s] [ 10%] [34m[1mGenerating C++ introspection for ROS interfaces[0m
[1.663s] [ 17%] [32mBuilding C object CMakeFiles/yolov8_def__rosidl_generator_c.dir/rosidl_generator_c/yolov8_def/msg/detail/target_offset__functions.c.o[0m
[1.663s] [ 17%] [32mBuilding C object CMakeFiles/yolov8_def__rosidl_generator_c.dir/rosidl_generator_c/yolov8_def/msg/detail/yolo_raw_info__functions.c.o[0m
[1.663s] [ 17%] [32mBuilding C object CMakeFiles/yolov8_def__rosidl_generator_c.dir/rosidl_generator_c/yolov8_def/msg/detail/boundingboxresult__functions.c.o[0m
[1.673s] [ 17%] Built target ament_cmake_python_build_yolov8_def_egg
[1.702s] [ 19%] [32m[1mLinking C shared library libyolov8_def__rosidl_generator_c.so[0m
[1.735s] [ 19%] Built target yolov8_def__rosidl_generator_c
[1.745s] [ 25%] [34m[1mGenerating C type support for eProsima Fast-RTPS[0m
[1.745s] [ 25%] [34m[1mGenerating C introspection for ROS interfaces[0m
[1.745s] [ 25%] [34m[1mGenerating C type support dispatch for ROS interfaces[0m
[1.859s] [ 31%] [32mBuilding CXX object CMakeFiles/yolov8_def__rosidl_typesupport_cpp.dir/rosidl_typesupport_cpp/yolov8_def/msg/boundingboxresult__type_support.cpp.o[0m
[1.859s] [ 31%] [32mBuilding CXX object CMakeFiles/yolov8_def__rosidl_typesupport_cpp.dir/rosidl_typesupport_cpp/yolov8_def/msg/target_offset__type_support.cpp.o[0m
[1.859s] [ 31%] [32mBuilding CXX object CMakeFiles/yolov8_def__rosidl_typesupport_cpp.dir/rosidl_typesupport_cpp/yolov8_def/msg/yolo_raw_info__type_support.cpp.o[0m
[1.889s] [ 34%] [32mBuilding CXX object CMakeFiles/yolov8_def__rosidl_typesupport_introspection_cpp.dir/rosidl_typesupport_introspection_cpp/yolov8_def/msg/detail/boundingboxresult__type_support.cpp.o[0m
[1.891s] [ 38%] [32mBuilding CXX object CMakeFiles/yolov8_def__rosidl_typesupport_introspection_cpp.dir/rosidl_typesupport_introspection_cpp/yolov8_def/msg/detail/yolo_raw_info__type_support.cpp.o[0m
[1.891s] [ 38%] [32mBuilding CXX object CMakeFiles/yolov8_def__rosidl_typesupport_introspection_cpp.dir/rosidl_typesupport_introspection_cpp/yolov8_def/msg/detail/target_offset__type_support.cpp.o[0m
[1.928s] [ 44%] [32mBuilding CXX object CMakeFiles/yolov8_def__rosidl_typesupport_fastrtps_cpp.dir/rosidl_typesupport_fastrtps_cpp/yolov8_def/msg/detail/dds_fastrtps/yolo_raw_info__type_support.cpp.o[0m
[1.928s] [ 44%] [32mBuilding CXX object CMakeFiles/yolov8_def__rosidl_typesupport_fastrtps_cpp.dir/rosidl_typesupport_fastrtps_cpp/yolov8_def/msg/detail/dds_fastrtps/boundingboxresult__type_support.cpp.o[0m
[1.928s] [ 44%] [32mBuilding CXX object CMakeFiles/yolov8_def__rosidl_typesupport_fastrtps_cpp.dir/rosidl_typesupport_fastrtps_cpp/yolov8_def/msg/detail/dds_fastrtps/target_offset__type_support.cpp.o[0m
[1.995s] [ 48%] [32mBuilding CXX object CMakeFiles/yolov8_def__rosidl_typesupport_c.dir/rosidl_typesupport_c/yolov8_def/msg/yolo_raw_info__type_support.cpp.o[0m
[1.995s] [ 48%] [32mBuilding CXX object CMakeFiles/yolov8_def__rosidl_typesupport_c.dir/rosidl_typesupport_c/yolov8_def/msg/target_offset__type_support.cpp.o[0m
[1.996s] [ 51%] [32mBuilding CXX object CMakeFiles/yolov8_def__rosidl_typesupport_c.dir/rosidl_typesupport_c/yolov8_def/msg/boundingboxresult__type_support.cpp.o[0m
[2.043s] [ 53%] [32m[1mLinking CXX shared library libyolov8_def__rosidl_typesupport_c.so[0m
[2.067s] [ 57%] [32mBuilding C object CMakeFiles/yolov8_def__rosidl_typesupport_introspection_c.dir/rosidl_typesupport_introspection_c/yolov8_def/msg/detail/target_offset__type_support.c.o[0m
[2.067s] [ 57%] [32mBuilding C object CMakeFiles/yolov8_def__rosidl_typesupport_introspection_c.dir/rosidl_typesupport_introspection_c/yolov8_def/msg/detail/boundingboxresult__type_support.c.o[0m
[2.068s] [ 59%] [32mBuilding C object CMakeFiles/yolov8_def__rosidl_typesupport_introspection_c.dir/rosidl_typesupport_introspection_c/yolov8_def/msg/detail/yolo_raw_info__type_support.c.o[0m
[2.091s] [ 63%] [32mBuilding CXX object CMakeFiles/yolov8_def__rosidl_typesupport_fastrtps_c.dir/rosidl_typesupport_fastrtps_c/yolov8_def/msg/detail/boundingboxresult__type_support_c.cpp.o[0m
[2.091s] [ 65%] [32mBuilding CXX object CMakeFiles/yolov8_def__rosidl_typesupport_fastrtps_c.dir/rosidl_typesupport_fastrtps_c/yolov8_def/msg/detail/target_offset__type_support_c.cpp.o[0m
[2.094s] [ 65%] [32mBuilding CXX object CMakeFiles/yolov8_def__rosidl_typesupport_fastrtps_c.dir/rosidl_typesupport_fastrtps_c/yolov8_def/msg/detail/yolo_raw_info__type_support_c.cpp.o[0m
[2.108s] [ 65%] Built target yolov8_def__rosidl_typesupport_c
[2.123s] [ 68%] [32m[1mLinking C shared library libyolov8_def__rosidl_typesupport_introspection_c.so[0m
[2.175s] [ 68%] Built target yolov8_def__rosidl_typesupport_introspection_c
[2.201s] [ 70%] [32m[1mLinking CXX shared library libyolov8_def__rosidl_typesupport_cpp.so[0m
[2.268s] [ 70%] Built target yolov8_def__rosidl_typesupport_cpp
[2.339s] [ 72%] [32m[1mLinking CXX shared library libyolov8_def__rosidl_typesupport_introspection_cpp.so[0m
[2.386s] [ 74%] [32m[1mLinking CXX shared library libyolov8_def__rosidl_typesupport_fastrtps_cpp.so[0m
[2.419s] [ 74%] Built target yolov8_def__rosidl_typesupport_introspection_cpp
[2.457s] [ 74%] Built target yolov8_def__rosidl_typesupport_fastrtps_cpp
[2.469s] [ 76%] [32m[1mLinking CXX shared library libyolov8_def__rosidl_typesupport_fastrtps_c.so[0m
[2.527s] [ 76%] Built target yolov8_def__rosidl_typesupport_fastrtps_c
[2.545s] [ 76%] Built target yolov8_def
[2.562s] [ 78%] [34m[1mGenerating Python code for ROS interfaces[0m
[2.884s] [ 78%] Built target yolov8_def__py
[2.903s] [ 85%] [32mBuilding C object CMakeFiles/yolov8_def__rosidl_generator_py.dir/rosidl_generator_py/yolov8_def/msg/_target_offset_s.c.o[0m
[2.903s] [ 85%] [32mBuilding C object CMakeFiles/yolov8_def__rosidl_generator_py.dir/rosidl_generator_py/yolov8_def/msg/_yolo_raw_info_s.c.o[0m
[2.903s] [ 85%] [32mBuilding C object CMakeFiles/yolov8_def__rosidl_generator_py.dir/rosidl_generator_py/yolov8_def/msg/_boundingboxresult_s.c.o[0m
[2.980s] [ 87%] [32m[1mLinking C shared library rosidl_generator_py/yolov8_def/libyolov8_def__rosidl_generator_py.so[0m
[3.015s] [ 87%] Built target yolov8_def__rosidl_generator_py
[3.034s] [ 93%] [32mBuilding C object CMakeFiles/yolov8_def__rosidl_typesupport_fastrtps_c__pyext.dir/rosidl_generator_py/yolov8_def/_yolov8_def_s.ep.rosidl_typesupport_fastrtps_c.c.o[0m
[3.034s] [ 93%] [32mBuilding C object CMakeFiles/yolov8_def__rosidl_typesupport_introspection_c__pyext.dir/rosidl_generator_py/yolov8_def/_yolov8_def_s.ep.rosidl_typesupport_introspection_c.c.o[0m
[3.034s] [ 93%] [32mBuilding C object CMakeFiles/yolov8_def__rosidl_typesupport_c__pyext.dir/rosidl_generator_py/yolov8_def/_yolov8_def_s.ep.rosidl_typesupport_c.c.o[0m
[3.113s] [100%] [32m[1mLinking C shared library rosidl_generator_py/yolov8_def/yolov8_def_s__rosidl_typesupport_introspection_c.cpython-310-x86_64-linux-gnu.so[0m
[3.113s] [100%] [32m[1mLinking C shared library rosidl_generator_py/yolov8_def/yolov8_def_s__rosidl_typesupport_c.cpython-310-x86_64-linux-gnu.so[0m
[3.113s] [100%] [32m[1mLinking C shared library rosidl_generator_py/yolov8_def/yolov8_def_s__rosidl_typesupport_fastrtps_c.cpython-310-x86_64-linux-gnu.so[0m
[3.146s] [100%] Built target yolov8_def__rosidl_typesupport_introspection_c__pyext
[3.146s] [100%] Built target yolov8_def__rosidl_typesupport_fastrtps_c__pyext
[3.146s] [100%] Built target yolov8_def__rosidl_typesupport_c__pyext
[3.157s] Invoked command in '/home/synaaa/object_detection_test/build/yolov8_def' returned '0': CMAKE_PREFIX_PATH=${CMAKE_PREFIX_PATH}:/opt/ros/humble /usr/bin/cmake --build /home/synaaa/object_detection_test/build/yolov8_def -- -j16 -l16
[3.251s] Invoking command in '/home/synaaa/object_detection_test/build/yolov8_def': CMAKE_PREFIX_PATH=${CMAKE_PREFIX_PATH}:/opt/ros/humble /usr/bin/cmake --install /home/synaaa/object_detection_test/build/yolov8_def
[3.257s] -- Install configuration: ""
[3.257s] -- Installing: /home/synaaa/object_detection_test/install/yolov8_def/share/ament_index/resource_index/rosidl_interfaces/yolov8_def
[3.258s] -- Installing: /home/synaaa/object_detection_test/install/yolov8_def/include/yolov8_def/yolov8_def
[3.258s] -- Installing: /home/synaaa/object_detection_test/install/yolov8_def/include/yolov8_def/yolov8_def/msg
[3.258s] -- Installing: /home/synaaa/object_detection_test/install/yolov8_def/include/yolov8_def/yolov8_def/msg/yolo_raw_info.h
[3.258s] -- Installing: /home/synaaa/object_detection_test/install/yolov8_def/include/yolov8_def/yolov8_def/msg/target_offset.h
[3.258s] -- Installing: /home/synaaa/object_detection_test/install/yolov8_def/include/yolov8_def/yolov8_def/msg/rosidl_generator_c__visibility_control.h
[3.258s] -- Installing: /home/synaaa/object_detection_test/install/yolov8_def/include/yolov8_def/yolov8_def/msg/detail
[3.258s] -- Installing: /home/synaaa/object_detection_test/install/yolov8_def/include/yolov8_def/yolov8_def/msg/detail/yolo_raw_info__functions.c
[3.258s] -- Installing: /home/synaaa/object_detection_test/install/yolov8_def/include/yolov8_def/yolov8_def/msg/detail/boundingboxresult__functions.h
[3.258s] -- Installing: /home/synaaa/object_detection_test/install/yolov8_def/include/yolov8_def/yolov8_def/msg/detail/yolo_raw_info__struct.h
[3.258s] -- Installing: /home/synaaa/object_detection_test/install/yolov8_def/include/yolov8_def/yolov8_def/msg/detail/boundingboxresult__struct.h
[3.259s] -- Installing: /home/synaaa/object_detection_test/install/yolov8_def/include/yolov8_def/yolov8_def/msg/detail/target_offset__struct.h
[3.259s] -- Installing: /home/synaaa/object_detection_test/install/yolov8_def/include/yolov8_def/yolov8_def/msg/detail/boundingboxresult__functions.c
[3.259s] -- Installing: /home/synaaa/object_detection_test/install/yolov8_def/include/yolov8_def/yolov8_def/msg/detail/target_offset__type_support.h
[3.259s] -- Installing: /home/synaaa/object_detection_test/install/yolov8_def/include/yolov8_def/yolov8_def/msg/detail/boundingboxresult__type_support.h
[3.259s] -- Installing: /home/synaaa/object_detection_test/install/yolov8_def/include/yolov8_def/yolov8_def/msg/detail/yolo_raw_info__type_support.h
[3.259s] -- Installing: /home/synaaa/object_detection_test/install/yolov8_def/include/yolov8_def/yolov8_def/msg/detail/target_offset__functions.h
[3.259s] -- Installing: /home/synaaa/object_detection_test/install/yolov8_def/include/yolov8_def/yolov8_def/msg/detail/yolo_raw_info__functions.h
[3.259s] -- Installing: /home/synaaa/object_detection_test/install/yolov8_def/include/yolov8_def/yolov8_def/msg/detail/target_offset__functions.c
[3.259s] -- Installing: /home/synaaa/object_detection_test/install/yolov8_def/include/yolov8_def/yolov8_def/msg/boundingboxresult.h
[3.260s] -- Installing: /home/synaaa/object_detection_test/install/yolov8_def/share/yolov8_def/environment/library_path.sh
[3.260s] -- Installing: /home/synaaa/object_detection_test/install/yolov8_def/share/yolov8_def/environment/library_path.dsv
[3.260s] -- Installing: /home/synaaa/object_detection_test/install/yolov8_def/lib/libyolov8_def__rosidl_generator_c.so
[3.260s] -- Set runtime path of "/home/synaaa/object_detection_test/install/yolov8_def/lib/libyolov8_def__rosidl_generator_c.so" to ""
[3.260s] -- Up-to-date: /home/synaaa/object_detection_test/install/yolov8_def/include/yolov8_def/yolov8_def
[3.260s] -- Up-to-date: /home/synaaa/object_detection_test/install/yolov8_def/include/yolov8_def/yolov8_def/msg
[3.260s] -- Up-to-date: /home/synaaa/object_detection_test/install/yolov8_def/include/yolov8_def/yolov8_def/msg/detail
[3.260s] -- Installing: /home/synaaa/object_detection_test/install/yolov8_def/include/yolov8_def/yolov8_def/msg/detail/boundingboxresult__rosidl_typesupport_fastrtps_c.h
[3.261s] -- Installing: /home/synaaa/object_detection_test/install/yolov8_def/include/yolov8_def/yolov8_def/msg/detail/yolo_raw_info__rosidl_typesupport_fastrtps_c.h
[3.261s] -- Installing: /home/synaaa/object_detection_test/install/yolov8_def/include/yolov8_def/yolov8_def/msg/detail/target_offset__rosidl_typesupport_fastrtps_c.h
[3.261s] -- Installing: /home/synaaa/object_detection_test/install/yolov8_def/include/yolov8_def/yolov8_def/msg/rosidl_typesupport_fastrtps_c__visibility_control.h
[3.261s] -- Installing: /home/synaaa/object_detection_test/install/yolov8_def/lib/libyolov8_def__rosidl_typesupport_fastrtps_c.so
[3.261s] -- Set runtime path of "/home/synaaa/object_detection_test/install/yolov8_def/lib/libyolov8_def__rosidl_typesupport_fastrtps_c.so" to ""
[3.261s] -- Up-to-date: /home/synaaa/object_detection_test/install/yolov8_def/include/yolov8_def/yolov8_def
[3.261s] -- Up-to-date: /home/synaaa/object_detection_test/install/yolov8_def/include/yolov8_def/yolov8_def/msg
[3.261s] -- Installing: /home/synaaa/object_detection_test/install/yolov8_def/include/yolov8_def/yolov8_def/msg/target_offset.hpp
[3.261s] -- Installing: /home/synaaa/object_detection_test/install/yolov8_def/include/yolov8_def/yolov8_def/msg/boundingboxresult.hpp
[3.261s] -- Up-to-date: /home/synaaa/object_detection_test/install/yolov8_def/include/yolov8_def/yolov8_def/msg/detail
[3.261s] -- Installing: /home/synaaa/object_detection_test/install/yolov8_def/include/yolov8_def/yolov8_def/msg/detail/boundingboxresult__struct.hpp
[3.262s] -- Installing: /home/synaaa/object_detection_test/install/yolov8_def/include/yolov8_def/yolov8_def/msg/detail/yolo_raw_info__struct.hpp
[3.262s] -- Installing: /home/synaaa/object_detection_test/install/yolov8_def/include/yolov8_def/yolov8_def/msg/detail/yolo_raw_info__traits.hpp
[3.262s] -- Installing: /home/synaaa/object_detection_test/install/yolov8_def/include/yolov8_def/yolov8_def/msg/detail/yolo_raw_info__builder.hpp
[3.262s] -- Installing: /home/synaaa/object_detection_test/install/yolov8_def/include/yolov8_def/yolov8_def/msg/detail/boundingboxresult__builder.hpp
[3.262s] -- Installing: /home/synaaa/object_detection_test/install/yolov8_def/include/yolov8_def/yolov8_def/msg/detail/target_offset__builder.hpp
[3.262s] -- Installing: /home/synaaa/object_detection_test/install/yolov8_def/include/yolov8_def/yolov8_def/msg/detail/target_offset__struct.hpp
[3.262s] -- Installing: /home/synaaa/object_detection_test/install/yolov8_def/include/yolov8_def/yolov8_def/msg/detail/target_offset__traits.hpp
[3.262s] -- Installing: /home/synaaa/object_detection_test/install/yolov8_def/include/yolov8_def/yolov8_def/msg/detail/boundingboxresult__traits.hpp
[3.262s] -- Installing: /home/synaaa/object_detection_test/install/yolov8_def/include/yolov8_def/yolov8_def/msg/yolo_raw_info.hpp
[3.263s] -- Up-to-date: /home/synaaa/object_detection_test/install/yolov8_def/include/yolov8_def/yolov8_def
[3.263s] -- Up-to-date: /home/synaaa/object_detection_test/install/yolov8_def/include/yolov8_def/yolov8_def/msg
[3.263s] -- Installing: /home/synaaa/object_detection_test/install/yolov8_def/include/yolov8_def/yolov8_def/msg/rosidl_typesupport_fastrtps_cpp__visibility_control.h
[3.263s] -- Up-to-date: /home/synaaa/object_detection_test/install/yolov8_def/include/yolov8_def/yolov8_def/msg/detail
[3.263s] -- Installing: /home/synaaa/object_detection_test/install/yolov8_def/include/yolov8_def/yolov8_def/msg/detail/yolo_raw_info__rosidl_typesupport_fastrtps_cpp.hpp
[3.263s] -- Installing: /home/synaaa/object_detection_test/install/yolov8_def/include/yolov8_def/yolov8_def/msg/detail/target_offset__rosidl_typesupport_fastrtps_cpp.hpp
[3.263s] -- Installing: /home/synaaa/object_detection_test/install/yolov8_def/include/yolov8_def/yolov8_def/msg/detail/boundingboxresult__rosidl_typesupport_fastrtps_cpp.hpp
[3.263s] -- Installing: /home/synaaa/object_detection_test/install/yolov8_def/include/yolov8_def/yolov8_def/msg/detail/dds_fastrtps
[3.263s] -- Installing: /home/synaaa/object_detection_test/install/yolov8_def/lib/libyolov8_def__rosidl_typesupport_fastrtps_cpp.so
[3.264s] -- Set runtime path of "/home/synaaa/object_detection_test/install/yolov8_def/lib/libyolov8_def__rosidl_typesupport_fastrtps_cpp.so" to ""
[3.264s] -- Up-to-date: /home/synaaa/object_detection_test/install/yolov8_def/include/yolov8_def/yolov8_def
[3.264s] -- Up-to-date: /home/synaaa/object_detection_test/install/yolov8_def/include/yolov8_def/yolov8_def/msg
[3.264s] -- Installing: /home/synaaa/object_detection_test/install/yolov8_def/include/yolov8_def/yolov8_def/msg/rosidl_typesupport_introspection_c__visibility_control.h
[3.264s] -- Up-to-date: /home/synaaa/object_detection_test/install/yolov8_def/include/yolov8_def/yolov8_def/msg/detail
[3.264s] -- Installing: /home/synaaa/object_detection_test/install/yolov8_def/include/yolov8_def/yolov8_def/msg/detail/target_offset__type_support.c
[3.264s] -- Installing: /home/synaaa/object_detection_test/install/yolov8_def/include/yolov8_def/yolov8_def/msg/detail/boundingboxresult__rosidl_typesupport_introspection_c.h
[3.264s] -- Installing: /home/synaaa/object_detection_test/install/yolov8_def/include/yolov8_def/yolov8_def/msg/detail/target_offset__rosidl_typesupport_introspection_c.h
[3.264s] -- Installing: /home/synaaa/object_detection_test/install/yolov8_def/include/yolov8_def/yolov8_def/msg/detail/yolo_raw_info__type_support.c
[3.264s] -- Installing: /home/synaaa/object_detection_test/install/yolov8_def/include/yolov8_def/yolov8_def/msg/detail/boundingboxresult__type_support.c
[3.264s] -- Installing: /home/synaaa/object_detection_test/install/yolov8_def/include/yolov8_def/yolov8_def/msg/detail/yolo_raw_info__rosidl_typesupport_introspection_c.h
[3.264s] -- Installing: /home/synaaa/object_detection_test/install/yolov8_def/lib/libyolov8_def__rosidl_typesupport_introspection_c.so
[3.265s] -- Set runtime path of "/home/synaaa/object_detection_test/install/yolov8_def/lib/libyolov8_def__rosidl_typesupport_introspection_c.so" to ""
[3.265s] -- Installing: /home/synaaa/object_detection_test/install/yolov8_def/lib/libyolov8_def__rosidl_typesupport_c.so
[3.265s] -- Set runtime path of "/home/synaaa/object_detection_test/install/yolov8_def/lib/libyolov8_def__rosidl_typesupport_c.so" to ""
[3.265s] -- Up-to-date: /home/synaaa/object_detection_test/install/yolov8_def/include/yolov8_def/yolov8_def
[3.265s] -- Up-to-date: /home/synaaa/object_detection_test/install/yolov8_def/include/yolov8_def/yolov8_def/msg
[3.265s] -- Up-to-date: /home/synaaa/object_detection_test/install/yolov8_def/include/yolov8_def/yolov8_def/msg/detail
[3.265s] -- Installing: /home/synaaa/object_detection_test/install/yolov8_def/include/yolov8_def/yolov8_def/msg/detail/yolo_raw_info__type_support.cpp
[3.265s] -- Installing: /home/synaaa/object_detection_test/install/yolov8_def/include/yolov8_def/yolov8_def/msg/detail/boundingboxresult__rosidl_typesupport_introspection_cpp.hpp
[3.265s] -- Installing: /home/synaaa/object_detection_test/install/yolov8_def/include/yolov8_def/yolov8_def/msg/detail/target_offset__type_support.cpp
[3.266s] -- Installing: /home/synaaa/object_detection_test/install/yolov8_def/include/yolov8_def/yolov8_def/msg/detail/yolo_raw_info__rosidl_typesupport_introspection_cpp.hpp
[3.266s] -- Installing: /home/synaaa/object_detection_test/install/yolov8_def/include/yolov8_def/yolov8_def/msg/detail/target_offset__rosidl_typesupport_introspection_cpp.hpp
[3.266s] -- Installing: /home/synaaa/object_detection_test/install/yolov8_def/include/yolov8_def/yolov8_def/msg/detail/boundingboxresult__type_support.cpp
[3.266s] -- Installing: /home/synaaa/object_detection_test/install/yolov8_def/lib/libyolov8_def__rosidl_typesupport_introspection_cpp.so
[3.266s] -- Set runtime path of "/home/synaaa/object_detection_test/install/yolov8_def/lib/libyolov8_def__rosidl_typesupport_introspection_cpp.so" to ""
[3.266s] -- Installing: /home/synaaa/object_detection_test/install/yolov8_def/lib/libyolov8_def__rosidl_typesupport_cpp.so
[3.267s] -- Set runtime path of "/home/synaaa/object_detection_test/install/yolov8_def/lib/libyolov8_def__rosidl_typesupport_cpp.so" to ""
[3.267s] -- Installing: /home/synaaa/object_detection_test/install/yolov8_def/share/yolov8_def/environment/pythonpath.sh
[3.267s] -- Installing: /home/synaaa/object_detection_test/install/yolov8_def/share/yolov8_def/environment/pythonpath.dsv
[3.267s] -- Installing: /home/synaaa/object_detection_test/install/yolov8_def/local/lib/python3.10/dist-packages/yolov8_def-0.0.0-py3.10.egg-info
[3.267s] -- Installing: /home/synaaa/object_detection_test/install/yolov8_def/local/lib/python3.10/dist-packages/yolov8_def-0.0.0-py3.10.egg-info/dependency_links.txt
[3.267s] -- Installing: /home/synaaa/object_detection_test/install/yolov8_def/local/lib/python3.10/dist-packages/yolov8_def-0.0.0-py3.10.egg-info/top_level.txt
[3.267s] -- Installing: /home/synaaa/object_detection_test/install/yolov8_def/local/lib/python3.10/dist-packages/yolov8_def-0.0.0-py3.10.egg-info/PKG-INFO
[3.267s] -- Installing: /home/synaaa/object_detection_test/install/yolov8_def/local/lib/python3.10/dist-packages/yolov8_def-0.0.0-py3.10.egg-info/SOURCES.txt
[3.268s] -- Installing: /home/synaaa/object_detection_test/install/yolov8_def/local/lib/python3.10/dist-packages/yolov8_def
[3.268s] -- Installing: /home/synaaa/object_detection_test/install/yolov8_def/local/lib/python3.10/dist-packages/yolov8_def/libyolov8_def__rosidl_generator_py.so
[3.268s] -- Installing: /home/synaaa/object_detection_test/install/yolov8_def/local/lib/python3.10/dist-packages/yolov8_def/_yolov8_def_s.ep.rosidl_typesupport_fastrtps_c.c
[3.268s] -- Installing: /home/synaaa/object_detection_test/install/yolov8_def/local/lib/python3.10/dist-packages/yolov8_def/msg
[3.268s] -- Installing: /home/synaaa/object_detection_test/install/yolov8_def/local/lib/python3.10/dist-packages/yolov8_def/msg/_target_offset.py
[3.268s] -- Installing: /home/synaaa/object_detection_test/install/yolov8_def/local/lib/python3.10/dist-packages/yolov8_def/msg/_boundingboxresult.py
[3.268s] -- Installing: /home/synaaa/object_detection_test/install/yolov8_def/local/lib/python3.10/dist-packages/yolov8_def/msg/_yolo_raw_info_s.c
[3.268s] -- Installing: /home/synaaa/object_detection_test/install/yolov8_def/local/lib/python3.10/dist-packages/yolov8_def/msg/_yolo_raw_info.py
[3.268s] -- Installing: /home/synaaa/object_detection_test/install/yolov8_def/local/lib/python3.10/dist-packages/yolov8_def/msg/_boundingboxresult_s.c
[3.269s] -- Installing: /home/synaaa/object_detection_test/install/yolov8_def/local/lib/python3.10/dist-packages/yolov8_def/msg/_target_offset_s.c
[3.269s] -- Installing: /home/synaaa/object_detection_test/install/yolov8_def/local/lib/python3.10/dist-packages/yolov8_def/msg/__init__.py
[3.269s] -- Installing: /home/synaaa/object_detection_test/install/yolov8_def/local/lib/python3.10/dist-packages/yolov8_def/yolov8_def_s__rosidl_typesupport_introspection_c.cpython-310-x86_64-linux-gnu.so
[3.269s] -- Installing: /home/synaaa/object_detection_test/install/yolov8_def/local/lib/python3.10/dist-packages/yolov8_def/_yolov8_def_s.ep.rosidl_typesupport_c.c
[3.269s] -- Installing: /home/synaaa/object_detection_test/install/yolov8_def/local/lib/python3.10/dist-packages/yolov8_def/yolov8_def_s__rosidl_typesupport_c.cpython-310-x86_64-linux-gnu.so
[3.269s] -- Installing: /home/synaaa/object_detection_test/install/yolov8_def/local/lib/python3.10/dist-packages/yolov8_def/__init__.py
[3.269s] -- Installing: /home/synaaa/object_detection_test/install/yolov8_def/local/lib/python3.10/dist-packages/yolov8_def/yolov8_def_s__rosidl_typesupport_fastrtps_c.cpython-310-x86_64-linux-gnu.so
[3.269s] -- Installing: /home/synaaa/object_detection_test/install/yolov8_def/local/lib/python3.10/dist-packages/yolov8_def/_yolov8_def_s.ep.rosidl_typesupport_introspection_c.c
[3.295s] Listing '/home/synaaa/object_detection_test/install/yolov8_def/local/lib/python3.10/dist-packages/yolov8_def'...
[3.295s] Compiling '/home/synaaa/object_detection_test/install/yolov8_def/local/lib/python3.10/dist-packages/yolov8_def/__init__.py'...
[3.295s] Listing '/home/synaaa/object_detection_test/install/yolov8_def/local/lib/python3.10/dist-packages/yolov8_def/msg'...
[3.295s] Compiling '/home/synaaa/object_detection_test/install/yolov8_def/local/lib/python3.10/dist-packages/yolov8_def/msg/__init__.py'...
[3.296s] Compiling '/home/synaaa/object_detection_test/install/yolov8_def/local/lib/python3.10/dist-packages/yolov8_def/msg/_boundingboxresult.py'...
[3.296s] Compiling '/home/synaaa/object_detection_test/install/yolov8_def/local/lib/python3.10/dist-packages/yolov8_def/msg/_target_offset.py'...
[3.296s] Compiling '/home/synaaa/object_detection_test/install/yolov8_def/local/lib/python3.10/dist-packages/yolov8_def/msg/_yolo_raw_info.py'...
[3.299s] -- Installing: /home/synaaa/object_detection_test/install/yolov8_def/local/lib/python3.10/dist-packages/yolov8_def/yolov8_def_s__rosidl_typesupport_fastrtps_c.cpython-310-x86_64-linux-gnu.so
[3.299s] -- Set runtime path of "/home/synaaa/object_detection_test/install/yolov8_def/local/lib/python3.10/dist-packages/yolov8_def/yolov8_def_s__rosidl_typesupport_fastrtps_c.cpython-310-x86_64-linux-gnu.so" to ""
[3.299s] -- Installing: /home/synaaa/object_detection_test/install/yolov8_def/local/lib/python3.10/dist-packages/yolov8_def/yolov8_def_s__rosidl_typesupport_introspection_c.cpython-310-x86_64-linux-gnu.so
[3.300s] -- Set runtime path of "/home/synaaa/object_detection_test/install/yolov8_def/local/lib/python3.10/dist-packages/yolov8_def/yolov8_def_s__rosidl_typesupport_introspection_c.cpython-310-x86_64-linux-gnu.so" to ""
[3.300s] -- Installing: /home/synaaa/object_detection_test/install/yolov8_def/local/lib/python3.10/dist-packages/yolov8_def/yolov8_def_s__rosidl_typesupport_c.cpython-310-x86_64-linux-gnu.so
[3.300s] -- Set runtime path of "/home/synaaa/object_detection_test/install/yolov8_def/local/lib/python3.10/dist-packages/yolov8_def/yolov8_def_s__rosidl_typesupport_c.cpython-310-x86_64-linux-gnu.so" to ""
[3.300s] -- Installing: /home/synaaa/object_detection_test/install/yolov8_def/lib/libyolov8_def__rosidl_generator_py.so
[3.300s] -- Set runtime path of "/home/synaaa/object_detection_test/install/yolov8_def/lib/libyolov8_def__rosidl_generator_py.so" to ""
[3.300s] -- Installing: /home/synaaa/object_detection_test/install/yolov8_def/share/yolov8_def/msg/Boundingboxresult.idl
[3.301s] -- Installing: /home/synaaa/object_detection_test/install/yolov8_def/share/yolov8_def/msg/YoloRawInfo.idl
[3.301s] -- Installing: /home/synaaa/object_detection_test/install/yolov8_def/share/yolov8_def/msg/TargetOffset.idl
[3.301s] -- Installing: /home/synaaa/object_detection_test/install/yolov8_def/share/yolov8_def/msg/Boundingboxresult.msg
[3.301s] -- Installing: /home/synaaa/object_detection_test/install/yolov8_def/share/yolov8_def/msg/YoloRawInfo.msg
[3.301s] -- Installing: /home/synaaa/object_detection_test/install/yolov8_def/share/yolov8_def/msg/TargetOffset.msg
[3.301s] -- Installing: /home/synaaa/object_detection_test/install/yolov8_def/share/ament_index/resource_index/package_run_dependencies/yolov8_def
[3.301s] -- Installing: /home/synaaa/object_detection_test/install/yolov8_def/share/ament_index/resource_index/parent_prefix_path/yolov8_def
[3.301s] -- Installing: /home/synaaa/object_detection_test/install/yolov8_def/share/yolov8_def/environment/ament_prefix_path.sh
[3.302s] -- Installing: /home/synaaa/object_detection_test/install/yolov8_def/share/yolov8_def/environment/ament_prefix_path.dsv
[3.302s] -- Installing: /home/synaaa/object_detection_test/install/yolov8_def/share/yolov8_def/environment/path.sh
[3.302s] -- Installing: /home/synaaa/object_detection_test/install/yolov8_def/share/yolov8_def/environment/path.dsv
[3.302s] -- Installing: /home/synaaa/object_detection_test/install/yolov8_def/share/yolov8_def/local_setup.bash
[3.302s] -- Installing: /home/synaaa/object_detection_test/install/yolov8_def/share/yolov8_def/local_setup.sh
[3.302s] -- Installing: /home/synaaa/object_detection_test/install/yolov8_def/share/yolov8_def/local_setup.zsh
[3.302s] -- Installing: /home/synaaa/object_detection_test/install/yolov8_def/share/yolov8_def/local_setup.dsv
[3.302s] -- Installing: /home/synaaa/object_detection_test/install/yolov8_def/share/yolov8_def/package.dsv
[3.303s] -- Installing: /home/synaaa/object_detection_test/install/yolov8_def/share/ament_index/resource_index/packages/yolov8_def
[3.303s] -- Installing: /home/synaaa/object_detection_test/install/yolov8_def/share/yolov8_def/cmake/export_yolov8_def__rosidl_generator_cExport.cmake
[3.303s] -- Installing: /home/synaaa/object_detection_test/install/yolov8_def/share/yolov8_def/cmake/export_yolov8_def__rosidl_generator_cExport-noconfig.cmake
[3.303s] -- Installing: /home/synaaa/object_detection_test/install/yolov8_def/share/yolov8_def/cmake/export_yolov8_def__rosidl_typesupport_fastrtps_cExport.cmake
[3.303s] -- Installing: /home/synaaa/object_detection_test/install/yolov8_def/share/yolov8_def/cmake/export_yolov8_def__rosidl_typesupport_fastrtps_cExport-noconfig.cmake
[3.303s] -- Installing: /home/synaaa/object_detection_test/install/yolov8_def/share/yolov8_def/cmake/export_yolov8_def__rosidl_generator_cppExport.cmake
[3.303s] -- Installing: /home/synaaa/object_detection_test/install/yolov8_def/share/yolov8_def/cmake/export_yolov8_def__rosidl_typesupport_fastrtps_cppExport.cmake
[3.303s] -- Installing: /home/synaaa/object_detection_test/install/yolov8_def/share/yolov8_def/cmake/export_yolov8_def__rosidl_typesupport_fastrtps_cppExport-noconfig.cmake
[3.304s] -- Installing: /home/synaaa/object_detection_test/install/yolov8_def/share/yolov8_def/cmake/yolov8_def__rosidl_typesupport_introspection_cExport.cmake
[3.304s] -- Installing: /home/synaaa/object_detection_test/install/yolov8_def/share/yolov8_def/cmake/yolov8_def__rosidl_typesupport_introspection_cExport-noconfig.cmake
[3.304s] -- Installing: /home/synaaa/object_detection_test/install/yolov8_def/share/yolov8_def/cmake/yolov8_def__rosidl_typesupport_cExport.cmake
[3.304s] -- Installing: /home/synaaa/object_detection_test/install/yolov8_def/share/yolov8_def/cmake/yolov8_def__rosidl_typesupport_cExport-noconfig.cmake
[3.304s] -- Installing: /home/synaaa/object_detection_test/install/yolov8_def/share/yolov8_def/cmake/yolov8_def__rosidl_typesupport_introspection_cppExport.cmake
[3.304s] -- Installing: /home/synaaa/object_detection_test/install/yolov8_def/share/yolov8_def/cmake/yolov8_def__rosidl_typesupport_introspection_cppExport-noconfig.cmake
[3.304s] -- Installing: /home/synaaa/object_detection_test/install/yolov8_def/share/yolov8_def/cmake/yolov8_def__rosidl_typesupport_cppExport.cmake
[3.305s] -- Installing: /home/synaaa/object_detection_test/install/yolov8_def/share/yolov8_def/cmake/yolov8_def__rosidl_typesupport_cppExport-noconfig.cmake
[3.305s] -- Installing: /home/synaaa/object_detection_test/install/yolov8_def/share/yolov8_def/cmake/export_yolov8_def__rosidl_generator_pyExport.cmake
[3.305s] -- Installing: /home/synaaa/object_detection_test/install/yolov8_def/share/yolov8_def/cmake/export_yolov8_def__rosidl_generator_pyExport-noconfig.cmake
[3.305s] -- Installing: /home/synaaa/object_detection_test/install/yolov8_def/share/yolov8_def/cmake/rosidl_cmake-extras.cmake
[3.305s] -- Installing: /home/synaaa/object_detection_test/install/yolov8_def/share/yolov8_def/cmake/ament_cmake_export_dependencies-extras.cmake
[3.305s] -- Installing: /home/synaaa/object_detection_test/install/yolov8_def/share/yolov8_def/cmake/ament_cmake_export_include_directories-extras.cmake
[3.305s] -- Installing: /home/synaaa/object_detection_test/install/yolov8_def/share/yolov8_def/cmake/ament_cmake_export_libraries-extras.cmake
[3.305s] -- Installing: /home/synaaa/object_detection_test/install/yolov8_def/share/yolov8_def/cmake/ament_cmake_export_targets-extras.cmake
[3.306s] -- Installing: /home/synaaa/object_detection_test/install/yolov8_def/share/yolov8_def/cmake/rosidl_cmake_export_typesupport_targets-extras.cmake
[3.306s] -- Installing: /home/synaaa/object_detection_test/install/yolov8_def/share/yolov8_def/cmake/rosidl_cmake_export_typesupport_libraries-extras.cmake
[3.306s] -- Installing: /home/synaaa/object_detection_test/install/yolov8_def/share/yolov8_def/cmake/yolov8_defConfig.cmake
[3.306s] -- Installing: /home/synaaa/object_detection_test/install/yolov8_def/share/yolov8_def/cmake/yolov8_defConfig-version.cmake
[3.306s] -- Installing: /home/synaaa/object_detection_test/install/yolov8_def/share/yolov8_def/package.xml
[3.308s] Invoked command in '/home/synaaa/object_detection_test/build/yolov8_def' returned '0': CMAKE_PREFIX_PATH=${CMAKE_PREFIX_PATH}:/opt/ros/humble /usr/bin/cmake --install /home/synaaa/object_detection_test/build/yolov8_def
