-- Install configuration: ""
-- Up-to-date: /home/synaaa/object_detection_test/install/yolov8/share/yolov8//scripts
-- Up-to-date: /home/synaaa/object_detection_test/install/yolov8/share/yolov8//scripts/yolov8_model.py
-- Up-to-date: /home/synaaa/object_detection_test/install/yolov8/share/yolov8//scripts/best.pt
-- Up-to-date: /home/synaaa/object_detection_test/install/yolov8/share/yolov8//scripts/yolov8_TargetFollower.py
-- Up-to-date: /home/synaaa/object_detection_test/install/yolov8/share/yolov8//launch
-- Up-to-date: /home/synaaa/object_detection_test/install/yolov8/share/yolov8//launch/launch_yolov8.py
-- Up-to-date: /home/synaaa/object_detection_test/install/yolov8/lib/yolov8/yolov8_model.py
-- Up-to-date: /home/synaaa/object_detection_test/install/yolov8/lib/yolov8/yolov8_TargetFollower.py
-- Up-to-date: /home/synaaa/object_detection_test/install/yolov8/lib/yolov8/launch_yolov8.py
-- Up-to-date: /home/synaaa/object_detection_test/install/yolov8/share/ament_index/resource_index/package_run_dependencies/yolov8
-- Up-to-date: /home/synaaa/object_detection_test/install/yolov8/share/ament_index/resource_index/parent_prefix_path/yolov8
-- Up-to-date: /home/synaaa/object_detection_test/install/yolov8/share/yolov8/environment/ament_prefix_path.sh
-- Up-to-date: /home/synaaa/object_detection_test/install/yolov8/share/yolov8/environment/ament_prefix_path.dsv
-- Up-to-date: /home/synaaa/object_detection_test/install/yolov8/share/yolov8/environment/path.sh
-- Up-to-date: /home/synaaa/object_detection_test/install/yolov8/share/yolov8/environment/path.dsv
-- Up-to-date: /home/synaaa/object_detection_test/install/yolov8/share/yolov8/local_setup.bash
-- Up-to-date: /home/synaaa/object_detection_test/install/yolov8/share/yolov8/local_setup.sh
-- Up-to-date: /home/synaaa/object_detection_test/install/yolov8/share/yolov8/local_setup.zsh
-- Up-to-date: /home/synaaa/object_detection_test/install/yolov8/share/yolov8/local_setup.dsv
-- Installing: /home/synaaa/object_detection_test/install/yolov8/share/yolov8/package.dsv
-- Up-to-date: /home/synaaa/object_detection_test/install/yolov8/share/ament_index/resource_index/packages/yolov8
-- Up-to-date: /home/synaaa/object_detection_test/install/yolov8/share/yolov8/cmake/yolov8Config.cmake
-- Up-to-date: /home/synaaa/object_detection_test/install/yolov8/share/yolov8/cmake/yolov8Config-version.cmake
-- Up-to-date: /home/synaaa/object_detection_test/install/yolov8/share/yolov8/package.xml
